03-Feb-22 13:09:23 - INFO - Log file /Users/jan/Documents/Python_Projects/Bachelorthesis/log/03-Feb-22_13:09:23.log created
03-Feb-22 13:09:23 - INFO - Spiegel: Start scraping Spiegel news page...
03-Feb-22 13:09:23 - INFO - Spiegel: Scraping Spiegel @ https://www.spiegel.de/schlagzeilen/
03-Feb-22 13:09:23 - INFO - Starting Chromedriver with @ https://www.spiegel.de/schlagzeilen/ and loadingTime 10s
03-Feb-22 13:09:38 - INFO - Spiegel: Switching to Spiegel CookieWindow with XPATH: //iframe[contains(@id,'sp_message_iframe_541484')]
03-Feb-22 13:09:38 - ERROR - Spiegel: Can't find cookie window for Spiegel news page
03-Feb-22 13:09:38 - ERROR - Message: no such window: window was already closed
  (Session info: chrome=97.0.4692.99)
Stacktrace:
0   chromedriver                        0x00000001030b8280 chromedriver + 4833920
1   chromedriver                        0x000000010304cbf8 chromedriver + 4393976
2   chromedriver                        0x0000000102c42c84 chromedriver + 158852
3   chromedriver                        0x0000000102c33b28 chromedriver + 97064
4   chromedriver                        0x0000000102c2e4fc chromedriver + 75004
5   chromedriver                        0x0000000102c9b918 chromedriver + 522520
6   chromedriver                        0x0000000102c677e0 chromedriver + 309216
7   chromedriver                        0x000000010307a828 chromedriver + 4581416
8   chromedriver                        0x000000010308f450 chromedriver + 4666448
9   chromedriver                        0x0000000103093d1c chromedriver + 4685084
10  chromedriver                        0x000000010308fc28 chromedriver + 4668456
11  chromedriver                        0x0000000103070610 chromedriver + 4539920
12  chromedriver                        0x00000001030a982c chromedriver + 4773932
13  chromedriver                        0x00000001030a99a0 chromedriver + 4774304
14  chromedriver                        0x00000001030bee44 chromedriver + 4861508
15  libsystem_pthread.dylib             0x00000001b474d240 _pthread_start + 148
16  libsystem_pthread.dylib             0x00000001b4748024 thread_start + 8

03-Feb-22 13:09:44 - ERROR - Spiegel: Can't find cookie window for Spiegel news page
03-Feb-22 13:09:44 - ERROR - Message: no such window: window was already closed
  (Session info: chrome=97.0.4692.99)
Stacktrace:
0   chromedriver                        0x00000001030b8280 chromedriver + 4833920
1   chromedriver                        0x000000010304cbf8 chromedriver + 4393976
2   chromedriver                        0x0000000102c42c84 chromedriver + 158852
3   chromedriver                        0x0000000102c33b28 chromedriver + 97064
4   chromedriver                        0x0000000102c2e4fc chromedriver + 75004
5   chromedriver                        0x0000000102c9b918 chromedriver + 522520
6   chromedriver                        0x0000000102c677e0 chromedriver + 309216
7   chromedriver                        0x000000010307a828 chromedriver + 4581416
8   chromedriver                        0x000000010308f450 chromedriver + 4666448
9   chromedriver                        0x0000000103093d1c chromedriver + 4685084
10  chromedriver                        0x000000010308fc28 chromedriver + 4668456
11  chromedriver                        0x0000000103070610 chromedriver + 4539920
12  chromedriver                        0x00000001030a982c chromedriver + 4773932
13  chromedriver                        0x00000001030a99a0 chromedriver + 4774304
14  chromedriver                        0x00000001030bee44 chromedriver + 4861508
15  libsystem_pthread.dylib             0x00000001b474d240 _pthread_start + 148
16  libsystem_pthread.dylib             0x00000001b4748024 thread_start + 8

03-Feb-22 13:09:49 - ERROR - Spiegel: Can't find cookie window for Spiegel news page
03-Feb-22 13:09:49 - ERROR - Message: no such window: window was already closed
  (Session info: chrome=97.0.4692.99)
Stacktrace:
0   chromedriver                        0x00000001030b8280 chromedriver + 4833920
1   chromedriver                        0x000000010304cbf8 chromedriver + 4393976
2   chromedriver                        0x0000000102c42c84 chromedriver + 158852
3   chromedriver                        0x0000000102c33b28 chromedriver + 97064
4   chromedriver                        0x0000000102c2e4fc chromedriver + 75004
5   chromedriver                        0x0000000102c9b918 chromedriver + 522520
6   chromedriver                        0x0000000102c677e0 chromedriver + 309216
7   chromedriver                        0x000000010307a828 chromedriver + 4581416
8   chromedriver                        0x000000010308f450 chromedriver + 4666448
9   chromedriver                        0x0000000103093d1c chromedriver + 4685084
10  chromedriver                        0x000000010308fc28 chromedriver + 4668456
11  chromedriver                        0x0000000103070610 chromedriver + 4539920
12  chromedriver                        0x00000001030a982c chromedriver + 4773932
13  chromedriver                        0x00000001030a99a0 chromedriver + 4774304
14  chromedriver                        0x00000001030bee44 chromedriver + 4861508
15  libsystem_pthread.dylib             0x00000001b474d240 _pthread_start + 148
16  libsystem_pthread.dylib             0x00000001b4748024 thread_start + 8

03-Feb-22 13:09:54 - ERROR - Spiegel:  Error while switching to frame and accepting cookies...
03-Feb-22 13:09:54 - ERROR - local variable 'iframe' referenced before assignment
03-Feb-22 13:09:59 - ERROR - Spiegel:  Error while switching to frame and accepting cookies...
03-Feb-22 13:09:59 - ERROR - local variable 'iframe' referenced before assignment
03-Feb-22 13:10:04 - ERROR - Spiegel:  Error while switching to frame and accepting cookies...
03-Feb-22 13:10:04 - ERROR - local variable 'iframe' referenced before assignment
03-Feb-22 13:10:09 - INFO - Spiegel: Scrolling down to bottom of page
