05-Feb-22 18:30:59 - INFO - Log file /Users/jan/Documents/Python_Projects/Bachelorthesis/log/05-Feb-22_18:30:59.log created
05-Feb-22 18:30:59 - INFO - Spiegel: Start scraping Spiegel news page...
05-Feb-22 18:30:59 - INFO - Spiegel: Scraping Spiegel @ https://www.spiegel.de/schlagzeilen/
05-Feb-22 18:30:59 - INFO - Starting Chromedriver with @ https://www.spiegel.de/schlagzeilen/ and loadingTime 10s
05-Feb-22 18:31:18 - INFO - Spiegel: Switching to Spiegel CookieWindow with XPATH: //iframe[contains(@id,'sp_message_iframe_541484')]
05-Feb-22 18:31:18 - ERROR - Spiegel: Can't find cookie window for Spiegel news page
05-Feb-22 18:31:18 - ERROR - Message: no such window: target window already closed
from unknown error: web view not found
  (Session info: chrome=97.0.4692.99)
Stacktrace:
0   chromedriver                        0x0000000102c54280 chromedriver + 4833920
1   chromedriver                        0x0000000102be8bf8 chromedriver + 4393976
2   chromedriver                        0x00000001027dec84 chromedriver + 158852
3   chromedriver                        0x00000001027c250c chromedriver + 42252
4   chromedriver                        0x000000010282a244 chromedriver + 467524
5   chromedriver                        0x00000001028378c8 chromedriver + 522440
6   chromedriver                        0x00000001028037e0 chromedriver + 309216
7   chromedriver                        0x0000000102c16828 chromedriver + 4581416
8   chromedriver                        0x0000000102c2b450 chromedriver + 4666448
9   chromedriver                        0x0000000102c2fd1c chromedriver + 4685084
10  chromedriver                        0x0000000102c2bc28 chromedriver + 4668456
11  chromedriver                        0x0000000102c0c610 chromedriver + 4539920
12  chromedriver                        0x0000000102c4582c chromedriver + 4773932
13  chromedriver                        0x0000000102c459a0 chromedriver + 4774304
14  chromedriver                        0x0000000102c5ae44 chromedriver + 4861508
15  libsystem_pthread.dylib             0x00000001b474d240 _pthread_start + 148
16  libsystem_pthread.dylib             0x00000001b4748024 thread_start + 8

05-Feb-22 18:31:23 - ERROR - Spiegel: Can't find cookie window for Spiegel news page
05-Feb-22 18:31:23 - ERROR - Message: no such window: target window already closed
from unknown error: web view not found
  (Session info: chrome=97.0.4692.99)
Stacktrace:
0   chromedriver                        0x0000000102c54280 chromedriver + 4833920
1   chromedriver                        0x0000000102be8bf8 chromedriver + 4393976
2   chromedriver                        0x00000001027dec84 chromedriver + 158852
3   chromedriver                        0x00000001027c250c chromedriver + 42252
4   chromedriver                        0x000000010282a244 chromedriver + 467524
5   chromedriver                        0x00000001028378c8 chromedriver + 522440
6   chromedriver                        0x00000001028037e0 chromedriver + 309216
7   chromedriver                        0x0000000102c16828 chromedriver + 4581416
8   chromedriver                        0x0000000102c2b450 chromedriver + 4666448
9   chromedriver                        0x0000000102c2fd1c chromedriver + 4685084
10  chromedriver                        0x0000000102c2bc28 chromedriver + 4668456
11  chromedriver                        0x0000000102c0c610 chromedriver + 4539920
12  chromedriver                        0x0000000102c4582c chromedriver + 4773932
13  chromedriver                        0x0000000102c459a0 chromedriver + 4774304
14  chromedriver                        0x0000000102c5ae44 chromedriver + 4861508
15  libsystem_pthread.dylib             0x00000001b474d240 _pthread_start + 148
16  libsystem_pthread.dylib             0x00000001b4748024 thread_start + 8

05-Feb-22 18:31:28 - ERROR - Spiegel: Can't find cookie window for Spiegel news page
05-Feb-22 18:31:28 - ERROR - Message: no such window: target window already closed
from unknown error: web view not found
  (Session info: chrome=97.0.4692.99)
Stacktrace:
0   chromedriver                        0x0000000102c54280 chromedriver + 4833920
1   chromedriver                        0x0000000102be8bf8 chromedriver + 4393976
2   chromedriver                        0x00000001027dec84 chromedriver + 158852
3   chromedriver                        0x00000001027c250c chromedriver + 42252
4   chromedriver                        0x000000010282a244 chromedriver + 467524
5   chromedriver                        0x00000001028378c8 chromedriver + 522440
6   chromedriver                        0x00000001028037e0 chromedriver + 309216
7   chromedriver                        0x0000000102c16828 chromedriver + 4581416
8   chromedriver                        0x0000000102c2b450 chromedriver + 4666448
9   chromedriver                        0x0000000102c2fd1c chromedriver + 4685084
10  chromedriver                        0x0000000102c2bc28 chromedriver + 4668456
11  chromedriver                        0x0000000102c0c610 chromedriver + 4539920
12  chromedriver                        0x0000000102c4582c chromedriver + 4773932
13  chromedriver                        0x0000000102c459a0 chromedriver + 4774304
14  chromedriver                        0x0000000102c5ae44 chromedriver + 4861508
15  libsystem_pthread.dylib             0x00000001b474d240 _pthread_start + 148
16  libsystem_pthread.dylib             0x00000001b4748024 thread_start + 8

05-Feb-22 18:31:33 - ERROR - Spiegel:  Error while switching to frame and accepting cookies...
05-Feb-22 18:31:33 - ERROR - local variable 'iframe' referenced before assignment
05-Feb-22 18:31:38 - ERROR - Spiegel:  Error while switching to frame and accepting cookies...
05-Feb-22 18:31:38 - ERROR - local variable 'iframe' referenced before assignment
05-Feb-22 18:31:43 - ERROR - Spiegel:  Error while switching to frame and accepting cookies...
05-Feb-22 18:31:43 - ERROR - local variable 'iframe' referenced before assignment
05-Feb-22 18:31:48 - INFO - Spiegel: Scrolling down to bottom of page
