07-Feb-22 13:46:24 - INFO - Log file /Users/jan/Documents/Python_Projects/Bachelorthesis/log/07-Feb-22_13:46:24.log created
07-Feb-22 13:46:24 - INFO - Spiegel: Start scraping Spiegel news page...
07-Feb-22 13:46:24 - INFO - Spiegel: Scraping Spiegel @ https://www.spiegel.de/schlagzeilen/
07-Feb-22 13:46:24 - INFO - Starting Chromedriver with @ https://www.spiegel.de/schlagzeilen/ and loadingTime 10s
07-Feb-22 14:12:00 - INFO - Spiegel: Switching to Spiegel CookieWindow with XPATH: //iframe[contains(@id,'sp_message_iframe_541484')]
07-Feb-22 14:12:01 - ERROR - Spiegel: Can't find cookie window for Spiegel news page
07-Feb-22 14:12:01 - ERROR - Message: no such element: Unable to locate element: {"method":"xpath","selector":"//iframe[contains(@id,'sp_message_iframe_541484')]"}
  (Session info: chrome=97.0.4692.99)
Stacktrace:
0   chromedriver                        0x0000000102c54280 chromedriver + 4833920
1   chromedriver                        0x0000000102be8bf8 chromedriver + 4393976
2   chromedriver                        0x00000001027dec84 chromedriver + 158852
3   chromedriver                        0x000000010280e950 chromedriver + 354640
4   chromedriver                        0x0000000102838114 chromedriver + 524564
5   chromedriver                        0x00000001028037e0 chromedriver + 309216
6   chromedriver                        0x0000000102c16828 chromedriver + 4581416
7   chromedriver                        0x0000000102c2b450 chromedriver + 4666448
8   chromedriver                        0x0000000102c2fd1c chromedriver + 4685084
9   chromedriver                        0x0000000102c2bc28 chromedriver + 4668456
10  chromedriver                        0x0000000102c0c610 chromedriver + 4539920
11  chromedriver                        0x0000000102c4582c chromedriver + 4773932
12  chromedriver                        0x0000000102c459a0 chromedriver + 4774304
13  chromedriver                        0x0000000102c5ae44 chromedriver + 4861508
14  libsystem_pthread.dylib             0x00000001b474d240 _pthread_start + 148
15  libsystem_pthread.dylib             0x00000001b4748024 thread_start + 8

07-Feb-22 14:12:06 - ERROR - Spiegel: Can't find cookie window for Spiegel news page
07-Feb-22 14:12:06 - ERROR - Message: no such element: Unable to locate element: {"method":"xpath","selector":"//iframe[contains(@id,'sp_message_iframe_541484')]"}
  (Session info: chrome=97.0.4692.99)
Stacktrace:
0   chromedriver                        0x0000000102c54280 chromedriver + 4833920
1   chromedriver                        0x0000000102be8bf8 chromedriver + 4393976
2   chromedriver                        0x00000001027dec84 chromedriver + 158852
3   chromedriver                        0x000000010280e950 chromedriver + 354640
4   chromedriver                        0x0000000102838114 chromedriver + 524564
5   chromedriver                        0x00000001028037e0 chromedriver + 309216
6   chromedriver                        0x0000000102c16828 chromedriver + 4581416
7   chromedriver                        0x0000000102c2b450 chromedriver + 4666448
8   chromedriver                        0x0000000102c2fd1c chromedriver + 4685084
9   chromedriver                        0x0000000102c2bc28 chromedriver + 4668456
10  chromedriver                        0x0000000102c0c610 chromedriver + 4539920
11  chromedriver                        0x0000000102c4582c chromedriver + 4773932
12  chromedriver                        0x0000000102c459a0 chromedriver + 4774304
13  chromedriver                        0x0000000102c5ae44 chromedriver + 4861508
14  libsystem_pthread.dylib             0x00000001b474d240 _pthread_start + 148
15  libsystem_pthread.dylib             0x00000001b4748024 thread_start + 8

07-Feb-22 14:12:21 - ERROR - Spiegel: Can't find cookie window for Spiegel news page
07-Feb-22 14:12:21 - ERROR - Message: no such element: Unable to locate element: {"method":"xpath","selector":"//iframe[contains(@id,'sp_message_iframe_541484')]"}
  (Session info: chrome=97.0.4692.99)
Stacktrace:
0   chromedriver                        0x0000000102c54280 chromedriver + 4833920
1   chromedriver                        0x0000000102be8bf8 chromedriver + 4393976
2   chromedriver                        0x00000001027dec84 chromedriver + 158852
3   chromedriver                        0x000000010280e950 chromedriver + 354640
4   chromedriver                        0x0000000102838114 chromedriver + 524564
5   chromedriver                        0x00000001028037e0 chromedriver + 309216
6   chromedriver                        0x0000000102c16828 chromedriver + 4581416
7   chromedriver                        0x0000000102c2b450 chromedriver + 4666448
8   chromedriver                        0x0000000102c2fd1c chromedriver + 4685084
9   chromedriver                        0x0000000102c2bc28 chromedriver + 4668456
10  chromedriver                        0x0000000102c0c610 chromedriver + 4539920
11  chromedriver                        0x0000000102c4582c chromedriver + 4773932
12  chromedriver                        0x0000000102c459a0 chromedriver + 4774304
13  chromedriver                        0x0000000102c5ae44 chromedriver + 4861508
14  libsystem_pthread.dylib             0x00000001b474d240 _pthread_start + 148
15  libsystem_pthread.dylib             0x00000001b4748024 thread_start + 8

07-Feb-22 14:28:24 - ERROR - Spiegel:  Error while switching to frame and accepting cookies...
07-Feb-22 14:28:24 - ERROR - local variable 'iframe' referenced before assignment
07-Feb-22 14:28:29 - ERROR - Spiegel:  Error while switching to frame and accepting cookies...
07-Feb-22 14:28:29 - ERROR - local variable 'iframe' referenced before assignment
07-Feb-22 14:45:15 - ERROR - Spiegel:  Error while switching to frame and accepting cookies...
07-Feb-22 14:45:15 - ERROR - local variable 'iframe' referenced before assignment
07-Feb-22 15:02:28 - INFO - Spiegel: Scrolling down to bottom of page
07-Feb-22 15:02:28 - INFO - Spiegel Creating html file @ /Users/jan/Documents/Python_Projects/Bachelorthesis/HTML_Backlog/
07-Feb-22 15:02:28 - INFO - Spiegel: Creating html file @ /Users/jan/Documents/Python_Projects/Bachelorthesis/HTML_Backlog//Spiegel_07022022_15_02_28.html
07-Feb-22 15:02:28 - INFO - Spiegel: Check if html already created
07-Feb-22 15:02:28 - INFO - Spiegel: Spiegel_07022022_15_02_28.html doesnt exist yet
07-Feb-22 15:02:28 - INFO - Spiegel: Successfully saved file @ /Users/jan/Documents/Python_Projects/Bachelorthesis/HTML_Backlog//Spiegel_07022022_15_02_28.html
07-Feb-22 15:02:28 - INFO - _______________________________________________________________________
07-Feb-22 15:02:28 - INFO - Sueddeutsche: Start scraping Sueddeutsche news page...
07-Feb-22 15:02:28 - INFO - Sueddeutsche: Scraping Sueddeutsche @ https://www.sueddeutsche.de/news
07-Feb-22 15:02:28 - INFO - Starting Chromedriver with @ https://www.sueddeutsche.de/news and loadingTime 10s
07-Feb-22 15:43:02 - INFO - Sueddeutsche: Switching to Sueddeutsche CookieWindow with XPATH: //iframe[contains(@id,'sp_message_iframe_596049')]
07-Feb-22 15:43:02 - INFO - Sueddeutsche: Found cookie window...
07-Feb-22 15:43:02 - INFO - Sueddeutsche: Accepting Cookies with XPATH: //*[@id="notice"]/div[3]/div/div/button[1]
07-Feb-22 15:43:02 - INFO - Sueddeutsche: Accepting cookies successfull
07-Feb-22 15:43:02 - INFO - Sueddeutsche: Starting to get Sueddeutsche0
07-Feb-22 15:43:02 - INFO - Sueddeutsche0 Creating html file @ /Users/jan/Documents/Python_Projects/Bachelorthesis/HTML_Backlog/
07-Feb-22 15:43:02 - INFO - Sueddeutsche0: Creating html file @ /Users/jan/Documents/Python_Projects/Bachelorthesis/HTML_Backlog//Sueddeutsche0_07022022_15_43_02.html
07-Feb-22 15:43:02 - INFO - Sueddeutsche0: Check if html already created
07-Feb-22 15:43:02 - INFO - Sueddeutsche0: Sueddeutsche0_07022022_15_43_02.html doesnt exist yet
07-Feb-22 15:43:02 - INFO - Sueddeutsche0: Successfully saved file @ /Users/jan/Documents/Python_Projects/Bachelorthesis/HTML_Backlog//Sueddeutsche0_07022022_15_43_02.html
07-Feb-22 15:43:02 - INFO - _______________________________________________________________________
07-Feb-22 15:58:12 - INFO - Sueddeutsche: Starting to get Sueddeutsche1
07-Feb-22 15:58:12 - INFO - Sueddeutsche1 Creating html file @ /Users/jan/Documents/Python_Projects/Bachelorthesis/HTML_Backlog/
07-Feb-22 15:58:12 - INFO - Sueddeutsche1: Creating html file @ /Users/jan/Documents/Python_Projects/Bachelorthesis/HTML_Backlog//Sueddeutsche1_07022022_15_58_12.html
07-Feb-22 15:58:12 - INFO - Sueddeutsche1: Check if html already created
07-Feb-22 15:58:12 - INFO - Sueddeutsche1: Sueddeutsche1_07022022_15_58_12.html doesnt exist yet
07-Feb-22 15:58:12 - INFO - Sueddeutsche1: Successfully saved file @ /Users/jan/Documents/Python_Projects/Bachelorthesis/HTML_Backlog//Sueddeutsche1_07022022_15_58_12.html
07-Feb-22 15:58:12 - INFO - _______________________________________________________________________
07-Feb-22 15:58:17 - INFO - Sueddeutsche: Starting to get Sueddeutsche2
07-Feb-22 15:58:17 - INFO - Sueddeutsche2 Creating html file @ /Users/jan/Documents/Python_Projects/Bachelorthesis/HTML_Backlog/
07-Feb-22 15:58:17 - INFO - Sueddeutsche2: Creating html file @ /Users/jan/Documents/Python_Projects/Bachelorthesis/HTML_Backlog//Sueddeutsche2_07022022_15_58_17.html
07-Feb-22 15:58:17 - INFO - Sueddeutsche2: Check if html already created
07-Feb-22 15:58:17 - INFO - Sueddeutsche2: Sueddeutsche2_07022022_15_58_17.html doesnt exist yet
07-Feb-22 15:58:17 - INFO - Sueddeutsche2: Successfully saved file @ /Users/jan/Documents/Python_Projects/Bachelorthesis/HTML_Backlog//Sueddeutsche2_07022022_15_58_17.html
07-Feb-22 15:58:17 - INFO - _______________________________________________________________________
07-Feb-22 16:13:49 - INFO - Sueddeutsche: Starting to get Sueddeutsche3
07-Feb-22 16:13:49 - INFO - Sueddeutsche3 Creating html file @ /Users/jan/Documents/Python_Projects/Bachelorthesis/HTML_Backlog/
07-Feb-22 16:13:49 - INFO - Sueddeutsche3: Creating html file @ /Users/jan/Documents/Python_Projects/Bachelorthesis/HTML_Backlog//Sueddeutsche3_07022022_16_13_49.html
07-Feb-22 16:13:49 - INFO - Sueddeutsche3: Check if html already created
07-Feb-22 16:13:49 - INFO - Sueddeutsche3: Sueddeutsche3_07022022_16_13_49.html doesnt exist yet
07-Feb-22 16:13:49 - INFO - Sueddeutsche3: Successfully saved file @ /Users/jan/Documents/Python_Projects/Bachelorthesis/HTML_Backlog//Sueddeutsche3_07022022_16_13_49.html
07-Feb-22 16:13:49 - INFO - _______________________________________________________________________
07-Feb-22 16:31:02 - INFO - Sueddeutsche: Starting to get Sueddeutsche4
07-Feb-22 16:31:02 - INFO - Sueddeutsche4 Creating html file @ /Users/jan/Documents/Python_Projects/Bachelorthesis/HTML_Backlog/
07-Feb-22 16:31:02 - INFO - Sueddeutsche4: Creating html file @ /Users/jan/Documents/Python_Projects/Bachelorthesis/HTML_Backlog//Sueddeutsche4_07022022_16_31_02.html
07-Feb-22 16:31:02 - INFO - Sueddeutsche4: Check if html already created
07-Feb-22 16:31:02 - INFO - Sueddeutsche4: Sueddeutsche4_07022022_16_31_02.html doesnt exist yet
07-Feb-22 16:31:02 - INFO - Sueddeutsche4: Successfully saved file @ /Users/jan/Documents/Python_Projects/Bachelorthesis/HTML_Backlog//Sueddeutsche4_07022022_16_31_02.html
07-Feb-22 16:31:02 - INFO - _______________________________________________________________________
07-Feb-22 16:47:23 - INFO - Sueddeutsche: Starting to get Sueddeutsche5
07-Feb-22 16:47:23 - INFO - Sueddeutsche5 Creating html file @ /Users/jan/Documents/Python_Projects/Bachelorthesis/HTML_Backlog/
07-Feb-22 16:47:23 - INFO - Sueddeutsche5: Creating html file @ /Users/jan/Documents/Python_Projects/Bachelorthesis/HTML_Backlog//Sueddeutsche5_07022022_16_47_23.html
07-Feb-22 16:47:23 - INFO - Sueddeutsche5: Check if html already created
07-Feb-22 16:47:23 - INFO - Sueddeutsche5: Sueddeutsche5_07022022_16_47_23.html doesnt exist yet
07-Feb-22 16:47:23 - INFO - Sueddeutsche5: Successfully saved file @ /Users/jan/Documents/Python_Projects/Bachelorthesis/HTML_Backlog//Sueddeutsche5_07022022_16_47_23.html
07-Feb-22 16:47:23 - INFO - _______________________________________________________________________
07-Feb-22 16:47:28 - INFO - Sueddeutsche: Starting to get Sueddeutsche6
07-Feb-22 17:02:49 - INFO - Sueddeutsche6 Creating html file @ /Users/jan/Documents/Python_Projects/Bachelorthesis/HTML_Backlog/
07-Feb-22 17:02:49 - INFO - Sueddeutsche6: Creating html file @ /Users/jan/Documents/Python_Projects/Bachelorthesis/HTML_Backlog//Sueddeutsche6_07022022_17_02_49.html
07-Feb-22 17:02:49 - INFO - Sueddeutsche6: Check if html already created
07-Feb-22 17:02:49 - INFO - Sueddeutsche6: Sueddeutsche6_07022022_17_02_49.html doesnt exist yet
07-Feb-22 17:02:49 - INFO - Sueddeutsche6: Successfully saved file @ /Users/jan/Documents/Python_Projects/Bachelorthesis/HTML_Backlog//Sueddeutsche6_07022022_17_02_49.html
07-Feb-22 17:02:49 - INFO - _______________________________________________________________________
07-Feb-22 17:02:54 - INFO - Sueddeutsche: Starting to get Sueddeutsche7
07-Feb-22 17:02:54 - INFO - Sueddeutsche7 Creating html file @ /Users/jan/Documents/Python_Projects/Bachelorthesis/HTML_Backlog/
07-Feb-22 17:02:54 - INFO - Sueddeutsche7: Creating html file @ /Users/jan/Documents/Python_Projects/Bachelorthesis/HTML_Backlog//Sueddeutsche7_07022022_17_02_54.html
07-Feb-22 17:02:54 - INFO - Sueddeutsche7: Check if html already created
07-Feb-22 17:02:54 - INFO - Sueddeutsche7: Sueddeutsche7_07022022_17_02_54.html doesnt exist yet
07-Feb-22 17:02:54 - INFO - Sueddeutsche7: Successfully saved file @ /Users/jan/Documents/Python_Projects/Bachelorthesis/HTML_Backlog//Sueddeutsche7_07022022_17_02_54.html
07-Feb-22 17:02:54 - INFO - _______________________________________________________________________
07-Feb-22 17:18:34 - INFO - Sueddeutsche: Starting to get Sueddeutsche8
07-Feb-22 17:18:34 - INFO - Sueddeutsche8 Creating html file @ /Users/jan/Documents/Python_Projects/Bachelorthesis/HTML_Backlog/
07-Feb-22 17:18:34 - INFO - Sueddeutsche8: Creating html file @ /Users/jan/Documents/Python_Projects/Bachelorthesis/HTML_Backlog//Sueddeutsche8_07022022_17_18_34.html
07-Feb-22 17:18:34 - INFO - Sueddeutsche8: Check if html already created
07-Feb-22 17:18:34 - INFO - Sueddeutsche8: Sueddeutsche8_07022022_17_18_34.html doesnt exist yet
07-Feb-22 17:18:34 - INFO - Sueddeutsche8: Successfully saved file @ /Users/jan/Documents/Python_Projects/Bachelorthesis/HTML_Backlog//Sueddeutsche8_07022022_17_18_34.html
07-Feb-22 17:18:34 - INFO - _______________________________________________________________________
07-Feb-22 17:34:14 - INFO - Sueddeutsche: Starting to get Sueddeutsche9
07-Feb-22 17:34:14 - INFO - Sueddeutsche9 Creating html file @ /Users/jan/Documents/Python_Projects/Bachelorthesis/HTML_Backlog/
07-Feb-22 17:34:14 - INFO - Sueddeutsche9: Creating html file @ /Users/jan/Documents/Python_Projects/Bachelorthesis/HTML_Backlog//Sueddeutsche9_07022022_17_34_14.html
07-Feb-22 17:34:14 - INFO - Sueddeutsche9: Check if html already created
07-Feb-22 17:34:14 - INFO - Sueddeutsche9: Sueddeutsche9_07022022_17_34_14.html doesnt exist yet
07-Feb-22 17:34:14 - INFO - Sueddeutsche9: Successfully saved file @ /Users/jan/Documents/Python_Projects/Bachelorthesis/HTML_Backlog//Sueddeutsche9_07022022_17_34_14.html
07-Feb-22 17:34:14 - INFO - _______________________________________________________________________
07-Feb-22 17:51:09 - INFO - Sueddeutsche: Starting to get Sueddeutsche10
07-Feb-22 17:51:09 - INFO - Sueddeutsche10 Creating html file @ /Users/jan/Documents/Python_Projects/Bachelorthesis/HTML_Backlog/
07-Feb-22 17:51:09 - INFO - Sueddeutsche10: Creating html file @ /Users/jan/Documents/Python_Projects/Bachelorthesis/HTML_Backlog//Sueddeutsche10_07022022_17_51_09.html
07-Feb-22 17:51:09 - INFO - Sueddeutsche10: Check if html already created
07-Feb-22 17:51:09 - INFO - Sueddeutsche10: Sueddeutsche10_07022022_17_51_09.html doesnt exist yet
07-Feb-22 17:51:09 - INFO - Sueddeutsche10: Successfully saved file @ /Users/jan/Documents/Python_Projects/Bachelorthesis/HTML_Backlog//Sueddeutsche10_07022022_17_51_09.html
07-Feb-22 17:51:09 - INFO - _______________________________________________________________________
07-Feb-22 18:08:44 - INFO - Sueddeutsche: Starting to get Sueddeutsche11
07-Feb-22 18:08:44 - INFO - Sueddeutsche11 Creating html file @ /Users/jan/Documents/Python_Projects/Bachelorthesis/HTML_Backlog/
07-Feb-22 18:08:44 - INFO - Sueddeutsche11: Creating html file @ /Users/jan/Documents/Python_Projects/Bachelorthesis/HTML_Backlog//Sueddeutsche11_07022022_18_08_44.html
07-Feb-22 18:08:44 - INFO - Sueddeutsche11: Check if html already created
07-Feb-22 18:08:44 - INFO - Sueddeutsche11: Sueddeutsche11_07022022_18_08_44.html doesnt exist yet
07-Feb-22 18:08:44 - INFO - Sueddeutsche11: Successfully saved file @ /Users/jan/Documents/Python_Projects/Bachelorthesis/HTML_Backlog//Sueddeutsche11_07022022_18_08_44.html
07-Feb-22 18:08:44 - INFO - _______________________________________________________________________
07-Feb-22 18:08:49 - INFO - Sueddeutsche: Starting to get Sueddeutsche12
07-Feb-22 18:08:49 - INFO - Sueddeutsche12 Creating html file @ /Users/jan/Documents/Python_Projects/Bachelorthesis/HTML_Backlog/
07-Feb-22 18:08:49 - INFO - Sueddeutsche12: Creating html file @ /Users/jan/Documents/Python_Projects/Bachelorthesis/HTML_Backlog//Sueddeutsche12_07022022_18_08_49.html
07-Feb-22 18:08:49 - INFO - Sueddeutsche12: Check if html already created
07-Feb-22 18:08:49 - INFO - Sueddeutsche12: Sueddeutsche12_07022022_18_08_49.html doesnt exist yet
07-Feb-22 18:08:49 - INFO - Sueddeutsche12: Successfully saved file @ /Users/jan/Documents/Python_Projects/Bachelorthesis/HTML_Backlog//Sueddeutsche12_07022022_18_08_49.html
07-Feb-22 18:08:49 - INFO - _______________________________________________________________________
07-Feb-22 18:24:27 - INFO - Sueddeutsche: Starting to get Sueddeutsche13
07-Feb-22 18:24:27 - INFO - Sueddeutsche13 Creating html file @ /Users/jan/Documents/Python_Projects/Bachelorthesis/HTML_Backlog/
07-Feb-22 18:24:27 - INFO - Sueddeutsche13: Creating html file @ /Users/jan/Documents/Python_Projects/Bachelorthesis/HTML_Backlog//Sueddeutsche13_07022022_18_24_27.html
07-Feb-22 18:24:27 - INFO - Sueddeutsche13: Check if html already created
07-Feb-22 18:24:27 - INFO - Sueddeutsche13: Sueddeutsche13_07022022_18_24_27.html doesnt exist yet
07-Feb-22 18:24:27 - INFO - Sueddeutsche13: Successfully saved file @ /Users/jan/Documents/Python_Projects/Bachelorthesis/HTML_Backlog//Sueddeutsche13_07022022_18_24_27.html
07-Feb-22 18:24:27 - INFO - _______________________________________________________________________
07-Feb-22 18:34:38 - INFO - Sueddeutsche: Starting to get Sueddeutsche14
07-Feb-22 18:34:38 - INFO - Sueddeutsche14 Creating html file @ /Users/jan/Documents/Python_Projects/Bachelorthesis/HTML_Backlog/
07-Feb-22 18:34:38 - INFO - Sueddeutsche14: Creating html file @ /Users/jan/Documents/Python_Projects/Bachelorthesis/HTML_Backlog//Sueddeutsche14_07022022_18_34_38.html
07-Feb-22 18:34:38 - INFO - Sueddeutsche14: Check if html already created
07-Feb-22 18:34:38 - INFO - Sueddeutsche14: Sueddeutsche14_07022022_18_34_38.html doesnt exist yet
07-Feb-22 18:34:38 - INFO - Sueddeutsche14: Successfully saved file @ /Users/jan/Documents/Python_Projects/Bachelorthesis/HTML_Backlog//Sueddeutsche14_07022022_18_34_38.html
07-Feb-22 18:34:38 - INFO - _______________________________________________________________________
07-Feb-22 18:49:43 - INFO - Sueddeutsche: Starting to get Sueddeutsche15
07-Feb-22 18:49:44 - INFO - Sueddeutsche15 Creating html file @ /Users/jan/Documents/Python_Projects/Bachelorthesis/HTML_Backlog/
07-Feb-22 18:49:44 - INFO - Sueddeutsche15: Creating html file @ /Users/jan/Documents/Python_Projects/Bachelorthesis/HTML_Backlog//Sueddeutsche15_07022022_18_49_44.html
07-Feb-22 18:49:44 - INFO - Sueddeutsche15: Check if html already created
07-Feb-22 18:49:44 - INFO - Sueddeutsche15: Sueddeutsche15_07022022_18_49_44.html doesnt exist yet
07-Feb-22 18:49:44 - INFO - Sueddeutsche15: Successfully saved file @ /Users/jan/Documents/Python_Projects/Bachelorthesis/HTML_Backlog//Sueddeutsche15_07022022_18_49_44.html
07-Feb-22 18:49:44 - INFO - _______________________________________________________________________
07-Feb-22 18:49:49 - INFO - Sueddeutsche: Starting to get Sueddeutsche16
07-Feb-22 18:49:49 - INFO - Sueddeutsche16 Creating html file @ /Users/jan/Documents/Python_Projects/Bachelorthesis/HTML_Backlog/
07-Feb-22 18:49:49 - INFO - Sueddeutsche16: Creating html file @ /Users/jan/Documents/Python_Projects/Bachelorthesis/HTML_Backlog//Sueddeutsche16_07022022_18_49_49.html
07-Feb-22 18:49:49 - INFO - Sueddeutsche16: Check if html already created
07-Feb-22 18:49:49 - INFO - Sueddeutsche16: Sueddeutsche16_07022022_18_49_49.html doesnt exist yet
07-Feb-22 18:49:49 - INFO - Sueddeutsche16: Successfully saved file @ /Users/jan/Documents/Python_Projects/Bachelorthesis/HTML_Backlog//Sueddeutsche16_07022022_18_49_49.html
07-Feb-22 18:49:49 - INFO - _______________________________________________________________________
07-Feb-22 19:05:53 - INFO - Sueddeutsche: Starting to get Sueddeutsche17
07-Feb-22 19:05:53 - INFO - Sueddeutsche17 Creating html file @ /Users/jan/Documents/Python_Projects/Bachelorthesis/HTML_Backlog/
07-Feb-22 19:05:53 - INFO - Sueddeutsche17: Creating html file @ /Users/jan/Documents/Python_Projects/Bachelorthesis/HTML_Backlog//Sueddeutsche17_07022022_19_05_53.html
07-Feb-22 19:05:53 - INFO - Sueddeutsche17: Check if html already created
07-Feb-22 19:05:53 - INFO - Sueddeutsche17: Sueddeutsche17_07022022_19_05_53.html doesnt exist yet
07-Feb-22 19:05:53 - INFO - Sueddeutsche17: Successfully saved file @ /Users/jan/Documents/Python_Projects/Bachelorthesis/HTML_Backlog//Sueddeutsche17_07022022_19_05_53.html
07-Feb-22 19:05:53 - INFO - _______________________________________________________________________
07-Feb-22 19:20:31 - INFO - Sueddeutsche: Starting to get Sueddeutsche18
07-Feb-22 19:20:31 - INFO - Sueddeutsche18 Creating html file @ /Users/jan/Documents/Python_Projects/Bachelorthesis/HTML_Backlog/
07-Feb-22 19:20:31 - INFO - Sueddeutsche18: Creating html file @ /Users/jan/Documents/Python_Projects/Bachelorthesis/HTML_Backlog//Sueddeutsche18_07022022_19_20_31.html
07-Feb-22 19:20:31 - INFO - Sueddeutsche18: Check if html already created
07-Feb-22 19:20:31 - INFO - Sueddeutsche18: Sueddeutsche18_07022022_19_20_31.html doesnt exist yet
07-Feb-22 19:20:31 - INFO - Sueddeutsche18: Successfully saved file @ /Users/jan/Documents/Python_Projects/Bachelorthesis/HTML_Backlog//Sueddeutsche18_07022022_19_20_31.html
07-Feb-22 19:20:31 - INFO - _______________________________________________________________________
07-Feb-22 19:20:36 - INFO - Sueddeutsche: Starting to get Sueddeutsche19
07-Feb-22 19:20:36 - INFO - Sueddeutsche19 Creating html file @ /Users/jan/Documents/Python_Projects/Bachelorthesis/HTML_Backlog/
07-Feb-22 19:20:36 - INFO - Sueddeutsche19: Creating html file @ /Users/jan/Documents/Python_Projects/Bachelorthesis/HTML_Backlog//Sueddeutsche19_07022022_19_20_36.html
07-Feb-22 19:20:36 - INFO - Sueddeutsche19: Check if html already created
07-Feb-22 19:20:36 - INFO - Sueddeutsche19: Sueddeutsche19_07022022_19_20_36.html doesnt exist yet
07-Feb-22 19:20:36 - INFO - Sueddeutsche19: Successfully saved file @ /Users/jan/Documents/Python_Projects/Bachelorthesis/HTML_Backlog//Sueddeutsche19_07022022_19_20_36.html
07-Feb-22 19:20:36 - INFO - _______________________________________________________________________
07-Feb-22 19:37:11 - INFO - Sueddeutsche: Starting to get Sueddeutsche20
07-Feb-22 19:37:11 - INFO - Sueddeutsche20 Creating html file @ /Users/jan/Documents/Python_Projects/Bachelorthesis/HTML_Backlog/
07-Feb-22 19:37:11 - INFO - Sueddeutsche20: Creating html file @ /Users/jan/Documents/Python_Projects/Bachelorthesis/HTML_Backlog//Sueddeutsche20_07022022_19_37_11.html
07-Feb-22 19:37:11 - INFO - Sueddeutsche20: Check if html already created
07-Feb-22 19:37:11 - INFO - Sueddeutsche20: Sueddeutsche20_07022022_19_37_11.html doesnt exist yet
07-Feb-22 19:37:11 - INFO - Sueddeutsche20: Successfully saved file @ /Users/jan/Documents/Python_Projects/Bachelorthesis/HTML_Backlog//Sueddeutsche20_07022022_19_37_11.html
07-Feb-22 19:37:11 - INFO - _______________________________________________________________________
07-Feb-22 19:54:01 - INFO - Bild: Start scraping Bild news page...
07-Feb-22 19:54:01 - INFO - Bild: Scraping Bild @ https://www.bild.de/home/newsticker/news/alle-news-54190636.bild.html
07-Feb-22 19:54:01 - INFO - Starting Chromedriver with @ https://www.bild.de/home/newsticker/news/alle-news-54190636.bild.html and loadingTime 10s
