09-Feb-22 21:08:08 - INFO - Log file /Users/jan/Documents/Python_Projects/Bachelorthesis/log/09-Feb-22_21:08:08.log created
09-Feb-22 21:08:08 - INFO - Spiegel: Start scraping Spiegel news page...
09-Feb-22 21:08:08 - INFO - Spiegel: Scraping Spiegel @ https://www.spiegel.de/schlagzeilen/
09-Feb-22 21:08:08 - INFO - Starting Chromedriver with @ https://www.spiegel.de/schlagzeilen/ and loadingTime 10s
09-Feb-22 21:08:25 - INFO - Spiegel: Switching to Spiegel CookieWindow with XPATH: //iframe[contains(@id,'sp_message_iframe_541484')]
09-Feb-22 21:08:25 - ERROR - Spiegel: Can't find cookie window for Spiegel news page
09-Feb-22 21:08:25 - ERROR - Message: no such window: window was already closed
  (Session info: chrome=98.0.4758.80)
Stacktrace:
0   chromedriver                        0x0000000104bbc280 chromedriver + 4833920
1   chromedriver                        0x0000000104b50bf8 chromedriver + 4393976
2   chromedriver                        0x0000000104746c84 chromedriver + 158852
3   chromedriver                        0x0000000104737b28 chromedriver + 97064
4   chromedriver                        0x00000001047324fc chromedriver + 75004
5   chromedriver                        0x000000010479f918 chromedriver + 522520
6   chromedriver                        0x000000010476b7e0 chromedriver + 309216
7   chromedriver                        0x0000000104b7e828 chromedriver + 4581416
8   chromedriver                        0x0000000104b93450 chromedriver + 4666448
9   chromedriver                        0x0000000104b97d1c chromedriver + 4685084
10  chromedriver                        0x0000000104b93c28 chromedriver + 4668456
11  chromedriver                        0x0000000104b74610 chromedriver + 4539920
12  chromedriver                        0x0000000104bad82c chromedriver + 4773932
13  chromedriver                        0x0000000104bad9a0 chromedriver + 4774304
14  chromedriver                        0x0000000104bc2e44 chromedriver + 4861508
15  libsystem_pthread.dylib             0x00000001b474d240 _pthread_start + 148
16  libsystem_pthread.dylib             0x00000001b4748024 thread_start + 8

