10-Mar-22 10:52:14 - INFO - Log file /Users/jan/Documents/Python_Projects/Bachelorthesis/log/10-Mar-22_10:52:14.log created
10-Mar-22 10:52:14 - INFO - Spiegel: Start scraping Spiegel news page...
10-Mar-22 10:52:14 - INFO - Spiegel: Scraping Spiegel @ https://www.spiegel.de/schlagzeilen/
10-Mar-22 10:52:14 - INFO - Starting Chromedriver with @ https://www.spiegel.de/schlagzeilen/ and loadingTime 10s
10-Mar-22 10:53:07 - INFO - Spiegel: Switching to Spiegel CookieWindow with XPATH: //iframe[contains(@id,'sp_message_iframe_541484')]
10-Mar-22 10:53:08 - ERROR - Spiegel: Can't find cookie window for Spiegel news page
10-Mar-22 10:53:08 - ERROR - Message: no such element: Unable to locate element: {"method":"xpath","selector":"//iframe[contains(@id,'sp_message_iframe_541484')]"}
  (Session info: chrome=99.0.4844.51)
Stacktrace:
0   chromedriver                        0x0000000104cf7370 chromedriver + 4420464
1   chromedriver                        0x0000000104c8e940 chromedriver + 3991872
2   chromedriver                        0x00000001048ee548 chromedriver + 189768
3   chromedriver                        0x000000010491cef8 chromedriver + 380664
4   chromedriver                        0x0000000104945bfc chromedriver + 547836
5   chromedriver                        0x0000000104912248 chromedriver + 336456
6   chromedriver                        0x0000000104cbb548 chromedriver + 4175176
7   chromedriver                        0x0000000104cd195c chromedriver + 4266332
8   chromedriver                        0x0000000104cd6660 chromedriver + 4286048
9   chromedriver                        0x0000000104cd2124 chromedriver + 4268324
10  chromedriver                        0x0000000104cb153c chromedriver + 4134204
11  chromedriver                        0x0000000104ce9eb0 chromedriver + 4366000
12  chromedriver                        0x0000000104cea014 chromedriver + 4366356
13  chromedriver                        0x0000000104cfda6c chromedriver + 4446828
14  libsystem_pthread.dylib             0x00000001b474d240 _pthread_start + 148
15  libsystem_pthread.dylib             0x00000001b4748024 thread_start + 8

10-Mar-22 10:53:13 - ERROR - Spiegel: Can't find cookie window for Spiegel news page
10-Mar-22 10:53:13 - ERROR - Message: no such element: Unable to locate element: {"method":"xpath","selector":"//iframe[contains(@id,'sp_message_iframe_541484')]"}
  (Session info: chrome=99.0.4844.51)
Stacktrace:
0   chromedriver                        0x0000000104cf7370 chromedriver + 4420464
1   chromedriver                        0x0000000104c8e940 chromedriver + 3991872
2   chromedriver                        0x00000001048ee548 chromedriver + 189768
3   chromedriver                        0x000000010491cef8 chromedriver + 380664
4   chromedriver                        0x0000000104945bfc chromedriver + 547836
5   chromedriver                        0x0000000104912248 chromedriver + 336456
6   chromedriver                        0x0000000104cbb548 chromedriver + 4175176
7   chromedriver                        0x0000000104cd195c chromedriver + 4266332
8   chromedriver                        0x0000000104cd6660 chromedriver + 4286048
9   chromedriver                        0x0000000104cd2124 chromedriver + 4268324
10  chromedriver                        0x0000000104cb153c chromedriver + 4134204
11  chromedriver                        0x0000000104ce9eb0 chromedriver + 4366000
12  chromedriver                        0x0000000104cea014 chromedriver + 4366356
13  chromedriver                        0x0000000104cfda6c chromedriver + 4446828
14  libsystem_pthread.dylib             0x00000001b474d240 _pthread_start + 148
15  libsystem_pthread.dylib             0x00000001b4748024 thread_start + 8

10-Mar-22 10:53:18 - ERROR - Spiegel: Can't find cookie window for Spiegel news page
10-Mar-22 10:53:18 - ERROR - Message: no such element: Unable to locate element: {"method":"xpath","selector":"//iframe[contains(@id,'sp_message_iframe_541484')]"}
  (Session info: chrome=99.0.4844.51)
Stacktrace:
0   chromedriver                        0x0000000104cf7370 chromedriver + 4420464
1   chromedriver                        0x0000000104c8e940 chromedriver + 3991872
2   chromedriver                        0x00000001048ee548 chromedriver + 189768
3   chromedriver                        0x000000010491cef8 chromedriver + 380664
4   chromedriver                        0x0000000104945bfc chromedriver + 547836
5   chromedriver                        0x0000000104912248 chromedriver + 336456
6   chromedriver                        0x0000000104cbb548 chromedriver + 4175176
7   chromedriver                        0x0000000104cd195c chromedriver + 4266332
8   chromedriver                        0x0000000104cd6660 chromedriver + 4286048
9   chromedriver                        0x0000000104cd2124 chromedriver + 4268324
10  chromedriver                        0x0000000104cb153c chromedriver + 4134204
11  chromedriver                        0x0000000104ce9eb0 chromedriver + 4366000
12  chromedriver                        0x0000000104cea014 chromedriver + 4366356
13  chromedriver                        0x0000000104cfda6c chromedriver + 4446828
14  libsystem_pthread.dylib             0x00000001b474d240 _pthread_start + 148
15  libsystem_pthread.dylib             0x00000001b4748024 thread_start + 8

10-Mar-22 10:53:23 - ERROR - Spiegel:  Error while switching to frame and accepting cookies...
10-Mar-22 10:53:23 - ERROR - local variable 'iframe' referenced before assignment
10-Mar-22 10:53:28 - ERROR - Spiegel:  Error while switching to frame and accepting cookies...
10-Mar-22 10:53:28 - ERROR - local variable 'iframe' referenced before assignment
10-Mar-22 10:53:33 - ERROR - Spiegel:  Error while switching to frame and accepting cookies...
10-Mar-22 10:53:33 - ERROR - local variable 'iframe' referenced before assignment
10-Mar-22 10:53:38 - INFO - Spiegel: Scrolling down to bottom of page
10-Mar-22 10:53:39 - INFO - Spiegel Creating html file @ /Users/jan/Documents/Python_Projects/Bachelorthesis/HTML_Backlog/
10-Mar-22 10:53:39 - INFO - Spiegel: Creating html file @ /Users/jan/Documents/Python_Projects/Bachelorthesis/HTML_Backlog//Spiegel_10032022_10_53_39.html
10-Mar-22 10:53:39 - INFO - Spiegel: Check if html already created
10-Mar-22 10:53:39 - INFO - Spiegel: Spiegel_10032022_10_53_39.html doesnt exist yet
10-Mar-22 10:53:39 - INFO - Spiegel: Successfully saved file @ /Users/jan/Documents/Python_Projects/Bachelorthesis/HTML_Backlog//Spiegel_10032022_10_53_39.html
10-Mar-22 10:53:39 - INFO - _______________________________________________________________________
10-Mar-22 10:53:39 - INFO - Sueddeutsche: Start scraping Sueddeutsche news page...
10-Mar-22 10:53:39 - INFO - Sueddeutsche: Scraping Sueddeutsche @ https://www.sueddeutsche.de/news
10-Mar-22 10:53:39 - INFO - Starting Chromedriver with @ https://www.sueddeutsche.de/news and loadingTime 10s
10-Mar-22 10:54:11 - INFO - Sueddeutsche: Switching to Sueddeutsche CookieWindow with XPATH: //iframe[contains(@id,'sp_message_iframe_596049')]
10-Mar-22 10:54:11 - INFO - Sueddeutsche: Found cookie window...
10-Mar-22 10:54:11 - INFO - Sueddeutsche: Accepting Cookies with XPATH: //*[@id="notice"]/div[3]/div/div/button[1]
10-Mar-22 10:54:11 - INFO - Sueddeutsche: Accepting cookies successfull
10-Mar-22 10:54:11 - INFO - Sueddeutsche: Starting to get Sueddeutsche0
10-Mar-22 10:54:11 - INFO - Sueddeutsche0 Creating html file @ /Users/jan/Documents/Python_Projects/Bachelorthesis/HTML_Backlog/
10-Mar-22 10:54:11 - INFO - Sueddeutsche0: Creating html file @ /Users/jan/Documents/Python_Projects/Bachelorthesis/HTML_Backlog//Sueddeutsche0_10032022_10_54_11.html
10-Mar-22 10:54:11 - INFO - Sueddeutsche0: Check if html already created
10-Mar-22 10:54:11 - INFO - Sueddeutsche0: Sueddeutsche0_10032022_10_54_11.html doesnt exist yet
10-Mar-22 10:54:11 - INFO - Sueddeutsche0: Successfully saved file @ /Users/jan/Documents/Python_Projects/Bachelorthesis/HTML_Backlog//Sueddeutsche0_10032022_10_54_11.html
10-Mar-22 10:54:11 - INFO - _______________________________________________________________________
10-Mar-22 10:54:17 - INFO - Sueddeutsche: Starting to get Sueddeutsche1
10-Mar-22 10:54:17 - INFO - Sueddeutsche1 Creating html file @ /Users/jan/Documents/Python_Projects/Bachelorthesis/HTML_Backlog/
10-Mar-22 10:54:17 - INFO - Sueddeutsche1: Creating html file @ /Users/jan/Documents/Python_Projects/Bachelorthesis/HTML_Backlog//Sueddeutsche1_10032022_10_54_17.html
10-Mar-22 10:54:17 - INFO - Sueddeutsche1: Check if html already created
10-Mar-22 10:54:17 - INFO - Sueddeutsche1: Sueddeutsche1_10032022_10_54_17.html doesnt exist yet
10-Mar-22 10:54:17 - INFO - Sueddeutsche1: Successfully saved file @ /Users/jan/Documents/Python_Projects/Bachelorthesis/HTML_Backlog//Sueddeutsche1_10032022_10_54_17.html
10-Mar-22 10:54:17 - INFO - _______________________________________________________________________
10-Mar-22 10:54:22 - INFO - Sueddeutsche: Starting to get Sueddeutsche2
10-Mar-22 10:54:22 - INFO - Sueddeutsche2 Creating html file @ /Users/jan/Documents/Python_Projects/Bachelorthesis/HTML_Backlog/
10-Mar-22 10:54:22 - INFO - Sueddeutsche2: Creating html file @ /Users/jan/Documents/Python_Projects/Bachelorthesis/HTML_Backlog//Sueddeutsche2_10032022_10_54_22.html
10-Mar-22 10:54:22 - INFO - Sueddeutsche2: Check if html already created
10-Mar-22 10:54:22 - INFO - Sueddeutsche2: Sueddeutsche2_10032022_10_54_22.html doesnt exist yet
10-Mar-22 10:54:22 - INFO - Sueddeutsche2: Successfully saved file @ /Users/jan/Documents/Python_Projects/Bachelorthesis/HTML_Backlog//Sueddeutsche2_10032022_10_54_22.html
10-Mar-22 10:54:22 - INFO - _______________________________________________________________________
10-Mar-22 10:54:27 - INFO - Sueddeutsche: Starting to get Sueddeutsche3
10-Mar-22 10:54:27 - INFO - Sueddeutsche3 Creating html file @ /Users/jan/Documents/Python_Projects/Bachelorthesis/HTML_Backlog/
10-Mar-22 10:54:27 - INFO - Sueddeutsche3: Creating html file @ /Users/jan/Documents/Python_Projects/Bachelorthesis/HTML_Backlog//Sueddeutsche3_10032022_10_54_27.html
10-Mar-22 10:54:27 - INFO - Sueddeutsche3: Check if html already created
10-Mar-22 10:54:27 - INFO - Sueddeutsche3: Sueddeutsche3_10032022_10_54_27.html doesnt exist yet
10-Mar-22 10:54:27 - INFO - Sueddeutsche3: Successfully saved file @ /Users/jan/Documents/Python_Projects/Bachelorthesis/HTML_Backlog//Sueddeutsche3_10032022_10_54_27.html
10-Mar-22 10:54:27 - INFO - _______________________________________________________________________
10-Mar-22 10:54:32 - INFO - Sueddeutsche: Starting to get Sueddeutsche4
10-Mar-22 10:54:32 - INFO - Sueddeutsche4 Creating html file @ /Users/jan/Documents/Python_Projects/Bachelorthesis/HTML_Backlog/
10-Mar-22 10:54:32 - INFO - Sueddeutsche4: Creating html file @ /Users/jan/Documents/Python_Projects/Bachelorthesis/HTML_Backlog//Sueddeutsche4_10032022_10_54_32.html
10-Mar-22 10:54:32 - INFO - Sueddeutsche4: Check if html already created
10-Mar-22 10:54:32 - INFO - Sueddeutsche4: Sueddeutsche4_10032022_10_54_32.html doesnt exist yet
10-Mar-22 10:54:32 - INFO - Sueddeutsche4: Successfully saved file @ /Users/jan/Documents/Python_Projects/Bachelorthesis/HTML_Backlog//Sueddeutsche4_10032022_10_54_32.html
10-Mar-22 10:54:32 - INFO - _______________________________________________________________________
10-Mar-22 10:54:38 - INFO - Sueddeutsche: Starting to get Sueddeutsche5
10-Mar-22 10:54:38 - INFO - Sueddeutsche5 Creating html file @ /Users/jan/Documents/Python_Projects/Bachelorthesis/HTML_Backlog/
10-Mar-22 10:54:38 - INFO - Sueddeutsche5: Creating html file @ /Users/jan/Documents/Python_Projects/Bachelorthesis/HTML_Backlog//Sueddeutsche5_10032022_10_54_38.html
10-Mar-22 10:54:38 - INFO - Sueddeutsche5: Check if html already created
10-Mar-22 10:54:38 - INFO - Sueddeutsche5: Sueddeutsche5_10032022_10_54_38.html doesnt exist yet
10-Mar-22 10:54:38 - INFO - Sueddeutsche5: Successfully saved file @ /Users/jan/Documents/Python_Projects/Bachelorthesis/HTML_Backlog//Sueddeutsche5_10032022_10_54_38.html
10-Mar-22 10:54:38 - INFO - _______________________________________________________________________
10-Mar-22 10:54:43 - INFO - Sueddeutsche: Starting to get Sueddeutsche6
10-Mar-22 10:54:43 - INFO - Sueddeutsche6 Creating html file @ /Users/jan/Documents/Python_Projects/Bachelorthesis/HTML_Backlog/
10-Mar-22 10:54:43 - INFO - Sueddeutsche6: Creating html file @ /Users/jan/Documents/Python_Projects/Bachelorthesis/HTML_Backlog//Sueddeutsche6_10032022_10_54_43.html
10-Mar-22 10:54:43 - INFO - Sueddeutsche6: Check if html already created
10-Mar-22 10:54:43 - INFO - Sueddeutsche6: Sueddeutsche6_10032022_10_54_43.html doesnt exist yet
10-Mar-22 10:54:43 - INFO - Sueddeutsche6: Successfully saved file @ /Users/jan/Documents/Python_Projects/Bachelorthesis/HTML_Backlog//Sueddeutsche6_10032022_10_54_43.html
10-Mar-22 10:54:43 - INFO - _______________________________________________________________________
10-Mar-22 10:54:48 - INFO - Sueddeutsche: Starting to get Sueddeutsche7
10-Mar-22 10:54:48 - INFO - Sueddeutsche7 Creating html file @ /Users/jan/Documents/Python_Projects/Bachelorthesis/HTML_Backlog/
10-Mar-22 10:54:48 - INFO - Sueddeutsche7: Creating html file @ /Users/jan/Documents/Python_Projects/Bachelorthesis/HTML_Backlog//Sueddeutsche7_10032022_10_54_48.html
10-Mar-22 10:54:48 - INFO - Sueddeutsche7: Check if html already created
10-Mar-22 10:54:48 - INFO - Sueddeutsche7: Sueddeutsche7_10032022_10_54_48.html doesnt exist yet
10-Mar-22 10:54:48 - INFO - Sueddeutsche7: Successfully saved file @ /Users/jan/Documents/Python_Projects/Bachelorthesis/HTML_Backlog//Sueddeutsche7_10032022_10_54_48.html
10-Mar-22 10:54:48 - INFO - _______________________________________________________________________
10-Mar-22 10:54:53 - INFO - Sueddeutsche: Starting to get Sueddeutsche8
10-Mar-22 10:54:53 - INFO - Sueddeutsche8 Creating html file @ /Users/jan/Documents/Python_Projects/Bachelorthesis/HTML_Backlog/
10-Mar-22 10:54:53 - INFO - Sueddeutsche8: Creating html file @ /Users/jan/Documents/Python_Projects/Bachelorthesis/HTML_Backlog//Sueddeutsche8_10032022_10_54_53.html
10-Mar-22 10:54:53 - INFO - Sueddeutsche8: Check if html already created
10-Mar-22 10:54:53 - INFO - Sueddeutsche8: Sueddeutsche8_10032022_10_54_53.html doesnt exist yet
10-Mar-22 10:54:53 - INFO - Sueddeutsche8: Successfully saved file @ /Users/jan/Documents/Python_Projects/Bachelorthesis/HTML_Backlog//Sueddeutsche8_10032022_10_54_53.html
10-Mar-22 10:54:53 - INFO - _______________________________________________________________________
10-Mar-22 10:54:58 - INFO - Sueddeutsche: Starting to get Sueddeutsche9
10-Mar-22 10:54:59 - INFO - Sueddeutsche9 Creating html file @ /Users/jan/Documents/Python_Projects/Bachelorthesis/HTML_Backlog/
10-Mar-22 10:54:59 - INFO - Sueddeutsche9: Creating html file @ /Users/jan/Documents/Python_Projects/Bachelorthesis/HTML_Backlog//Sueddeutsche9_10032022_10_54_59.html
10-Mar-22 10:54:59 - INFO - Sueddeutsche9: Check if html already created
10-Mar-22 10:54:59 - INFO - Sueddeutsche9: Sueddeutsche9_10032022_10_54_59.html doesnt exist yet
10-Mar-22 10:54:59 - INFO - Sueddeutsche9: Successfully saved file @ /Users/jan/Documents/Python_Projects/Bachelorthesis/HTML_Backlog//Sueddeutsche9_10032022_10_54_59.html
10-Mar-22 10:54:59 - INFO - _______________________________________________________________________
10-Mar-22 10:55:04 - INFO - Sueddeutsche: Starting to get Sueddeutsche10
10-Mar-22 10:55:04 - INFO - Sueddeutsche10 Creating html file @ /Users/jan/Documents/Python_Projects/Bachelorthesis/HTML_Backlog/
10-Mar-22 10:55:04 - INFO - Sueddeutsche10: Creating html file @ /Users/jan/Documents/Python_Projects/Bachelorthesis/HTML_Backlog//Sueddeutsche10_10032022_10_55_04.html
10-Mar-22 10:55:04 - INFO - Sueddeutsche10: Check if html already created
10-Mar-22 10:55:04 - INFO - Sueddeutsche10: Sueddeutsche10_10032022_10_55_04.html doesnt exist yet
10-Mar-22 10:55:04 - INFO - Sueddeutsche10: Successfully saved file @ /Users/jan/Documents/Python_Projects/Bachelorthesis/HTML_Backlog//Sueddeutsche10_10032022_10_55_04.html
10-Mar-22 10:55:04 - INFO - _______________________________________________________________________
10-Mar-22 10:55:09 - INFO - Sueddeutsche: Starting to get Sueddeutsche11
10-Mar-22 10:55:09 - INFO - Sueddeutsche11 Creating html file @ /Users/jan/Documents/Python_Projects/Bachelorthesis/HTML_Backlog/
10-Mar-22 10:55:09 - INFO - Sueddeutsche11: Creating html file @ /Users/jan/Documents/Python_Projects/Bachelorthesis/HTML_Backlog//Sueddeutsche11_10032022_10_55_09.html
10-Mar-22 10:55:09 - INFO - Sueddeutsche11: Check if html already created
10-Mar-22 10:55:09 - INFO - Sueddeutsche11: Sueddeutsche11_10032022_10_55_09.html doesnt exist yet
10-Mar-22 10:55:09 - INFO - Sueddeutsche11: Successfully saved file @ /Users/jan/Documents/Python_Projects/Bachelorthesis/HTML_Backlog//Sueddeutsche11_10032022_10_55_09.html
10-Mar-22 10:55:09 - INFO - _______________________________________________________________________
10-Mar-22 10:55:14 - INFO - Sueddeutsche: Starting to get Sueddeutsche12
10-Mar-22 10:55:14 - INFO - Sueddeutsche12 Creating html file @ /Users/jan/Documents/Python_Projects/Bachelorthesis/HTML_Backlog/
10-Mar-22 10:55:14 - INFO - Sueddeutsche12: Creating html file @ /Users/jan/Documents/Python_Projects/Bachelorthesis/HTML_Backlog//Sueddeutsche12_10032022_10_55_14.html
10-Mar-22 10:55:14 - INFO - Sueddeutsche12: Check if html already created
10-Mar-22 10:55:14 - INFO - Sueddeutsche12: Sueddeutsche12_10032022_10_55_14.html doesnt exist yet
10-Mar-22 10:55:14 - INFO - Sueddeutsche12: Successfully saved file @ /Users/jan/Documents/Python_Projects/Bachelorthesis/HTML_Backlog//Sueddeutsche12_10032022_10_55_14.html
10-Mar-22 10:55:14 - INFO - _______________________________________________________________________
10-Mar-22 10:55:19 - INFO - Sueddeutsche: Starting to get Sueddeutsche13
10-Mar-22 10:55:19 - INFO - Sueddeutsche13 Creating html file @ /Users/jan/Documents/Python_Projects/Bachelorthesis/HTML_Backlog/
10-Mar-22 10:55:19 - INFO - Sueddeutsche13: Creating html file @ /Users/jan/Documents/Python_Projects/Bachelorthesis/HTML_Backlog//Sueddeutsche13_10032022_10_55_19.html
10-Mar-22 10:55:19 - INFO - Sueddeutsche13: Check if html already created
10-Mar-22 10:55:19 - INFO - Sueddeutsche13: Sueddeutsche13_10032022_10_55_19.html doesnt exist yet
10-Mar-22 10:55:19 - INFO - Sueddeutsche13: Successfully saved file @ /Users/jan/Documents/Python_Projects/Bachelorthesis/HTML_Backlog//Sueddeutsche13_10032022_10_55_19.html
10-Mar-22 10:55:19 - INFO - _______________________________________________________________________
10-Mar-22 10:55:24 - INFO - Sueddeutsche: Starting to get Sueddeutsche14
10-Mar-22 10:55:24 - INFO - Sueddeutsche14 Creating html file @ /Users/jan/Documents/Python_Projects/Bachelorthesis/HTML_Backlog/
10-Mar-22 10:55:24 - INFO - Sueddeutsche14: Creating html file @ /Users/jan/Documents/Python_Projects/Bachelorthesis/HTML_Backlog//Sueddeutsche14_10032022_10_55_24.html
10-Mar-22 10:55:24 - INFO - Sueddeutsche14: Check if html already created
10-Mar-22 10:55:24 - INFO - Sueddeutsche14: Sueddeutsche14_10032022_10_55_24.html doesnt exist yet
10-Mar-22 10:55:24 - INFO - Sueddeutsche14: Successfully saved file @ /Users/jan/Documents/Python_Projects/Bachelorthesis/HTML_Backlog//Sueddeutsche14_10032022_10_55_24.html
10-Mar-22 10:55:24 - INFO - _______________________________________________________________________
10-Mar-22 10:55:29 - INFO - Sueddeutsche: Starting to get Sueddeutsche15
