13-Mar-22 07:57:18 - INFO - Log file /Users/jan/Documents/Python_Projects/Bachelorthesis/log/13-Mar-22_07:57:18.log created
13-Mar-22 07:57:18 - INFO - Spiegel: Start scraping Spiegel news page...
13-Mar-22 07:57:18 - INFO - Spiegel: Scraping Spiegel @ https://www.spiegel.de/schlagzeilen/
13-Mar-22 07:57:18 - INFO - Starting Chromedriver with @ https://www.spiegel.de/schlagzeilen/ and loadingTime 10s
13-Mar-22 07:58:06 - INFO - Spiegel: Switching to Spiegel CookieWindow with XPATH: //iframe[contains(@id,'sp_message_iframe_541484')]
13-Mar-22 07:58:07 - ERROR - Spiegel: Can't find cookie window for Spiegel news page
13-Mar-22 07:58:07 - ERROR - Message: no such element: Unable to locate element: {"method":"xpath","selector":"//iframe[contains(@id,'sp_message_iframe_541484')]"}
  (Session info: chrome=99.0.4844.51)
Stacktrace:
0   chromedriver                        0x000000010085b370 chromedriver + 4420464
1   chromedriver                        0x00000001007f2940 chromedriver + 3991872
2   chromedriver                        0x0000000100452548 chromedriver + 189768
3   chromedriver                        0x0000000100480ef8 chromedriver + 380664
4   chromedriver                        0x00000001004a9bfc chromedriver + 547836
5   chromedriver                        0x0000000100476248 chromedriver + 336456
6   chromedriver                        0x000000010081f548 chromedriver + 4175176
7   chromedriver                        0x000000010083595c chromedriver + 4266332
8   chromedriver                        0x000000010083a660 chromedriver + 4286048
9   chromedriver                        0x0000000100836124 chromedriver + 4268324
10  chromedriver                        0x000000010081553c chromedriver + 4134204
11  chromedriver                        0x000000010084deb0 chromedriver + 4366000
12  chromedriver                        0x000000010084e014 chromedriver + 4366356
13  chromedriver                        0x0000000100861a6c chromedriver + 4446828
14  libsystem_pthread.dylib             0x00000001b474d240 _pthread_start + 148
15  libsystem_pthread.dylib             0x00000001b4748024 thread_start + 8

13-Mar-22 07:58:12 - ERROR - Spiegel: Can't find cookie window for Spiegel news page
13-Mar-22 07:58:12 - ERROR - Message: no such element: Unable to locate element: {"method":"xpath","selector":"//iframe[contains(@id,'sp_message_iframe_541484')]"}
  (Session info: chrome=99.0.4844.51)
Stacktrace:
0   chromedriver                        0x000000010085b370 chromedriver + 4420464
1   chromedriver                        0x00000001007f2940 chromedriver + 3991872
2   chromedriver                        0x0000000100452548 chromedriver + 189768
3   chromedriver                        0x0000000100480ef8 chromedriver + 380664
4   chromedriver                        0x00000001004a9bfc chromedriver + 547836
5   chromedriver                        0x0000000100476248 chromedriver + 336456
6   chromedriver                        0x000000010081f548 chromedriver + 4175176
7   chromedriver                        0x000000010083595c chromedriver + 4266332
8   chromedriver                        0x000000010083a660 chromedriver + 4286048
9   chromedriver                        0x0000000100836124 chromedriver + 4268324
10  chromedriver                        0x000000010081553c chromedriver + 4134204
11  chromedriver                        0x000000010084deb0 chromedriver + 4366000
12  chromedriver                        0x000000010084e014 chromedriver + 4366356
13  chromedriver                        0x0000000100861a6c chromedriver + 4446828
14  libsystem_pthread.dylib             0x00000001b474d240 _pthread_start + 148
15  libsystem_pthread.dylib             0x00000001b4748024 thread_start + 8

13-Mar-22 07:58:17 - ERROR - Spiegel: Can't find cookie window for Spiegel news page
13-Mar-22 07:58:17 - ERROR - Message: no such element: Unable to locate element: {"method":"xpath","selector":"//iframe[contains(@id,'sp_message_iframe_541484')]"}
  (Session info: chrome=99.0.4844.51)
Stacktrace:
0   chromedriver                        0x000000010085b370 chromedriver + 4420464
1   chromedriver                        0x00000001007f2940 chromedriver + 3991872
2   chromedriver                        0x0000000100452548 chromedriver + 189768
3   chromedriver                        0x0000000100480ef8 chromedriver + 380664
4   chromedriver                        0x00000001004a9bfc chromedriver + 547836
5   chromedriver                        0x0000000100476248 chromedriver + 336456
6   chromedriver                        0x000000010081f548 chromedriver + 4175176
7   chromedriver                        0x000000010083595c chromedriver + 4266332
8   chromedriver                        0x000000010083a660 chromedriver + 4286048
9   chromedriver                        0x0000000100836124 chromedriver + 4268324
10  chromedriver                        0x000000010081553c chromedriver + 4134204
11  chromedriver                        0x000000010084deb0 chromedriver + 4366000
12  chromedriver                        0x000000010084e014 chromedriver + 4366356
13  chromedriver                        0x0000000100861a6c chromedriver + 4446828
14  libsystem_pthread.dylib             0x00000001b474d240 _pthread_start + 148
15  libsystem_pthread.dylib             0x00000001b4748024 thread_start + 8

13-Mar-22 07:58:22 - ERROR - Spiegel:  Error while switching to frame and accepting cookies...
13-Mar-22 07:58:22 - ERROR - local variable 'iframe' referenced before assignment
13-Mar-22 07:58:27 - ERROR - Spiegel:  Error while switching to frame and accepting cookies...
13-Mar-22 07:58:27 - ERROR - local variable 'iframe' referenced before assignment
13-Mar-22 07:58:32 - ERROR - Spiegel:  Error while switching to frame and accepting cookies...
13-Mar-22 07:58:32 - ERROR - local variable 'iframe' referenced before assignment
13-Mar-22 07:58:37 - INFO - Spiegel: Scrolling down to bottom of page
13-Mar-22 07:58:38 - INFO - Spiegel Creating html file @ /Users/jan/Documents/Python_Projects/Bachelorthesis/HTML_Backlog/
13-Mar-22 07:58:38 - INFO - Spiegel: Creating html file @ /Users/jan/Documents/Python_Projects/Bachelorthesis/HTML_Backlog//Spiegel_13032022_07_58_38.html
13-Mar-22 07:58:38 - INFO - Spiegel: Check if html already created
13-Mar-22 07:58:38 - INFO - Spiegel: Spiegel_13032022_07_58_38.html doesnt exist yet
13-Mar-22 07:58:38 - INFO - Spiegel: Successfully saved file @ /Users/jan/Documents/Python_Projects/Bachelorthesis/HTML_Backlog//Spiegel_13032022_07_58_38.html
13-Mar-22 07:58:38 - INFO - _______________________________________________________________________
13-Mar-22 07:58:38 - INFO - Sueddeutsche: Start scraping Sueddeutsche news page...
13-Mar-22 07:58:38 - INFO - Sueddeutsche: Scraping Sueddeutsche @ https://www.sueddeutsche.de/news
13-Mar-22 07:58:38 - INFO - Starting Chromedriver with @ https://www.sueddeutsche.de/news and loadingTime 10s
13-Mar-22 07:59:19 - INFO - Sueddeutsche: Switching to Sueddeutsche CookieWindow with XPATH: //iframe[contains(@id,'sp_message_iframe_596049')]
13-Mar-22 07:59:20 - INFO - Sueddeutsche: Found cookie window...
13-Mar-22 07:59:20 - INFO - Sueddeutsche: Accepting Cookies with XPATH: //*[@id="notice"]/div[3]/div/div/button[1]
13-Mar-22 07:59:20 - INFO - Sueddeutsche: Accepting cookies successfull
13-Mar-22 07:59:20 - INFO - Sueddeutsche: Starting to get Sueddeutsche0
13-Mar-22 07:59:20 - INFO - Sueddeutsche0 Creating html file @ /Users/jan/Documents/Python_Projects/Bachelorthesis/HTML_Backlog/
13-Mar-22 07:59:20 - INFO - Sueddeutsche0: Creating html file @ /Users/jan/Documents/Python_Projects/Bachelorthesis/HTML_Backlog//Sueddeutsche0_13032022_07_59_20.html
13-Mar-22 07:59:20 - INFO - Sueddeutsche0: Check if html already created
13-Mar-22 07:59:20 - INFO - Sueddeutsche0: Sueddeutsche0_13032022_07_59_20.html doesnt exist yet
13-Mar-22 07:59:20 - INFO - Sueddeutsche0: Successfully saved file @ /Users/jan/Documents/Python_Projects/Bachelorthesis/HTML_Backlog//Sueddeutsche0_13032022_07_59_20.html
13-Mar-22 07:59:20 - INFO - _______________________________________________________________________
13-Mar-22 07:59:25 - INFO - Sueddeutsche: Starting to get Sueddeutsche1
13-Mar-22 07:59:25 - INFO - Sueddeutsche1 Creating html file @ /Users/jan/Documents/Python_Projects/Bachelorthesis/HTML_Backlog/
13-Mar-22 07:59:25 - INFO - Sueddeutsche1: Creating html file @ /Users/jan/Documents/Python_Projects/Bachelorthesis/HTML_Backlog//Sueddeutsche1_13032022_07_59_25.html
13-Mar-22 07:59:25 - INFO - Sueddeutsche1: Check if html already created
13-Mar-22 07:59:25 - INFO - Sueddeutsche1: Sueddeutsche1_13032022_07_59_25.html doesnt exist yet
13-Mar-22 07:59:25 - INFO - Sueddeutsche1: Successfully saved file @ /Users/jan/Documents/Python_Projects/Bachelorthesis/HTML_Backlog//Sueddeutsche1_13032022_07_59_25.html
13-Mar-22 07:59:25 - INFO - _______________________________________________________________________
13-Mar-22 07:59:30 - INFO - Sueddeutsche: Starting to get Sueddeutsche2
13-Mar-22 07:59:30 - INFO - Sueddeutsche2 Creating html file @ /Users/jan/Documents/Python_Projects/Bachelorthesis/HTML_Backlog/
13-Mar-22 07:59:30 - INFO - Sueddeutsche2: Creating html file @ /Users/jan/Documents/Python_Projects/Bachelorthesis/HTML_Backlog//Sueddeutsche2_13032022_07_59_30.html
13-Mar-22 07:59:30 - INFO - Sueddeutsche2: Check if html already created
13-Mar-22 07:59:30 - INFO - Sueddeutsche2: Sueddeutsche2_13032022_07_59_30.html doesnt exist yet
13-Mar-22 07:59:30 - INFO - Sueddeutsche2: Successfully saved file @ /Users/jan/Documents/Python_Projects/Bachelorthesis/HTML_Backlog//Sueddeutsche2_13032022_07_59_30.html
13-Mar-22 07:59:30 - INFO - _______________________________________________________________________
13-Mar-22 07:59:35 - INFO - Sueddeutsche: Starting to get Sueddeutsche3
13-Mar-22 07:59:35 - INFO - Sueddeutsche3 Creating html file @ /Users/jan/Documents/Python_Projects/Bachelorthesis/HTML_Backlog/
13-Mar-22 07:59:35 - INFO - Sueddeutsche3: Creating html file @ /Users/jan/Documents/Python_Projects/Bachelorthesis/HTML_Backlog//Sueddeutsche3_13032022_07_59_35.html
13-Mar-22 07:59:35 - INFO - Sueddeutsche3: Check if html already created
13-Mar-22 07:59:35 - INFO - Sueddeutsche3: Sueddeutsche3_13032022_07_59_35.html doesnt exist yet
13-Mar-22 07:59:35 - INFO - Sueddeutsche3: Successfully saved file @ /Users/jan/Documents/Python_Projects/Bachelorthesis/HTML_Backlog//Sueddeutsche3_13032022_07_59_35.html
13-Mar-22 07:59:35 - INFO - _______________________________________________________________________
13-Mar-22 07:59:41 - INFO - Sueddeutsche: Starting to get Sueddeutsche4
13-Mar-22 07:59:41 - INFO - Sueddeutsche4 Creating html file @ /Users/jan/Documents/Python_Projects/Bachelorthesis/HTML_Backlog/
13-Mar-22 07:59:41 - INFO - Sueddeutsche4: Creating html file @ /Users/jan/Documents/Python_Projects/Bachelorthesis/HTML_Backlog//Sueddeutsche4_13032022_07_59_41.html
13-Mar-22 07:59:41 - INFO - Sueddeutsche4: Check if html already created
13-Mar-22 07:59:41 - INFO - Sueddeutsche4: Sueddeutsche4_13032022_07_59_41.html doesnt exist yet
13-Mar-22 07:59:41 - INFO - Sueddeutsche4: Successfully saved file @ /Users/jan/Documents/Python_Projects/Bachelorthesis/HTML_Backlog//Sueddeutsche4_13032022_07_59_41.html
13-Mar-22 07:59:41 - INFO - _______________________________________________________________________
13-Mar-22 07:59:46 - INFO - Sueddeutsche: Starting to get Sueddeutsche5
13-Mar-22 07:59:46 - INFO - Sueddeutsche5 Creating html file @ /Users/jan/Documents/Python_Projects/Bachelorthesis/HTML_Backlog/
13-Mar-22 07:59:46 - INFO - Sueddeutsche5: Creating html file @ /Users/jan/Documents/Python_Projects/Bachelorthesis/HTML_Backlog//Sueddeutsche5_13032022_07_59_46.html
13-Mar-22 07:59:46 - INFO - Sueddeutsche5: Check if html already created
13-Mar-22 07:59:46 - INFO - Sueddeutsche5: Sueddeutsche5_13032022_07_59_46.html doesnt exist yet
13-Mar-22 07:59:46 - INFO - Sueddeutsche5: Successfully saved file @ /Users/jan/Documents/Python_Projects/Bachelorthesis/HTML_Backlog//Sueddeutsche5_13032022_07_59_46.html
13-Mar-22 07:59:46 - INFO - _______________________________________________________________________
13-Mar-22 07:59:51 - INFO - Sueddeutsche: Starting to get Sueddeutsche6
13-Mar-22 07:59:51 - INFO - Sueddeutsche6 Creating html file @ /Users/jan/Documents/Python_Projects/Bachelorthesis/HTML_Backlog/
13-Mar-22 07:59:51 - INFO - Sueddeutsche6: Creating html file @ /Users/jan/Documents/Python_Projects/Bachelorthesis/HTML_Backlog//Sueddeutsche6_13032022_07_59_51.html
13-Mar-22 07:59:51 - INFO - Sueddeutsche6: Check if html already created
13-Mar-22 07:59:51 - INFO - Sueddeutsche6: Sueddeutsche6_13032022_07_59_51.html doesnt exist yet
13-Mar-22 07:59:51 - INFO - Sueddeutsche6: Successfully saved file @ /Users/jan/Documents/Python_Projects/Bachelorthesis/HTML_Backlog//Sueddeutsche6_13032022_07_59_51.html
13-Mar-22 07:59:51 - INFO - _______________________________________________________________________
13-Mar-22 07:59:56 - INFO - Sueddeutsche: Starting to get Sueddeutsche7
13-Mar-22 07:59:56 - INFO - Sueddeutsche7 Creating html file @ /Users/jan/Documents/Python_Projects/Bachelorthesis/HTML_Backlog/
13-Mar-22 07:59:56 - INFO - Sueddeutsche7: Creating html file @ /Users/jan/Documents/Python_Projects/Bachelorthesis/HTML_Backlog//Sueddeutsche7_13032022_07_59_56.html
13-Mar-22 07:59:56 - INFO - Sueddeutsche7: Check if html already created
13-Mar-22 07:59:56 - INFO - Sueddeutsche7: Sueddeutsche7_13032022_07_59_56.html doesnt exist yet
13-Mar-22 07:59:56 - INFO - Sueddeutsche7: Successfully saved file @ /Users/jan/Documents/Python_Projects/Bachelorthesis/HTML_Backlog//Sueddeutsche7_13032022_07_59_56.html
13-Mar-22 07:59:56 - INFO - _______________________________________________________________________
13-Mar-22 08:00:01 - INFO - Sueddeutsche: Starting to get Sueddeutsche8
13-Mar-22 08:00:01 - INFO - Sueddeutsche8 Creating html file @ /Users/jan/Documents/Python_Projects/Bachelorthesis/HTML_Backlog/
13-Mar-22 08:00:01 - INFO - Sueddeutsche8: Creating html file @ /Users/jan/Documents/Python_Projects/Bachelorthesis/HTML_Backlog//Sueddeutsche8_13032022_08_00_01.html
13-Mar-22 08:00:01 - INFO - Sueddeutsche8: Check if html already created
13-Mar-22 08:00:01 - INFO - Sueddeutsche8: Sueddeutsche8_13032022_08_00_01.html doesnt exist yet
13-Mar-22 08:00:01 - INFO - Sueddeutsche8: Successfully saved file @ /Users/jan/Documents/Python_Projects/Bachelorthesis/HTML_Backlog//Sueddeutsche8_13032022_08_00_01.html
13-Mar-22 08:00:01 - INFO - _______________________________________________________________________
13-Mar-22 08:00:07 - INFO - Sueddeutsche: Starting to get Sueddeutsche9
