19-Jan-22 13:53:32 - INFO - Log file /Users/jan/Documents/Python_Projects/Bachelorthesis/log/19-Jan-22_13:53:32.log created
19-Jan-22 13:53:32 - INFO - Spiegel: Start scraping Spiegel news page...
19-Jan-22 13:53:32 - INFO - Spiegel: Scraping Spiegel @ https://www.spiegel.de/schlagzeilen/
19-Jan-22 13:53:32 - INFO - Starting Chromedriver with @ https://www.spiegel.de/schlagzeilen/ and loadingTime 10s
19-Jan-22 13:53:47 - INFO - Spiegel: Switching to Spiegel CookieWindow with XPATH: //iframe[contains(@id,'sp_message_iframe_541484')]
19-Jan-22 13:53:48 - ERROR - Spiegel: Can't find cookie window for Spiegel news page
19-Jan-22 13:53:48 - ERROR - Message: no such element: Unable to locate element: {"method":"xpath","selector":"//iframe[contains(@id,'sp_message_iframe_541484')]"}
  (Session info: chrome=97.0.4692.71)
Stacktrace:
0   chromedriver                        0x000000010338c280 chromedriver + 4833920
1   chromedriver                        0x0000000103320bf8 chromedriver + 4393976
2   chromedriver                        0x0000000102f16c84 chromedriver + 158852
3   chromedriver                        0x0000000102f46950 chromedriver + 354640
4   chromedriver                        0x0000000102f70114 chromedriver + 524564
5   chromedriver                        0x0000000102f3b7e0 chromedriver + 309216
6   chromedriver                        0x000000010334e828 chromedriver + 4581416
7   chromedriver                        0x0000000103363450 chromedriver + 4666448
8   chromedriver                        0x0000000103367d1c chromedriver + 4685084
9   chromedriver                        0x0000000103363c28 chromedriver + 4668456
10  chromedriver                        0x0000000103344610 chromedriver + 4539920
11  chromedriver                        0x000000010337d82c chromedriver + 4773932
12  chromedriver                        0x000000010337d9a0 chromedriver + 4774304
13  chromedriver                        0x0000000103392e44 chromedriver + 4861508
14  libsystem_pthread.dylib             0x00000001c4c11240 _pthread_start + 148
15  libsystem_pthread.dylib             0x00000001c4c0c024 thread_start + 8

19-Jan-22 13:53:53 - ERROR - Spiegel: Can't find cookie window for Spiegel news page
19-Jan-22 13:53:53 - ERROR - Message: no such element: Unable to locate element: {"method":"xpath","selector":"//iframe[contains(@id,'sp_message_iframe_541484')]"}
  (Session info: chrome=97.0.4692.71)
Stacktrace:
0   chromedriver                        0x000000010338c280 chromedriver + 4833920
1   chromedriver                        0x0000000103320bf8 chromedriver + 4393976
2   chromedriver                        0x0000000102f16c84 chromedriver + 158852
3   chromedriver                        0x0000000102f46950 chromedriver + 354640
4   chromedriver                        0x0000000102f70114 chromedriver + 524564
5   chromedriver                        0x0000000102f3b7e0 chromedriver + 309216
6   chromedriver                        0x000000010334e828 chromedriver + 4581416
7   chromedriver                        0x0000000103363450 chromedriver + 4666448
8   chromedriver                        0x0000000103367d1c chromedriver + 4685084
9   chromedriver                        0x0000000103363c28 chromedriver + 4668456
10  chromedriver                        0x0000000103344610 chromedriver + 4539920
11  chromedriver                        0x000000010337d82c chromedriver + 4773932
12  chromedriver                        0x000000010337d9a0 chromedriver + 4774304
13  chromedriver                        0x0000000103392e44 chromedriver + 4861508
14  libsystem_pthread.dylib             0x00000001c4c11240 _pthread_start + 148
15  libsystem_pthread.dylib             0x00000001c4c0c024 thread_start + 8

19-Jan-22 13:53:58 - ERROR - Spiegel: Can't find cookie window for Spiegel news page
19-Jan-22 13:53:58 - ERROR - Message: no such element: Unable to locate element: {"method":"xpath","selector":"//iframe[contains(@id,'sp_message_iframe_541484')]"}
  (Session info: chrome=97.0.4692.71)
Stacktrace:
0   chromedriver                        0x000000010338c280 chromedriver + 4833920
1   chromedriver                        0x0000000103320bf8 chromedriver + 4393976
2   chromedriver                        0x0000000102f16c84 chromedriver + 158852
3   chromedriver                        0x0000000102f46950 chromedriver + 354640
4   chromedriver                        0x0000000102f70114 chromedriver + 524564
5   chromedriver                        0x0000000102f3b7e0 chromedriver + 309216
6   chromedriver                        0x000000010334e828 chromedriver + 4581416
7   chromedriver                        0x0000000103363450 chromedriver + 4666448
8   chromedriver                        0x0000000103367d1c chromedriver + 4685084
9   chromedriver                        0x0000000103363c28 chromedriver + 4668456
10  chromedriver                        0x0000000103344610 chromedriver + 4539920
11  chromedriver                        0x000000010337d82c chromedriver + 4773932
12  chromedriver                        0x000000010337d9a0 chromedriver + 4774304
13  chromedriver                        0x0000000103392e44 chromedriver + 4861508
14  libsystem_pthread.dylib             0x00000001c4c11240 _pthread_start + 148
15  libsystem_pthread.dylib             0x00000001c4c0c024 thread_start + 8

19-Jan-22 13:54:03 - ERROR - Spiegel:  Error while switching to frame and accepting cookies...
19-Jan-22 13:54:03 - ERROR - local variable 'iframe' referenced before assignment
19-Jan-22 13:54:08 - ERROR - Spiegel:  Error while switching to frame and accepting cookies...
19-Jan-22 13:54:08 - ERROR - local variable 'iframe' referenced before assignment
19-Jan-22 13:54:13 - ERROR - Spiegel:  Error while switching to frame and accepting cookies...
19-Jan-22 13:54:13 - ERROR - local variable 'iframe' referenced before assignment
19-Jan-22 13:54:18 - INFO - Spiegel: Scrolling down to bottom of page
19-Jan-22 13:54:19 - INFO - Spiegel Creating html file @ /Users/jan/Documents/Python_Projects/Bachelorthesis/HTML_Backlog/
19-Jan-22 13:54:19 - INFO - Spiegel: Creating html file @ /Users/jan/Documents/Python_Projects/Bachelorthesis/HTML_Backlog//Spiegel_19012022_13_54_19.html
19-Jan-22 13:54:19 - INFO - Spiegel: Check if html already created
19-Jan-22 13:54:19 - INFO - Spiegel: Spiegel_19012022_13_54_19.html doesnt exist yet
19-Jan-22 13:54:19 - INFO - Spiegel: Successfully saved file @ /Users/jan/Documents/Python_Projects/Bachelorthesis/HTML_Backlog//Spiegel_19012022_13_54_19.html
19-Jan-22 13:54:19 - INFO - _______________________________________________________________________
19-Jan-22 13:54:19 - INFO - Sueddeutsche: Start scraping Sueddeutsche news page...
19-Jan-22 13:54:19 - INFO - Sueddeutsche: Scraping Sueddeutsche @ https://www.sueddeutsche.de/news
19-Jan-22 13:54:19 - INFO - Starting Chromedriver with @ https://www.sueddeutsche.de/news and loadingTime 10s
19-Jan-22 13:54:37 - INFO - Sueddeutsche: Switching to Sueddeutsche CookieWindow with XPATH: //iframe[contains(@id,'sp_message_iframe_585922')]
19-Jan-22 13:54:37 - ERROR - Sueddeutsche: Can't find cookie window for Sueddeutsche news page
19-Jan-22 13:54:37 - ERROR - Message: no such element: Unable to locate element: {"method":"xpath","selector":"//iframe[contains(@id,'sp_message_iframe_585922')]"}
  (Session info: chrome=97.0.4692.71)
Stacktrace:
0   chromedriver                        0x0000000100578280 chromedriver + 4833920
1   chromedriver                        0x000000010050cbf8 chromedriver + 4393976
2   chromedriver                        0x0000000100102c84 chromedriver + 158852
3   chromedriver                        0x0000000100132950 chromedriver + 354640
4   chromedriver                        0x000000010015c114 chromedriver + 524564
5   chromedriver                        0x00000001001277e0 chromedriver + 309216
6   chromedriver                        0x000000010053a828 chromedriver + 4581416
7   chromedriver                        0x000000010054f450 chromedriver + 4666448
8   chromedriver                        0x0000000100553d1c chromedriver + 4685084
9   chromedriver                        0x000000010054fc28 chromedriver + 4668456
10  chromedriver                        0x0000000100530610 chromedriver + 4539920
11  chromedriver                        0x000000010056982c chromedriver + 4773932
12  chromedriver                        0x00000001005699a0 chromedriver + 4774304
13  chromedriver                        0x000000010057ee44 chromedriver + 4861508
14  libsystem_pthread.dylib             0x00000001c4c11240 _pthread_start + 148
15  libsystem_pthread.dylib             0x00000001c4c0c024 thread_start + 8

19-Jan-22 13:54:42 - ERROR - Sueddeutsche: Can't find cookie window for Sueddeutsche news page
19-Jan-22 13:54:42 - ERROR - Message: no such element: Unable to locate element: {"method":"xpath","selector":"//iframe[contains(@id,'sp_message_iframe_585922')]"}
  (Session info: chrome=97.0.4692.71)
Stacktrace:
0   chromedriver                        0x0000000100578280 chromedriver + 4833920
1   chromedriver                        0x000000010050cbf8 chromedriver + 4393976
2   chromedriver                        0x0000000100102c84 chromedriver + 158852
3   chromedriver                        0x0000000100132950 chromedriver + 354640
4   chromedriver                        0x000000010015c114 chromedriver + 524564
5   chromedriver                        0x00000001001277e0 chromedriver + 309216
6   chromedriver                        0x000000010053a828 chromedriver + 4581416
7   chromedriver                        0x000000010054f450 chromedriver + 4666448
8   chromedriver                        0x0000000100553d1c chromedriver + 4685084
9   chromedriver                        0x000000010054fc28 chromedriver + 4668456
10  chromedriver                        0x0000000100530610 chromedriver + 4539920
11  chromedriver                        0x000000010056982c chromedriver + 4773932
12  chromedriver                        0x00000001005699a0 chromedriver + 4774304
13  chromedriver                        0x000000010057ee44 chromedriver + 4861508
14  libsystem_pthread.dylib             0x00000001c4c11240 _pthread_start + 148
15  libsystem_pthread.dylib             0x00000001c4c0c024 thread_start + 8

19-Jan-22 13:54:47 - ERROR - Sueddeutsche: Can't find cookie window for Sueddeutsche news page
19-Jan-22 13:54:47 - ERROR - Message: no such element: Unable to locate element: {"method":"xpath","selector":"//iframe[contains(@id,'sp_message_iframe_585922')]"}
  (Session info: chrome=97.0.4692.71)
Stacktrace:
0   chromedriver                        0x0000000100578280 chromedriver + 4833920
1   chromedriver                        0x000000010050cbf8 chromedriver + 4393976
2   chromedriver                        0x0000000100102c84 chromedriver + 158852
3   chromedriver                        0x0000000100132950 chromedriver + 354640
4   chromedriver                        0x000000010015c114 chromedriver + 524564
5   chromedriver                        0x00000001001277e0 chromedriver + 309216
6   chromedriver                        0x000000010053a828 chromedriver + 4581416
7   chromedriver                        0x000000010054f450 chromedriver + 4666448
8   chromedriver                        0x0000000100553d1c chromedriver + 4685084
9   chromedriver                        0x000000010054fc28 chromedriver + 4668456
10  chromedriver                        0x0000000100530610 chromedriver + 4539920
11  chromedriver                        0x000000010056982c chromedriver + 4773932
12  chromedriver                        0x00000001005699a0 chromedriver + 4774304
13  chromedriver                        0x000000010057ee44 chromedriver + 4861508
14  libsystem_pthread.dylib             0x00000001c4c11240 _pthread_start + 148
15  libsystem_pthread.dylib             0x00000001c4c0c024 thread_start + 8

19-Jan-22 13:54:52 - ERROR - Sueddeutsche:  Error while switching to frame and accepting cookies...
19-Jan-22 13:54:52 - ERROR - local variable 'iframe' referenced before assignment
19-Jan-22 13:54:57 - ERROR - Sueddeutsche:  Error while switching to frame and accepting cookies...
19-Jan-22 13:54:57 - ERROR - local variable 'iframe' referenced before assignment
19-Jan-22 13:55:02 - ERROR - Sueddeutsche:  Error while switching to frame and accepting cookies...
19-Jan-22 13:55:02 - ERROR - local variable 'iframe' referenced before assignment
19-Jan-22 13:55:07 - INFO - Sueddeutsche: Starting to get Sueddeutsche0
19-Jan-22 13:55:07 - INFO - Sueddeutsche0 Creating html file @ /Users/jan/Documents/Python_Projects/Bachelorthesis/HTML_Backlog/
19-Jan-22 13:55:07 - INFO - Sueddeutsche0: Creating html file @ /Users/jan/Documents/Python_Projects/Bachelorthesis/HTML_Backlog//Sueddeutsche0_19012022_13_55_07.html
19-Jan-22 13:55:07 - INFO - Sueddeutsche0: Check if html already created
19-Jan-22 13:55:07 - INFO - Sueddeutsche0: Sueddeutsche0_19012022_13_55_07.html doesnt exist yet
19-Jan-22 13:55:07 - INFO - Sueddeutsche0: Successfully saved file @ /Users/jan/Documents/Python_Projects/Bachelorthesis/HTML_Backlog//Sueddeutsche0_19012022_13_55_07.html
19-Jan-22 13:55:07 - INFO - _______________________________________________________________________
