28-Dec-21 14:17:56 - INFO - Log file /Users/jan/Documents/Python_Projects/Bachelorthesis/log/28-Dec-21_14:17:56.log created
28-Dec-21 14:17:56 - INFO - Spiegel: Start scraping Spiegel news page...
28-Dec-21 14:17:56 - INFO - Spiegel: Scraping Spiegel @ https://www.spiegel.de/schlagzeilen/
28-Dec-21 14:17:56 - INFO - Starting Chromedriver with @ https://www.spiegel.de/schlagzeilen/ and loadingTime 10s
28-Dec-21 14:18:12 - INFO - Spiegel: Switching to Spiegel CookieWindow with XPATH: //iframe[contains(@id,'sp_message_iframe_541484')]
28-Dec-21 14:18:13 - INFO - Spiegel: Found cookie window...
28-Dec-21 14:18:13 - INFO - Spiegel: Accepting Cookies with XPATH: //*[@id="notice"]/div[3]/div[1]/button
28-Dec-21 14:18:13 - INFO - Spiegel: Accepting cookies successfull
28-Dec-21 14:18:13 - INFO - Spiegel: Scrolling down to bottom of page
28-Dec-21 14:18:13 - INFO - Spiegel Creating html file @ /Users/jan/Documents/Python_Projects/Bachelorthesis/HTML_Backlog/
28-Dec-21 14:18:13 - INFO - Spiegel: Creating html file @ /Users/jan/Documents/Python_Projects/Bachelorthesis/HTML_Backlog//Spiegel_28122021_14_18_13.html
28-Dec-21 14:18:13 - INFO - Spiegel: Check if html already created
28-Dec-21 14:18:13 - INFO - Spiegel: Spiegel_28122021_14_18_13.html doesnt exist yet
28-Dec-21 14:18:13 - INFO - Spiegel: Successfully saved file @ /Users/jan/Documents/Python_Projects/Bachelorthesis/HTML_Backlog//Spiegel_28122021_14_18_13.html
28-Dec-21 14:18:13 - INFO - _______________________________________________________________________
28-Dec-21 14:18:13 - INFO - Sueddeutsche: Start scraping Sueddeutsche news page...
28-Dec-21 14:18:13 - INFO - Sueddeutsche: Scraping Sueddeutsche @ https://www.sueddeutsche.de/news
28-Dec-21 14:18:13 - INFO - Starting Chromedriver with @ https://www.sueddeutsche.de/news and loadingTime 10s
28-Dec-21 14:18:31 - INFO - Sueddeutsche: Switching to Sueddeutsche CookieWindow with XPATH: //iframe[contains(@id,'sp_message_iframe_585922')]
28-Dec-21 14:18:31 - INFO - Sueddeutsche: Found cookie window...
28-Dec-21 14:18:32 - INFO - Sueddeutsche: Accepting Cookies with XPATH: //*[@id="notice"]/div[3]/div/div/button[1]
28-Dec-21 14:18:32 - INFO - Sueddeutsche: Accepting cookies successfull
28-Dec-21 14:18:32 - INFO - Sueddeutsche: Starting to get Sueddeutsche0
28-Dec-21 14:18:32 - INFO - Sueddeutsche0 Creating html file @ /Users/jan/Documents/Python_Projects/Bachelorthesis/HTML_Backlog/
28-Dec-21 14:18:32 - INFO - Sueddeutsche0: Creating html file @ /Users/jan/Documents/Python_Projects/Bachelorthesis/HTML_Backlog//Sueddeutsche0_28122021_14_18_32.html
28-Dec-21 14:18:32 - INFO - Sueddeutsche0: Check if html already created
28-Dec-21 14:18:32 - INFO - Sueddeutsche0: Sueddeutsche0_28122021_14_18_32.html doesnt exist yet
28-Dec-21 14:18:32 - INFO - Sueddeutsche0: Successfully saved file @ /Users/jan/Documents/Python_Projects/Bachelorthesis/HTML_Backlog//Sueddeutsche0_28122021_14_18_32.html
28-Dec-21 14:18:32 - INFO - _______________________________________________________________________
28-Dec-21 14:18:38 - INFO - Sueddeutsche: Starting to get Sueddeutsche1
28-Dec-21 14:18:38 - INFO - Sueddeutsche1 Creating html file @ /Users/jan/Documents/Python_Projects/Bachelorthesis/HTML_Backlog/
28-Dec-21 14:18:38 - INFO - Sueddeutsche1: Creating html file @ /Users/jan/Documents/Python_Projects/Bachelorthesis/HTML_Backlog//Sueddeutsche1_28122021_14_18_38.html
28-Dec-21 14:18:38 - INFO - Sueddeutsche1: Check if html already created
28-Dec-21 14:18:38 - INFO - Sueddeutsche1: Sueddeutsche1_28122021_14_18_38.html doesnt exist yet
28-Dec-21 14:18:38 - INFO - Sueddeutsche1: Successfully saved file @ /Users/jan/Documents/Python_Projects/Bachelorthesis/HTML_Backlog//Sueddeutsche1_28122021_14_18_38.html
28-Dec-21 14:18:38 - INFO - _______________________________________________________________________
28-Dec-21 14:18:43 - INFO - Sueddeutsche: Starting to get Sueddeutsche2
28-Dec-21 14:18:43 - INFO - Sueddeutsche2 Creating html file @ /Users/jan/Documents/Python_Projects/Bachelorthesis/HTML_Backlog/
28-Dec-21 14:18:43 - INFO - Sueddeutsche2: Creating html file @ /Users/jan/Documents/Python_Projects/Bachelorthesis/HTML_Backlog//Sueddeutsche2_28122021_14_18_43.html
28-Dec-21 14:18:43 - INFO - Sueddeutsche2: Check if html already created
28-Dec-21 14:18:43 - INFO - Sueddeutsche2: Sueddeutsche2_28122021_14_18_43.html doesnt exist yet
28-Dec-21 14:18:43 - INFO - Sueddeutsche2: Successfully saved file @ /Users/jan/Documents/Python_Projects/Bachelorthesis/HTML_Backlog//Sueddeutsche2_28122021_14_18_43.html
28-Dec-21 14:18:43 - INFO - _______________________________________________________________________
28-Dec-21 14:18:48 - INFO - Sueddeutsche: Starting to get Sueddeutsche3
28-Dec-21 14:18:48 - INFO - Sueddeutsche3 Creating html file @ /Users/jan/Documents/Python_Projects/Bachelorthesis/HTML_Backlog/
28-Dec-21 14:18:48 - INFO - Sueddeutsche3: Creating html file @ /Users/jan/Documents/Python_Projects/Bachelorthesis/HTML_Backlog//Sueddeutsche3_28122021_14_18_48.html
28-Dec-21 14:18:48 - INFO - Sueddeutsche3: Check if html already created
28-Dec-21 14:18:48 - INFO - Sueddeutsche3: Sueddeutsche3_28122021_14_18_48.html doesnt exist yet
28-Dec-21 14:18:48 - INFO - Sueddeutsche3: Successfully saved file @ /Users/jan/Documents/Python_Projects/Bachelorthesis/HTML_Backlog//Sueddeutsche3_28122021_14_18_48.html
28-Dec-21 14:18:48 - INFO - _______________________________________________________________________
28-Dec-21 14:18:54 - INFO - Sueddeutsche: Starting to get Sueddeutsche4
28-Dec-21 14:18:54 - INFO - Sueddeutsche4 Creating html file @ /Users/jan/Documents/Python_Projects/Bachelorthesis/HTML_Backlog/
28-Dec-21 14:18:54 - INFO - Sueddeutsche4: Creating html file @ /Users/jan/Documents/Python_Projects/Bachelorthesis/HTML_Backlog//Sueddeutsche4_28122021_14_18_54.html
28-Dec-21 14:18:54 - INFO - Sueddeutsche4: Check if html already created
28-Dec-21 14:18:54 - INFO - Sueddeutsche4: Sueddeutsche4_28122021_14_18_54.html doesnt exist yet
28-Dec-21 14:18:54 - INFO - Sueddeutsche4: Successfully saved file @ /Users/jan/Documents/Python_Projects/Bachelorthesis/HTML_Backlog//Sueddeutsche4_28122021_14_18_54.html
28-Dec-21 14:18:54 - INFO - _______________________________________________________________________
28-Dec-21 14:18:59 - INFO - Sueddeutsche: Starting to get Sueddeutsche5
28-Dec-21 14:18:59 - INFO - Sueddeutsche5 Creating html file @ /Users/jan/Documents/Python_Projects/Bachelorthesis/HTML_Backlog/
28-Dec-21 14:18:59 - INFO - Sueddeutsche5: Creating html file @ /Users/jan/Documents/Python_Projects/Bachelorthesis/HTML_Backlog//Sueddeutsche5_28122021_14_18_59.html
28-Dec-21 14:18:59 - INFO - Sueddeutsche5: Check if html already created
28-Dec-21 14:18:59 - INFO - Sueddeutsche5: Sueddeutsche5_28122021_14_18_59.html doesnt exist yet
28-Dec-21 14:18:59 - INFO - Sueddeutsche5: Successfully saved file @ /Users/jan/Documents/Python_Projects/Bachelorthesis/HTML_Backlog//Sueddeutsche5_28122021_14_18_59.html
28-Dec-21 14:18:59 - INFO - _______________________________________________________________________
28-Dec-21 14:19:04 - INFO - Sueddeutsche: Starting to get Sueddeutsche6
28-Dec-21 14:19:04 - INFO - Sueddeutsche6 Creating html file @ /Users/jan/Documents/Python_Projects/Bachelorthesis/HTML_Backlog/
28-Dec-21 14:19:04 - INFO - Sueddeutsche6: Creating html file @ /Users/jan/Documents/Python_Projects/Bachelorthesis/HTML_Backlog//Sueddeutsche6_28122021_14_19_04.html
28-Dec-21 14:19:04 - INFO - Sueddeutsche6: Check if html already created
28-Dec-21 14:19:04 - INFO - Sueddeutsche6: Sueddeutsche6_28122021_14_19_04.html doesnt exist yet
28-Dec-21 14:19:04 - INFO - Sueddeutsche6: Successfully saved file @ /Users/jan/Documents/Python_Projects/Bachelorthesis/HTML_Backlog//Sueddeutsche6_28122021_14_19_04.html
28-Dec-21 14:19:04 - INFO - _______________________________________________________________________
28-Dec-21 14:19:09 - INFO - Sueddeutsche: Starting to get Sueddeutsche7
28-Dec-21 14:19:09 - INFO - Sueddeutsche7 Creating html file @ /Users/jan/Documents/Python_Projects/Bachelorthesis/HTML_Backlog/
28-Dec-21 14:19:09 - INFO - Sueddeutsche7: Creating html file @ /Users/jan/Documents/Python_Projects/Bachelorthesis/HTML_Backlog//Sueddeutsche7_28122021_14_19_09.html
28-Dec-21 14:19:09 - INFO - Sueddeutsche7: Check if html already created
28-Dec-21 14:19:09 - INFO - Sueddeutsche7: Sueddeutsche7_28122021_14_19_09.html doesnt exist yet
28-Dec-21 14:19:09 - INFO - Sueddeutsche7: Successfully saved file @ /Users/jan/Documents/Python_Projects/Bachelorthesis/HTML_Backlog//Sueddeutsche7_28122021_14_19_09.html
28-Dec-21 14:19:09 - INFO - _______________________________________________________________________
28-Dec-21 14:19:14 - INFO - Sueddeutsche: Starting to get Sueddeutsche8
28-Dec-21 14:19:14 - INFO - Sueddeutsche8 Creating html file @ /Users/jan/Documents/Python_Projects/Bachelorthesis/HTML_Backlog/
28-Dec-21 14:19:14 - INFO - Sueddeutsche8: Creating html file @ /Users/jan/Documents/Python_Projects/Bachelorthesis/HTML_Backlog//Sueddeutsche8_28122021_14_19_14.html
28-Dec-21 14:19:14 - INFO - Sueddeutsche8: Check if html already created
28-Dec-21 14:19:14 - INFO - Sueddeutsche8: Sueddeutsche8_28122021_14_19_14.html doesnt exist yet
28-Dec-21 14:19:14 - INFO - Sueddeutsche8: Successfully saved file @ /Users/jan/Documents/Python_Projects/Bachelorthesis/HTML_Backlog//Sueddeutsche8_28122021_14_19_14.html
28-Dec-21 14:19:14 - INFO - _______________________________________________________________________
28-Dec-21 14:19:20 - INFO - Sueddeutsche: Starting to get Sueddeutsche9
28-Dec-21 14:19:20 - INFO - Sueddeutsche9 Creating html file @ /Users/jan/Documents/Python_Projects/Bachelorthesis/HTML_Backlog/
28-Dec-21 14:19:20 - INFO - Sueddeutsche9: Creating html file @ /Users/jan/Documents/Python_Projects/Bachelorthesis/HTML_Backlog//Sueddeutsche9_28122021_14_19_20.html
28-Dec-21 14:19:20 - INFO - Sueddeutsche9: Check if html already created
28-Dec-21 14:19:20 - INFO - Sueddeutsche9: Sueddeutsche9_28122021_14_19_20.html doesnt exist yet
28-Dec-21 14:19:20 - INFO - Sueddeutsche9: Successfully saved file @ /Users/jan/Documents/Python_Projects/Bachelorthesis/HTML_Backlog//Sueddeutsche9_28122021_14_19_20.html
28-Dec-21 14:19:20 - INFO - _______________________________________________________________________
28-Dec-21 14:19:25 - INFO - Sueddeutsche: Starting to get Sueddeutsche10
28-Dec-21 14:19:25 - INFO - Sueddeutsche10 Creating html file @ /Users/jan/Documents/Python_Projects/Bachelorthesis/HTML_Backlog/
28-Dec-21 14:19:25 - INFO - Sueddeutsche10: Creating html file @ /Users/jan/Documents/Python_Projects/Bachelorthesis/HTML_Backlog//Sueddeutsche10_28122021_14_19_25.html
28-Dec-21 14:19:25 - INFO - Sueddeutsche10: Check if html already created
28-Dec-21 14:19:25 - INFO - Sueddeutsche10: Sueddeutsche10_28122021_14_19_25.html doesnt exist yet
28-Dec-21 14:19:25 - INFO - Sueddeutsche10: Successfully saved file @ /Users/jan/Documents/Python_Projects/Bachelorthesis/HTML_Backlog//Sueddeutsche10_28122021_14_19_25.html
28-Dec-21 14:19:25 - INFO - _______________________________________________________________________
28-Dec-21 14:19:30 - INFO - Sueddeutsche: Starting to get Sueddeutsche11
28-Dec-21 14:19:30 - INFO - Sueddeutsche11 Creating html file @ /Users/jan/Documents/Python_Projects/Bachelorthesis/HTML_Backlog/
28-Dec-21 14:19:30 - INFO - Sueddeutsche11: Creating html file @ /Users/jan/Documents/Python_Projects/Bachelorthesis/HTML_Backlog//Sueddeutsche11_28122021_14_19_30.html
28-Dec-21 14:19:30 - INFO - Sueddeutsche11: Check if html already created
28-Dec-21 14:19:30 - INFO - Sueddeutsche11: Sueddeutsche11_28122021_14_19_30.html doesnt exist yet
28-Dec-21 14:19:30 - INFO - Sueddeutsche11: Successfully saved file @ /Users/jan/Documents/Python_Projects/Bachelorthesis/HTML_Backlog//Sueddeutsche11_28122021_14_19_30.html
28-Dec-21 14:19:30 - INFO - _______________________________________________________________________
28-Dec-21 14:19:35 - INFO - Sueddeutsche: Starting to get Sueddeutsche12
28-Dec-21 14:19:35 - INFO - Sueddeutsche12 Creating html file @ /Users/jan/Documents/Python_Projects/Bachelorthesis/HTML_Backlog/
28-Dec-21 14:19:35 - INFO - Sueddeutsche12: Creating html file @ /Users/jan/Documents/Python_Projects/Bachelorthesis/HTML_Backlog//Sueddeutsche12_28122021_14_19_35.html
28-Dec-21 14:19:35 - INFO - Sueddeutsche12: Check if html already created
28-Dec-21 14:19:35 - INFO - Sueddeutsche12: Sueddeutsche12_28122021_14_19_35.html doesnt exist yet
28-Dec-21 14:19:35 - INFO - Sueddeutsche12: Successfully saved file @ /Users/jan/Documents/Python_Projects/Bachelorthesis/HTML_Backlog//Sueddeutsche12_28122021_14_19_35.html
28-Dec-21 14:19:35 - INFO - _______________________________________________________________________
28-Dec-21 14:19:40 - INFO - Sueddeutsche: Starting to get Sueddeutsche13
28-Dec-21 14:19:40 - INFO - Sueddeutsche13 Creating html file @ /Users/jan/Documents/Python_Projects/Bachelorthesis/HTML_Backlog/
28-Dec-21 14:19:40 - INFO - Sueddeutsche13: Creating html file @ /Users/jan/Documents/Python_Projects/Bachelorthesis/HTML_Backlog//Sueddeutsche13_28122021_14_19_40.html
28-Dec-21 14:19:40 - INFO - Sueddeutsche13: Check if html already created
28-Dec-21 14:19:40 - INFO - Sueddeutsche13: Sueddeutsche13_28122021_14_19_40.html doesnt exist yet
28-Dec-21 14:19:40 - INFO - Sueddeutsche13: Successfully saved file @ /Users/jan/Documents/Python_Projects/Bachelorthesis/HTML_Backlog//Sueddeutsche13_28122021_14_19_40.html
28-Dec-21 14:19:40 - INFO - _______________________________________________________________________
28-Dec-21 14:19:45 - INFO - Sueddeutsche: Starting to get Sueddeutsche14
28-Dec-21 14:19:45 - INFO - Sueddeutsche14 Creating html file @ /Users/jan/Documents/Python_Projects/Bachelorthesis/HTML_Backlog/
28-Dec-21 14:19:45 - INFO - Sueddeutsche14: Creating html file @ /Users/jan/Documents/Python_Projects/Bachelorthesis/HTML_Backlog//Sueddeutsche14_28122021_14_19_45.html
28-Dec-21 14:19:45 - INFO - Sueddeutsche14: Check if html already created
28-Dec-21 14:19:45 - INFO - Sueddeutsche14: Sueddeutsche14_28122021_14_19_45.html doesnt exist yet
28-Dec-21 14:19:45 - INFO - Sueddeutsche14: Successfully saved file @ /Users/jan/Documents/Python_Projects/Bachelorthesis/HTML_Backlog//Sueddeutsche14_28122021_14_19_45.html
28-Dec-21 14:19:45 - INFO - _______________________________________________________________________
28-Dec-21 14:19:51 - INFO - Sueddeutsche: Starting to get Sueddeutsche15
28-Dec-21 14:19:51 - INFO - Sueddeutsche15 Creating html file @ /Users/jan/Documents/Python_Projects/Bachelorthesis/HTML_Backlog/
28-Dec-21 14:19:51 - INFO - Sueddeutsche15: Creating html file @ /Users/jan/Documents/Python_Projects/Bachelorthesis/HTML_Backlog//Sueddeutsche15_28122021_14_19_51.html
28-Dec-21 14:19:51 - INFO - Sueddeutsche15: Check if html already created
28-Dec-21 14:19:51 - INFO - Sueddeutsche15: Sueddeutsche15_28122021_14_19_51.html doesnt exist yet
28-Dec-21 14:19:51 - INFO - Sueddeutsche15: Successfully saved file @ /Users/jan/Documents/Python_Projects/Bachelorthesis/HTML_Backlog//Sueddeutsche15_28122021_14_19_51.html
28-Dec-21 14:19:51 - INFO - _______________________________________________________________________
28-Dec-21 14:19:56 - INFO - Sueddeutsche: Starting to get Sueddeutsche16
28-Dec-21 14:19:56 - INFO - Sueddeutsche16 Creating html file @ /Users/jan/Documents/Python_Projects/Bachelorthesis/HTML_Backlog/
28-Dec-21 14:19:56 - INFO - Sueddeutsche16: Creating html file @ /Users/jan/Documents/Python_Projects/Bachelorthesis/HTML_Backlog//Sueddeutsche16_28122021_14_19_56.html
28-Dec-21 14:19:56 - INFO - Sueddeutsche16: Check if html already created
28-Dec-21 14:19:56 - INFO - Sueddeutsche16: Sueddeutsche16_28122021_14_19_56.html doesnt exist yet
28-Dec-21 14:19:56 - INFO - Sueddeutsche16: Successfully saved file @ /Users/jan/Documents/Python_Projects/Bachelorthesis/HTML_Backlog//Sueddeutsche16_28122021_14_19_56.html
28-Dec-21 14:19:56 - INFO - _______________________________________________________________________
28-Dec-21 14:20:01 - INFO - Sueddeutsche: Starting to get Sueddeutsche17
28-Dec-21 14:20:01 - INFO - Sueddeutsche17 Creating html file @ /Users/jan/Documents/Python_Projects/Bachelorthesis/HTML_Backlog/
28-Dec-21 14:20:01 - INFO - Sueddeutsche17: Creating html file @ /Users/jan/Documents/Python_Projects/Bachelorthesis/HTML_Backlog//Sueddeutsche17_28122021_14_20_01.html
28-Dec-21 14:20:01 - INFO - Sueddeutsche17: Check if html already created
28-Dec-21 14:20:01 - INFO - Sueddeutsche17: Sueddeutsche17_28122021_14_20_01.html doesnt exist yet
28-Dec-21 14:20:01 - INFO - Sueddeutsche17: Successfully saved file @ /Users/jan/Documents/Python_Projects/Bachelorthesis/HTML_Backlog//Sueddeutsche17_28122021_14_20_01.html
28-Dec-21 14:20:01 - INFO - _______________________________________________________________________
28-Dec-21 14:20:06 - INFO - Sueddeutsche: Starting to get Sueddeutsche18
28-Dec-21 14:20:06 - INFO - Sueddeutsche18 Creating html file @ /Users/jan/Documents/Python_Projects/Bachelorthesis/HTML_Backlog/
28-Dec-21 14:20:06 - INFO - Sueddeutsche18: Creating html file @ /Users/jan/Documents/Python_Projects/Bachelorthesis/HTML_Backlog//Sueddeutsche18_28122021_14_20_06.html
28-Dec-21 14:20:06 - INFO - Sueddeutsche18: Check if html already created
28-Dec-21 14:20:06 - INFO - Sueddeutsche18: Sueddeutsche18_28122021_14_20_06.html doesnt exist yet
28-Dec-21 14:20:06 - INFO - Sueddeutsche18: Successfully saved file @ /Users/jan/Documents/Python_Projects/Bachelorthesis/HTML_Backlog//Sueddeutsche18_28122021_14_20_06.html
28-Dec-21 14:20:06 - INFO - _______________________________________________________________________
28-Dec-21 14:20:11 - INFO - Sueddeutsche: Starting to get Sueddeutsche19
28-Dec-21 14:20:11 - INFO - Sueddeutsche19 Creating html file @ /Users/jan/Documents/Python_Projects/Bachelorthesis/HTML_Backlog/
28-Dec-21 14:20:11 - INFO - Sueddeutsche19: Creating html file @ /Users/jan/Documents/Python_Projects/Bachelorthesis/HTML_Backlog//Sueddeutsche19_28122021_14_20_11.html
28-Dec-21 14:20:11 - INFO - Sueddeutsche19: Check if html already created
28-Dec-21 14:20:11 - INFO - Sueddeutsche19: Sueddeutsche19_28122021_14_20_11.html doesnt exist yet
28-Dec-21 14:20:11 - INFO - Sueddeutsche19: Successfully saved file @ /Users/jan/Documents/Python_Projects/Bachelorthesis/HTML_Backlog//Sueddeutsche19_28122021_14_20_11.html
28-Dec-21 14:20:11 - INFO - _______________________________________________________________________
28-Dec-21 14:20:16 - INFO - Sueddeutsche: Starting to get Sueddeutsche20
28-Dec-21 14:20:16 - INFO - Sueddeutsche20 Creating html file @ /Users/jan/Documents/Python_Projects/Bachelorthesis/HTML_Backlog/
28-Dec-21 14:20:16 - INFO - Sueddeutsche20: Creating html file @ /Users/jan/Documents/Python_Projects/Bachelorthesis/HTML_Backlog//Sueddeutsche20_28122021_14_20_16.html
28-Dec-21 14:20:16 - INFO - Sueddeutsche20: Check if html already created
28-Dec-21 14:20:16 - INFO - Sueddeutsche20: Sueddeutsche20_28122021_14_20_16.html doesnt exist yet
28-Dec-21 14:20:16 - INFO - Sueddeutsche20: Successfully saved file @ /Users/jan/Documents/Python_Projects/Bachelorthesis/HTML_Backlog//Sueddeutsche20_28122021_14_20_16.html
28-Dec-21 14:20:16 - INFO - _______________________________________________________________________
28-Dec-21 14:20:22 - INFO - Bild: Start scraping Bild news page...
28-Dec-21 14:20:22 - INFO - Bild: Scraping Bild @ https://www.bild.de/home/newsticker/news/alle-news-54190636.bild.html
28-Dec-21 14:20:22 - INFO - Starting Chromedriver with @ https://www.bild.de/home/newsticker/news/alle-news-54190636.bild.html and loadingTime 10s
28-Dec-21 14:20:39 - INFO - Bild: Switching to Bild CookieWindow with XPATH: //iframe[contains(@id,'sp_message_iframe_585666')]
28-Dec-21 14:20:39 - INFO - Bild: Found cookie window...
28-Dec-21 14:20:39 - INFO - Bild: Accepting Cookies with XPATH: //*[@id="notice"]/div[3]/div[2]/button
28-Dec-21 14:20:39 - INFO - Bild: Accepting cookies successfull
28-Dec-21 14:20:39 - INFO - Bild: Scrolling down to bottom of page
28-Dec-21 14:20:40 - INFO - Bild Creating html file @ /Users/jan/Documents/Python_Projects/Bachelorthesis/HTML_Backlog/
28-Dec-21 14:20:40 - INFO - Bild: Creating html file @ /Users/jan/Documents/Python_Projects/Bachelorthesis/HTML_Backlog//Bild_28122021_14_20_40.html
28-Dec-21 14:20:40 - INFO - Bild: Check if html already created
28-Dec-21 14:20:40 - INFO - Bild: Bild_28122021_14_20_40.html doesnt exist yet
28-Dec-21 14:20:40 - INFO - Bild: Successfully saved file @ /Users/jan/Documents/Python_Projects/Bachelorthesis/HTML_Backlog//Bild_28122021_14_20_40.html
28-Dec-21 14:20:40 - INFO - _______________________________________________________________________
