28-Dec-21 13:31:44 - INFO - Log file /Users/jan/Documents/Python_Projects/Bachelorthesis/log/28-Dec-21_13:31:44.log created
28-Dec-21 13:31:44 - INFO - *** Starting Scraper ***
28-Dec-21 13:31:44 - INFO - get list of csv Backlog
28-Dec-21 13:31:44 - INFO - 0 files in csv Backlog...
28-Dec-21 13:31:44 - INFO - get list of html Backlog
28-Dec-21 13:31:44 - INFO - 5 files in html Backlog...
28-Dec-21 13:31:44 - INFO - 5 Html files are not scraped yet
28-Dec-21 13:31:44 - INFO - Start scraping files...
28-Dec-21 13:31:44 - INFO - Scraping: Bild_28122021_10_19_07.html
28-Dec-21 13:31:44 - INFO - Scraping: Spiegel_28122021_09_35_41.html
28-Dec-21 13:31:44 - INFO - Starting to Scrape Spiegel file Spiegel_28122021_09_35_41.html
28-Dec-21 13:31:45 - INFO - Trying to scrape: Verfall der Lira: Türkische Bankenaufsicht stellt Strafanzeige gegen Ökonomen und Journalisten
28-Dec-21 13:31:45 - INFO - Trying to scrape: Weißer Ring zu Gewalt an Frauen: »Wenn Annäherungsverbote nicht kontrolliert werden, bringen sie nichts«
28-Dec-21 13:31:45 - INFO - Trying to scrape: Vom schwierigen Umgang mit Flüchtlingsschicksalen: Taghrid und ich
28-Dec-21 13:31:45 - INFO - Trying to scrape: Schnelle Internetanschlüsse: Schweden ist Europas Glasfasernation Nummer eins
28-Dec-21 13:31:45 - INFO - Trying to scrape: Vierschanzentournee 2021/22: Zeitplan, Schanzen, Ergebnisse
28-Dec-21 13:31:45 - INFO - Trying to scrape: Ermittler veröffentlichen Videoaufnahmen: 14-Jährige in Los Angeles durch Querschläger aus Polizeiwaffe getötet
28-Dec-21 13:31:45 - INFO - Trying to scrape: Ehemaliger Uno-Botschafter Heusgen: Putin strebt »Wiederherstellung eines russischen Reiches an«
28-Dec-21 13:31:45 - INFO - Trying to scrape: Prognose des Städtetags: Deutschland fehlen Hunderttausende Erzieher und Pfleger
28-Dec-21 13:31:45 - INFO - Trying to scrape: Bundesverfassungsgericht entscheidet über Triage: »Es geht um die Verteilung von Lebenschancen«
28-Dec-21 13:31:45 - INFO - Trying to scrape: +++ Corona-News +++: Bundesjustizminister Buschmann gegen nationales Impfregister
28-Dec-21 13:31:45 - INFO - Trying to scrape: Wahlen, Krisen und die WM: Diese Themen werden 2022 die Welt bewegen
28-Dec-21 13:31:45 - INFO - Trying to scrape: Die Lage am Morgen: Professor Lauterbachs Problem mit dem Karneval
28-Dec-21 13:31:45 - INFO - Trying to scrape: Spannungen an der Grenze: USA und Russland sprechen am 10. Januar über Ukrainekrise
28-Dec-21 13:31:45 - INFO - Trying to scrape: Zahlen des RKI: Bundesweite Sieben-Tage-Inzidenz fällt deutlich ab
28-Dec-21 13:31:45 - INFO - Trying to scrape: Im Jahr 2021: Nato-Jets absolvierten rund 290 Alarmstarts wegen russischer Flugzeuge
28-Dec-21 13:31:45 - INFO - Trying to scrape: Andorra: 82-Jähriger kracht mit Ferrari in Einkaufszentrum
28-Dec-21 13:31:45 - INFO - Trying to scrape: Deutschlandweit: Tausende protestieren gegen Coronamaßnahmen – Krawalle in Bautzen
28-Dec-21 13:31:45 - INFO - Trying to scrape: Tipps von Coaching-Experten: Passt mein Job zu mir? Und was, wenn nicht?
28-Dec-21 13:31:45 - INFO - Trying to scrape: Geschichte-Podcast: Als die »Halbstarken« Krawall machten
28-Dec-21 13:31:45 - INFO - Trying to scrape: Regierungsarbeit von Annalena Baerbock: Was ist feministische Außenpolitik, Herr Staatsminister?
28-Dec-21 13:31:45 - INFO - Trying to scrape: Folgen der Olympischen Spiele: Tokios Milliarden-Albtraum
28-Dec-21 13:31:45 - INFO - Trying to scrape: Weihnachtsaktion in Duisburg: 81-Stunden-Impfmarathon beendet
