28-Dec-21 19:40:27 - INFO - Log file /Users/jan/Documents/Python_Projects/Bachelorthesis/log/28-Dec-21_19:40:27.log created
28-Dec-21 19:40:27 - INFO - *** Starting Scraper ***
28-Dec-21 19:40:27 - INFO - get list of csv Backlog
28-Dec-21 19:40:27 - INFO - 4 files in csv Backlog...
28-Dec-21 19:40:27 - INFO - FILENAME: from csv Files: Spiegel_28122021_09_54_31.csv
28-Dec-21 19:40:27 - INFO - FILENAME: from csv Files: .DS_Store
28-Dec-21 19:40:27 - INFO - FILENAME: from csv Files: Spiegel_28122021_09_50_37.csv
28-Dec-21 19:40:27 - INFO - FILENAME: from csv Files: Spiegel_28122021_09_35_41.csv
28-Dec-21 19:40:27 - INFO - get list of html Backlog
28-Dec-21 19:40:27 - INFO - 24 files in html Backlog...
28-Dec-21 19:40:27 - INFO - 23 Html files are not scraped yet
28-Dec-21 19:40:27 - INFO - Start scraping files...
28-Dec-21 19:40:27 - INFO - Scraping: Sueddeutsche13_28122021_14_19_40.html
28-Dec-21 19:40:27 - INFO - Scraping: Sueddeutsche7_28122021_14_19_09.html
28-Dec-21 19:40:27 - INFO - Scraping: Sueddeutsche9_28122021_14_19_20.html
28-Dec-21 19:40:27 - INFO - Scraping: Sueddeutsche12_28122021_14_19_35.html
28-Dec-21 19:40:27 - INFO - Scraping: Sueddeutsche10_28122021_14_19_25.html
28-Dec-21 19:40:27 - INFO - Scraping: Sueddeutsche20_28122021_14_20_16.html
28-Dec-21 19:40:27 - INFO - Scraping: Sueddeutsche4_28122021_14_18_54.html
28-Dec-21 19:40:27 - INFO - Scraping: Sueddeutsche17_28122021_14_20_01.html
28-Dec-21 19:40:27 - INFO - Scraping: Sueddeutsche8_28122021_14_19_14.html
28-Dec-21 19:40:27 - INFO - Scraping: Sueddeutsche11_28122021_14_19_30.html
28-Dec-21 19:40:27 - INFO - Scraping: Sueddeutsche3_28122021_14_18_48.html
28-Dec-21 19:40:27 - INFO - Scraping: Sueddeutsche6_28122021_14_19_04.html
28-Dec-21 19:40:27 - INFO - Scraping: Bild_28122021_14_20_40.html
28-Dec-21 19:40:27 - ERROR - BILD Scraper not implemented yet!
28-Dec-21 19:40:27 - INFO - Scraping: Sueddeutsche14_28122021_14_19_45.html
28-Dec-21 19:40:27 - INFO - Scraping: Sueddeutsche0_28122021_14_18_32.html
28-Dec-21 19:40:27 - INFO - Scraping: Sueddeutsche15_28122021_14_19_51.html
28-Dec-21 19:40:27 - INFO - Scraping: Sueddeutsche18_28122021_14_20_06.html
28-Dec-21 19:40:27 - INFO - Scraping: Sueddeutsche5_28122021_14_18_59.html
28-Dec-21 19:40:27 - INFO - Scraping: Spiegel_28122021_14_18_13.html
28-Dec-21 19:40:27 - INFO - Starting to Scrape Spiegel file Spiegel_28122021_14_18_13.html
