28-Dec-21 19:45:24 - INFO - Log file /Users/jan/Documents/Python_Projects/Bachelorthesis/log/28-Dec-21_19:45:24.log created
28-Dec-21 19:45:24 - INFO - *** Starting Scraper ***
28-Dec-21 19:45:24 - INFO - get list of csv Backlog
28-Dec-21 19:45:24 - INFO - 4 files in csv Backlog...
28-Dec-21 19:45:24 - INFO - FILENAME: from csv Files: Spiegel_28122021_09_54_31.csv
28-Dec-21 19:45:24 - INFO - FILENAME: from csv Files: .DS_Store
28-Dec-21 19:45:24 - INFO - FILENAME: from csv Files: Spiegel_28122021_09_50_37.csv
28-Dec-21 19:45:24 - INFO - FILENAME: from csv Files: Spiegel_28122021_09_35_41.csv
28-Dec-21 19:45:24 - INFO - get list of html Backlog
28-Dec-21 19:45:24 - INFO - 234 files in html Backlog...
28-Dec-21 19:45:24 - INFO - 233 Html files are not scraped yet
28-Dec-21 19:45:24 - INFO - Start scraping files...
28-Dec-21 19:45:24 - INFO - Scraping: Spiegel_18122021_12_02_20.html
28-Dec-21 19:45:24 - INFO - Starting to Scrape Spiegel file Spiegel_18122021_12_02_20.html
28-Dec-21 19:45:24 - INFO - Scraping: Sueddeutsche12_28122021_14_19_35.html
28-Dec-21 19:45:24 - INFO - Scraping: Sueddeutsche_21112021_08_50_34_Page1.html
28-Dec-21 19:45:24 - INFO - Scraping: Sueddeutsche_23112021_15_16_25_Page1.html
28-Dec-21 19:45:24 - INFO - Scraping: Sueddeutsche_25122021_13_53_18_Page4.html
28-Dec-21 19:45:24 - INFO - Scraping: Sueddeutsche_14112021_13_29_58_Page4.html
28-Dec-21 19:45:24 - INFO - Scraping: Sueddeutsche_25112021_15_41_17_Page1.html
28-Dec-21 19:45:24 - INFO - Scraping: Sueddeutsche_26122021_12_19_46_Page2.html
28-Dec-21 19:45:24 - INFO - Scraping: Bild_21112021_08_51_05.html
28-Dec-21 19:45:24 - ERROR - BILD Scraper not implemented yet!
28-Dec-21 19:45:24 - INFO - Scraping: Sueddeutsche_22112021_13_44_09_Page3.html
28-Dec-21 19:45:24 - INFO - Scraping: Bild_01122021_11_38_36.html
28-Dec-21 19:45:24 - ERROR - BILD Scraper not implemented yet!
28-Dec-21 19:45:24 - INFO - Scraping: Spiegel_23112021_15_17_19.html
28-Dec-21 19:45:24 - INFO - Starting to Scrape Spiegel file Spiegel_23112021_15_17_19.html
28-Dec-21 19:45:24 - INFO - Trying to scrape: Spanischer Abwehrstar: Ramos steht vor seinem ersten Spiel bei PSG – nach vier Monaten Wartezeit
