30-Dec-21 14:04:29 - INFO - Log file /Users/jan/Documents/Python_Projects/Bachelorthesis/log/30-Dec-21_14:04:29.log created
30-Dec-21 14:04:29 - INFO - *** Starting Scraper ***
30-Dec-21 14:04:29 - INFO - get list of csv Backlog
30-Dec-21 14:04:29 - INFO - 38 files in csv Backlog...
30-Dec-21 14:04:29 - INFO - FILENAME: from csv Files: Spiegel_21112021_08_51_39.csv
30-Dec-21 14:04:29 - INFO - FILENAME: from csv Files: Spiegel_04122021_12_44_45.csv
30-Dec-21 14:04:29 - INFO - FILENAME: from csv Files: Spiegel_23122021_18_09_15.csv
30-Dec-21 14:04:29 - INFO - FILENAME: from csv Files: Spiegel_28112021_17_50_38.csv
30-Dec-21 14:04:29 - INFO - FILENAME: from csv Files: Sueddeutsche3_28122021_14_18_48.csv
30-Dec-21 14:04:29 - INFO - FILENAME: from csv Files: Spiegel_26122021_12_20_42.csv
30-Dec-21 14:04:29 - INFO - FILENAME: from csv Files: Spiegel_01122021_11_39_00.csv
30-Dec-21 14:04:29 - INFO - FILENAME: from csv Files: .DS_Store
30-Dec-21 14:04:29 - INFO - FILENAME: from csv Files: Spiegel_02122021_12_17_53.csv
30-Dec-21 14:04:29 - INFO - FILENAME: from csv Files: Spiegel_23112021_15_17_19.csv
30-Dec-21 14:04:29 - INFO - FILENAME: from csv Files: Spiegel_07122021_12_01_24.csv
30-Dec-21 14:04:29 - INFO - FILENAME: from csv Files: Spiegel_22122021_12_01_50.csv
30-Dec-21 14:04:29 - INFO - FILENAME: from csv Files: Spiegel_03122021_12_02_30.csv
30-Dec-21 14:04:29 - INFO - FILENAME: from csv Files: Spiegel_14112021_13_30_51.csv
30-Dec-21 14:04:29 - INFO - FILENAME: from csv Files: Sueddeutsche15_28122021_14_19_51.csv
30-Dec-21 14:04:29 - INFO - FILENAME: from csv Files: Spiegel_18112021_14_12_40.csv
30-Dec-21 14:04:29 - INFO - FILENAME: from csv Files: Spiegel_17112021_12_02_49.csv
30-Dec-21 14:04:29 - INFO - FILENAME: from csv Files: Spiegel_25112021_15_42_11.csv
30-Dec-21 14:04:29 - INFO - FILENAME: from csv Files: Spiegel_29122021_12_01_14.csv
30-Dec-21 14:04:29 - INFO - FILENAME: from csv Files: Sueddeutsche_16122021_12_01_14_Page3.csv
30-Dec-21 14:04:29 - INFO - FILENAME: from csv Files: Spiegel_27112021_12_01_18.csv
30-Dec-21 14:04:29 - INFO - FILENAME: from csv Files: Sueddeutsche_25122021_13_53_18_Page4.csv
30-Dec-21 14:04:29 - INFO - FILENAME: from csv Files: Spiegel_28122021_14_18_13.csv
30-Dec-21 14:04:29 - INFO - FILENAME: from csv Files: Spiegel_27122021_12_13_02.csv
30-Dec-21 14:04:29 - INFO - FILENAME: from csv Files: Spiegel_12122021_12_52_28.csv
30-Dec-21 14:04:29 - INFO - FILENAME: from csv Files: Spiegel_09122021_16_31_37.csv
30-Dec-21 14:04:29 - INFO - FILENAME: from csv Files: Spiegel_20122021_14_48_57.csv
30-Dec-21 14:04:29 - INFO - FILENAME: from csv Files: Sueddeutsche_27112021_12_00_29_Page2.csv
30-Dec-21 14:04:29 - INFO - FILENAME: from csv Files: Spiegel_16112021_15_39_14.csv
30-Dec-21 14:04:29 - INFO - FILENAME: from csv Files: Spiegel_15112021_12_10_20.csv
30-Dec-21 14:04:29 - INFO - FILENAME: from csv Files: Spiegel_10122021_13_36_39.csv
30-Dec-21 14:04:29 - INFO - FILENAME: from csv Files: Spiegel_29112021_14_12_39.csv
30-Dec-21 14:04:29 - INFO - FILENAME: from csv Files: Sueddeutsche14_29122021_12_02_46.csv
30-Dec-21 14:04:29 - INFO - FILENAME: from csv Files: Spiegel_25122021_13_54_08.csv
30-Dec-21 14:04:29 - INFO - FILENAME: from csv Files: Spiegel_11122021_12_18_30.csv
30-Dec-21 14:04:29 - INFO - FILENAME: from csv Files: Spiegel_26112021_17_26_38.csv
30-Dec-21 14:04:29 - INFO - FILENAME: from csv Files: Spiegel_03122021_12_06_04.csv
30-Dec-21 14:04:29 - INFO - FILENAME: from csv Files: Spiegel_19122021_13_03_02.csv
30-Dec-21 14:04:29 - INFO - get list of html Backlog
30-Dec-21 14:04:29 - INFO - 276 files in html Backlog...
30-Dec-21 14:04:29 - INFO - 238 Html files are not scraped yet
30-Dec-21 14:04:29 - INFO - Start scraping files...
30-Dec-21 14:04:29 - INFO - Scraping: Bild_17112021_12_02_16.html
30-Dec-21 14:04:29 - ERROR - BILD Scraper not implemented yet!
30-Dec-21 14:04:29 - INFO - Scraping: Bild_29122021_12_03_40.html
30-Dec-21 14:04:29 - ERROR - BILD Scraper not implemented yet!
30-Dec-21 14:04:29 - INFO - Scraping: Sueddeutsche_09122021_16_30_47_Page2.html
30-Dec-21 14:04:29 - INFO - Starting to Scrape Sueddeutsche file Sueddeutsche_09122021_16_30_47_Page2.html
30-Dec-21 14:04:29 - INFO - <time class="entrylist__time">
    vor 39 Min.
</time>
30-Dec-21 14:04:29 - INFO - breadcrumb-List__Item not found
30-Dec-21 14:04:29 - INFO - Breadcrumb-list not found
