30-Dec-21 15:26:19 - INFO - Log file /Users/jan/Documents/Python_Projects/Bachelorthesis/log/30-Dec-21_15:26:19.log created
30-Dec-21 15:26:19 - INFO - *** Starting Scraper ***
30-Dec-21 15:26:19 - INFO - get list of csv Backlog
30-Dec-21 15:26:19 - INFO - 33 files in csv Backlog...
30-Dec-21 15:26:19 - INFO - FILENAME: from csv Files: Spiegel_21112021_08_51_39.csv
30-Dec-21 15:26:19 - INFO - FILENAME: from csv Files: Spiegel_04122021_12_44_45.csv
30-Dec-21 15:26:19 - INFO - FILENAME: from csv Files: Spiegel_23122021_18_09_15.csv
30-Dec-21 15:26:19 - INFO - FILENAME: from csv Files: Spiegel_28112021_17_50_38.csv
30-Dec-21 15:26:19 - INFO - FILENAME: from csv Files: Spiegel_26122021_12_20_42.csv
30-Dec-21 15:26:19 - INFO - FILENAME: from csv Files: Spiegel_01122021_11_39_00.csv
30-Dec-21 15:26:19 - INFO - FILENAME: from csv Files: .DS_Store
30-Dec-21 15:26:19 - INFO - FILENAME: from csv Files: Spiegel_02122021_12_17_53.csv
30-Dec-21 15:26:19 - INFO - FILENAME: from csv Files: Spiegel_23112021_15_17_19.csv
30-Dec-21 15:26:19 - INFO - FILENAME: from csv Files: Spiegel_07122021_12_01_24.csv
30-Dec-21 15:26:19 - INFO - FILENAME: from csv Files: Spiegel_22122021_12_01_50.csv
30-Dec-21 15:26:19 - INFO - FILENAME: from csv Files: Spiegel_03122021_12_02_30.csv
30-Dec-21 15:26:19 - INFO - FILENAME: from csv Files: Spiegel_14112021_13_30_51.csv
30-Dec-21 15:26:19 - INFO - FILENAME: from csv Files: Spiegel_18112021_14_12_40.csv
30-Dec-21 15:26:19 - INFO - FILENAME: from csv Files: Spiegel_17112021_12_02_49.csv
30-Dec-21 15:26:19 - INFO - FILENAME: from csv Files: Spiegel_25112021_15_42_11.csv
30-Dec-21 15:26:19 - INFO - FILENAME: from csv Files: Spiegel_29122021_12_01_14.csv
30-Dec-21 15:26:19 - INFO - FILENAME: from csv Files: Spiegel_27112021_12_01_18.csv
30-Dec-21 15:26:19 - INFO - FILENAME: from csv Files: Spiegel_28122021_14_18_13.csv
30-Dec-21 15:26:19 - INFO - FILENAME: from csv Files: Spiegel_27122021_12_13_02.csv
30-Dec-21 15:26:19 - INFO - FILENAME: from csv Files: Spiegel_12122021_12_52_28.csv
30-Dec-21 15:26:19 - INFO - FILENAME: from csv Files: Spiegel_09122021_16_31_37.csv
30-Dec-21 15:26:19 - INFO - FILENAME: from csv Files: Spiegel_20122021_14_48_57.csv
30-Dec-21 15:26:19 - INFO - FILENAME: from csv Files: Spiegel_16112021_15_39_14.csv
30-Dec-21 15:26:19 - INFO - FILENAME: from csv Files: Spiegel_15112021_12_10_20.csv
30-Dec-21 15:26:19 - INFO - FILENAME: from csv Files: Spiegel_10122021_13_36_39.csv
30-Dec-21 15:26:19 - INFO - FILENAME: from csv Files: Spiegel_29112021_14_12_39.csv
30-Dec-21 15:26:19 - INFO - FILENAME: from csv Files: Spiegel_25122021_13_54_08.csv
30-Dec-21 15:26:19 - INFO - FILENAME: from csv Files: Spiegel_11122021_12_18_30.csv
30-Dec-21 15:26:19 - INFO - FILENAME: from csv Files: Spiegel_26112021_17_26_38.csv
30-Dec-21 15:26:19 - INFO - FILENAME: from csv Files: Spiegel_03122021_12_06_04.csv
30-Dec-21 15:26:19 - INFO - FILENAME: from csv Files: Spiegel_30122021_13_47_01.csv
30-Dec-21 15:26:19 - INFO - FILENAME: from csv Files: Spiegel_19122021_13_03_02.csv
30-Dec-21 15:26:19 - INFO - get list of html Backlog
30-Dec-21 15:26:19 - INFO - 276 files in html Backlog...
30-Dec-21 15:26:19 - INFO - 243 Html files are not scraped yet
30-Dec-21 15:26:19 - INFO - Start scraping files...
30-Dec-21 15:26:19 - INFO - Scraping: Bild_17112021_12_02_16.html
30-Dec-21 15:26:19 - ERROR - BILD Scraper not implemented yet!
30-Dec-21 15:26:19 - INFO - Scraping: Sueddeutsche14_29122021_12_02_46.html
30-Dec-21 15:26:19 - INFO - Starting to Scrape Sueddeutsche file Sueddeutsche14_29122021_12_02_46.html
30-Dec-21 15:26:20 - INFO - <time class="entrylist__time">
    28.12.2021 | 11:39
</time>
30-Dec-21 15:26:20 - INFO - breadcrumb-List__Item not found
30-Dec-21 15:26:20 - INFO - Breadcrumb-list not found
30-Dec-21 15:26:20 - INFO - <time class="entrylist__time">
    28.12.2021 | 11:36
</time>
30-Dec-21 15:26:20 - INFO - Breadcrumb-list not found
30-Dec-21 15:26:20 - INFO - No author found
30-Dec-21 15:26:20 - INFO - <time class="entrylist__time">
    28.12.2021 | 11:34
</time>
30-Dec-21 15:26:20 - INFO - Breadcrumb-list not found
30-Dec-21 15:26:20 - INFO - No author found
30-Dec-21 15:26:20 - INFO - <time class="entrylist__time">
    28.12.2021 | 11:33
</time>
30-Dec-21 15:26:20 - INFO - Breadcrumb-list not found
30-Dec-21 15:26:20 - INFO - No author found
30-Dec-21 15:26:20 - INFO - <time class="entrylist__time">
    28.12.2021 | 11:33
</time>
30-Dec-21 15:26:20 - INFO - Breadcrumb-list not found
30-Dec-21 15:26:20 - INFO - No author found
30-Dec-21 15:26:20 - INFO - <time class="entrylist__time">
    28.12.2021 | 11:32
</time>
30-Dec-21 15:26:20 - INFO - Breadcrumb-list not found
30-Dec-21 15:26:20 - INFO - No author found
30-Dec-21 15:26:20 - INFO - <time class="entrylist__time">
    28.12.2021 | 11:32
</time>
30-Dec-21 15:26:20 - INFO - Breadcrumb-list not found
30-Dec-21 15:26:20 - INFO - No author found
30-Dec-21 15:26:20 - INFO - <time class="entrylist__time">
    28.12.2021 | 11:30
</time>
30-Dec-21 15:26:20 - INFO - Breadcrumb-list not found
30-Dec-21 15:26:20 - INFO - No author found
30-Dec-21 15:26:20 - INFO - <time class="entrylist__time">
    28.12.2021 | 11:29
</time>
30-Dec-21 15:26:20 - INFO - Breadcrumb-list not found
30-Dec-21 15:26:20 - INFO - No author found
30-Dec-21 15:26:20 - INFO - <time class="entrylist__time">
    28.12.2021 | 11:26
</time>
30-Dec-21 15:26:20 - INFO - Breadcrumb-list not found
30-Dec-21 15:26:20 - INFO - No author found
30-Dec-21 15:26:20 - INFO - <time class="entrylist__time">
    28.12.2021 | 11:26
</time>
30-Dec-21 15:26:20 - INFO - Breadcrumb-list not found
30-Dec-21 15:26:20 - INFO - No author found
30-Dec-21 15:26:20 - INFO - <time class="entrylist__time">
    28.12.2021 | 11:25
</time>
30-Dec-21 15:26:20 - INFO - No Overline found
30-Dec-21 15:26:20 - INFO - breadcrumb-List__Item not found
30-Dec-21 15:26:20 - INFO - Breadcrumb-list not found
30-Dec-21 15:26:20 - INFO - No author found
30-Dec-21 15:26:20 - INFO - <time class="entrylist__time">
    28.12.2021 | 11:25
</time>
30-Dec-21 15:26:20 - INFO - Breadcrumb-list not found
30-Dec-21 15:26:20 - INFO - No author found
30-Dec-21 15:26:20 - INFO - <time class="entrylist__time">
    28.12.2021 | 11:25
</time>
30-Dec-21 15:26:20 - INFO - Breadcrumb-list not found
30-Dec-21 15:26:20 - INFO - No author found
30-Dec-21 15:26:20 - INFO - <time class="entrylist__time">
    28.12.2021 | 11:23
</time>
30-Dec-21 15:26:20 - INFO - Breadcrumb-list not found
30-Dec-21 15:26:20 - INFO - No author found
30-Dec-21 15:26:20 - INFO - <time class="entrylist__time">
    28.12.2021 | 11:20
</time>
30-Dec-21 15:26:20 - INFO - Breadcrumb-list not found
30-Dec-21 15:26:20 - INFO - No author found
30-Dec-21 15:26:20 - INFO - <time class="entrylist__time">
    28.12.2021 | 11:19
</time>
30-Dec-21 15:26:20 - INFO - Breadcrumb-list not found
30-Dec-21 15:26:20 - INFO - No author found
30-Dec-21 15:26:20 - INFO - <time class="entrylist__time">
    28.12.2021 | 11:11
</time>
30-Dec-21 15:26:20 - INFO - Breadcrumb-list not found
30-Dec-21 15:26:20 - INFO - No author found
30-Dec-21 15:26:20 - INFO - <time class="entrylist__time">
    28.12.2021 | 11:09
</time>
30-Dec-21 15:26:20 - INFO - Breadcrumb-list not found
30-Dec-21 15:26:20 - INFO - No author found
30-Dec-21 15:26:20 - INFO - <time class="entrylist__time">
    28.12.2021 | 11:08
</time>
30-Dec-21 15:26:20 - INFO - Breadcrumb-list not found
30-Dec-21 15:26:20 - INFO - No author found
30-Dec-21 15:26:20 - INFO - <time class="entrylist__time">
    28.12.2021 | 11:07
</time>
30-Dec-21 15:26:20 - INFO - breadcrumb-List__Item not found
30-Dec-21 15:26:20 - INFO - Breadcrumb-list not found
30-Dec-21 15:26:20 - INFO - <time class="entrylist__time">
    28.12.2021 | 11:05
</time>
30-Dec-21 15:26:20 - INFO - Breadcrumb-list not found
30-Dec-21 15:26:20 - INFO - No author found
30-Dec-21 15:26:20 - INFO - <time class="entrylist__time">
    28.12.2021 | 11:04
</time>
30-Dec-21 15:26:20 - INFO - Breadcrumb-list not found
30-Dec-21 15:26:20 - INFO - No author found
30-Dec-21 15:26:20 - INFO - <time class="entrylist__time">
    28.12.2021 | 11:02
</time>
30-Dec-21 15:26:20 - INFO - Breadcrumb-list not found
30-Dec-21 15:26:20 - INFO - No author found
30-Dec-21 15:26:20 - INFO - <time class="entrylist__time">
    28.12.2021 | 11:01
</time>
30-Dec-21 15:26:20 - INFO - Breadcrumb-list not found
30-Dec-21 15:26:20 - INFO - No author found
30-Dec-21 15:26:20 - INFO - <time class="entrylist__time">
    28.12.2021 | 11:00
</time>
30-Dec-21 15:26:20 - INFO - Breadcrumb-list not found
30-Dec-21 15:26:20 - INFO - No author found
30-Dec-21 15:26:20 - INFO - <time class="entrylist__time">
    28.12.2021 | 10:57
</time>
30-Dec-21 15:26:20 - INFO - Breadcrumb-list not found
30-Dec-21 15:26:20 - INFO - No author found
30-Dec-21 15:26:20 - INFO - <time class="entrylist__time">
    28.12.2021 | 10:55
</time>
30-Dec-21 15:26:20 - INFO - Breadcrumb-list not found
30-Dec-21 15:26:20 - INFO - No author found
30-Dec-21 15:26:20 - INFO - <time class="entrylist__time">
    28.12.2021 | 10:54
</time>
30-Dec-21 15:26:20 - INFO - Breadcrumb-list not found
30-Dec-21 15:26:20 - INFO - No author found
30-Dec-21 15:26:20 - INFO - <time class="entrylist__time">
    28.12.2021 | 10:51
</time>
30-Dec-21 15:26:20 - INFO - Breadcrumb-list not found
30-Dec-21 15:26:20 - INFO - No author found
30-Dec-21 15:26:20 - INFO - <time class="entrylist__time">
    28.12.2021 | 10:50
</time>
30-Dec-21 15:26:20 - INFO - Breadcrumb-list not found
30-Dec-21 15:26:20 - INFO - No author found
30-Dec-21 15:26:20 - INFO - <time class="entrylist__time">
    28.12.2021 | 10:48
</time>
30-Dec-21 15:26:20 - INFO - Breadcrumb-list not found
30-Dec-21 15:26:20 - INFO - No author found
30-Dec-21 15:26:20 - INFO - <time class="entrylist__time">
    28.12.2021 | 10:48
</time>
30-Dec-21 15:26:20 - INFO - breadcrumb-List__Item not found
30-Dec-21 15:26:20 - INFO - Breadcrumb-list not found
30-Dec-21 15:26:20 - INFO - No author found
30-Dec-21 15:26:20 - INFO - <time class="entrylist__time">
    28.12.2021 | 10:45
</time>
30-Dec-21 15:26:20 - INFO - Breadcrumb-list not found
30-Dec-21 15:26:20 - INFO - No author found
30-Dec-21 15:26:20 - INFO - <time class="entrylist__time">
    28.12.2021 | 10:44
</time>
30-Dec-21 15:26:20 - INFO - breadcrumb-List__Item not found
30-Dec-21 15:26:20 - INFO - Breadcrumb-list not found
30-Dec-21 15:26:20 - INFO - <time class="entrylist__time">
    28.12.2021 | 10:44
</time>
30-Dec-21 15:26:20 - INFO - Breadcrumb-list not found
30-Dec-21 15:26:20 - INFO - No author found
30-Dec-21 15:26:20 - INFO - <time class="entrylist__time">
    28.12.2021 | 10:41
</time>
30-Dec-21 15:26:20 - INFO - Breadcrumb-list not found
30-Dec-21 15:26:20 - INFO - No author found
30-Dec-21 15:26:20 - INFO - <time class="entrylist__time">
    28.12.2021 | 10:39
</time>
30-Dec-21 15:26:20 - INFO - breadcrumb-List__Item not found
30-Dec-21 15:26:20 - INFO - Breadcrumb-list not found
30-Dec-21 15:26:20 - INFO - No author found
30-Dec-21 15:26:20 - INFO - <time class="entrylist__time">
    28.12.2021 | 10:39
</time>
30-Dec-21 15:26:20 - INFO - No Overline found
30-Dec-21 15:26:20 - INFO - breadcrumb-List__Item not found
30-Dec-21 15:26:20 - INFO - Breadcrumb-list not found
30-Dec-21 15:26:20 - INFO - No author found
30-Dec-21 15:26:20 - INFO - <time class="entrylist__time">
    28.12.2021 | 10:35
</time>
30-Dec-21 15:26:20 - INFO - Breadcrumb-list not found
30-Dec-21 15:26:20 - INFO - No author found
30-Dec-21 15:26:20 - INFO - <time class="entrylist__time">
    28.12.2021 | 10:33
</time>
30-Dec-21 15:26:20 - INFO - Breadcrumb-list not found
30-Dec-21 15:26:20 - INFO - No author found
30-Dec-21 15:26:20 - INFO - <time class="entrylist__time">
    28.12.2021 | 10:32
</time>
30-Dec-21 15:26:20 - INFO - Breadcrumb-list not found
30-Dec-21 15:26:20 - INFO - No author found
30-Dec-21 15:26:20 - INFO - <time class="entrylist__time">
    28.12.2021 | 10:30
</time>
30-Dec-21 15:26:20 - INFO - Breadcrumb-list not found
30-Dec-21 15:26:20 - INFO - No author found
30-Dec-21 15:26:20 - INFO - <time class="entrylist__time">
    28.12.2021 | 10:28
</time>
30-Dec-21 15:26:20 - INFO - Breadcrumb-list not found
30-Dec-21 15:26:20 - INFO - No author found
30-Dec-21 15:26:20 - INFO - <time class="entrylist__time">
    28.12.2021 | 10:27
</time>
30-Dec-21 15:26:20 - INFO - Breadcrumb-list not found
30-Dec-21 15:26:20 - INFO - No author found
30-Dec-21 15:26:20 - INFO - <time class="entrylist__time">
    28.12.2021 | 10:26
</time>
30-Dec-21 15:26:20 - INFO - Breadcrumb-list not found
30-Dec-21 15:26:20 - INFO - No author found
30-Dec-21 15:26:20 - INFO - <time class="entrylist__time">
    28.12.2021 | 10:24
</time>
30-Dec-21 15:26:20 - INFO - Breadcrumb-list not found
30-Dec-21 15:26:20 - INFO - No author found
30-Dec-21 15:26:20 - INFO - <time class="entrylist__time">
    28.12.2021 | 10:23
</time>
30-Dec-21 15:26:20 - INFO - breadcrumb-List__Item not found
30-Dec-21 15:26:20 - INFO - Breadcrumb-list not found
30-Dec-21 15:26:20 - INFO - No author found
30-Dec-21 15:26:20 - INFO - <time class="entrylist__time">
    28.12.2021 | 10:22
</time>
30-Dec-21 15:26:20 - INFO - Breadcrumb-list not found
30-Dec-21 15:26:20 - INFO - No author found
30-Dec-21 15:26:20 - INFO - <time class="entrylist__time">
    28.12.2021 | 10:22
</time>
30-Dec-21 15:26:20 - INFO - Breadcrumb-list not found
30-Dec-21 15:26:20 - INFO - No author found
30-Dec-21 15:26:20 - INFO - Scraping: Sueddeutsche3_28122021_14_18_48.html
30-Dec-21 15:26:20 - INFO - Starting to Scrape Sueddeutsche file Sueddeutsche3_28122021_14_18_48.html
30-Dec-21 15:26:20 - INFO - <time class="entrylist__time">
    10:28
</time>
30-Dec-21 15:26:20 - INFO - Breadcrumb-list not found
30-Dec-21 15:26:20 - INFO - No author found
30-Dec-21 15:26:20 - INFO - <time class="entrylist__time">
    10:27
</time>
30-Dec-21 15:26:20 - INFO - Breadcrumb-list not found
30-Dec-21 15:26:20 - INFO - No author found
30-Dec-21 15:26:20 - INFO - <time class="entrylist__time">
    10:26
</time>
30-Dec-21 15:26:20 - INFO - Breadcrumb-list not found
30-Dec-21 15:26:20 - INFO - No author found
30-Dec-21 15:26:20 - INFO - <time class="entrylist__time">
    10:24
</time>
30-Dec-21 15:26:20 - INFO - Breadcrumb-list not found
30-Dec-21 15:26:20 - INFO - No author found
30-Dec-21 15:26:20 - INFO - <time class="entrylist__time">
    10:23
</time>
30-Dec-21 15:26:20 - INFO - No Overline found
30-Dec-21 15:26:20 - INFO - breadcrumb-List__Item not found
30-Dec-21 15:26:20 - INFO - Breadcrumb-list not found
30-Dec-21 15:26:20 - INFO - No author found
30-Dec-21 15:26:20 - INFO - <time class="entrylist__time">
    10:22
</time>
30-Dec-21 15:26:20 - INFO - Breadcrumb-list not found
30-Dec-21 15:26:20 - INFO - No author found
30-Dec-21 15:26:20 - INFO - <time class="entrylist__time">
    10:22
</time>
30-Dec-21 15:26:20 - INFO - Breadcrumb-list not found
30-Dec-21 15:26:20 - INFO - No author found
30-Dec-21 15:26:20 - INFO - <time class="entrylist__time">
    10:21
</time>
30-Dec-21 15:26:20 - INFO - Breadcrumb-list not found
30-Dec-21 15:26:20 - INFO - No author found
30-Dec-21 15:26:20 - INFO - <time class="entrylist__time">
    10:18
</time>
30-Dec-21 15:26:20 - INFO - Breadcrumb-list not found
30-Dec-21 15:26:20 - INFO - No author found
30-Dec-21 15:26:20 - INFO - <time class="entrylist__time">
    10:18
</time>
30-Dec-21 15:26:20 - INFO - Breadcrumb-list not found
30-Dec-21 15:26:20 - INFO - No author found
30-Dec-21 15:26:20 - INFO - <time class="entrylist__time">
    10:17
</time>
30-Dec-21 15:26:20 - INFO - Breadcrumb-list not found
30-Dec-21 15:26:20 - INFO - No author found
30-Dec-21 15:26:20 - INFO - <time class="entrylist__time">
    10:16
</time>
30-Dec-21 15:26:20 - INFO - Breadcrumb-list not found
30-Dec-21 15:26:20 - INFO - No author found
30-Dec-21 15:26:20 - INFO - <time class="entrylist__time">
    10:14
</time>
30-Dec-21 15:26:20 - INFO - breadcrumb-List__Item not found
30-Dec-21 15:26:20 - INFO - Breadcrumb-list not found
30-Dec-21 15:26:20 - INFO - <time class="entrylist__time">
    10:11
</time>
30-Dec-21 15:26:20 - INFO - Breadcrumb-list not found
30-Dec-21 15:26:20 - INFO - No author found
30-Dec-21 15:26:20 - INFO - <time class="entrylist__time">
    10:11
</time>
30-Dec-21 15:26:20 - INFO - Breadcrumb-list not found
30-Dec-21 15:26:20 - INFO - No author found
30-Dec-21 15:26:20 - INFO - <time class="entrylist__time">
    10:10
</time>
30-Dec-21 15:26:20 - INFO - breadcrumb-List__Item not found
30-Dec-21 15:26:20 - INFO - Breadcrumb-list not found
30-Dec-21 15:26:20 - INFO - <time class="entrylist__time">
    10:09
</time>
30-Dec-21 15:26:20 - INFO - Breadcrumb-list not found
30-Dec-21 15:26:20 - INFO - No author found
30-Dec-21 15:26:20 - INFO - <time class="entrylist__time">
    10:08
</time>
30-Dec-21 15:26:20 - INFO - breadcrumb-List__Item not found
30-Dec-21 15:26:20 - INFO - Breadcrumb-list not found
30-Dec-21 15:26:20 - INFO - <time class="entrylist__time">
    10:06
</time>
30-Dec-21 15:26:20 - INFO - Breadcrumb-list not found
30-Dec-21 15:26:20 - INFO - No author found
30-Dec-21 15:26:20 - INFO - <time class="entrylist__time">
    10:04
</time>
30-Dec-21 15:26:20 - INFO - Breadcrumb-list not found
30-Dec-21 15:26:20 - INFO - No author found
30-Dec-21 15:26:20 - INFO - <time class="entrylist__time">
    10:03
</time>
30-Dec-21 15:26:20 - INFO - Breadcrumb-list not found
30-Dec-21 15:26:20 - INFO - No author found
30-Dec-21 15:26:20 - INFO - <time class="entrylist__time">
    10:02
</time>
30-Dec-21 15:26:20 - INFO - Breadcrumb-list not found
30-Dec-21 15:26:20 - INFO - No author found
30-Dec-21 15:26:20 - INFO - <time class="entrylist__time">
    10:00
</time>
30-Dec-21 15:26:20 - INFO - Breadcrumb-list not found
30-Dec-21 15:26:20 - INFO - No author found
30-Dec-21 15:26:20 - INFO - <time class="entrylist__time">
    10:00
</time>
30-Dec-21 15:26:20 - INFO - Breadcrumb-list not found
30-Dec-21 15:26:20 - INFO - No author found
30-Dec-21 15:26:20 - INFO - <time class="entrylist__time">
    09:59
</time>
30-Dec-21 15:26:20 - INFO - Breadcrumb-list not found
30-Dec-21 15:26:20 - INFO - No author found
30-Dec-21 15:26:20 - INFO - <time class="entrylist__time">
    09:58
</time>
30-Dec-21 15:26:20 - INFO - Breadcrumb-list not found
30-Dec-21 15:26:20 - INFO - No author found
30-Dec-21 15:26:20 - INFO - <time class="entrylist__time">
    09:57
</time>
30-Dec-21 15:26:20 - INFO - breadcrumb-List__Item not found
30-Dec-21 15:26:20 - INFO - Breadcrumb-list not found
30-Dec-21 15:26:20 - INFO - <time class="entrylist__time">
    09:55
</time>
30-Dec-21 15:26:20 - INFO - Breadcrumb-list not found
30-Dec-21 15:26:20 - INFO - No author found
30-Dec-21 15:26:20 - INFO - <time class="entrylist__time">
    09:54
</time>
30-Dec-21 15:26:20 - INFO - Breadcrumb-list not found
30-Dec-21 15:26:20 - INFO - No author found
30-Dec-21 15:26:20 - INFO - <time class="entrylist__time">
    09:50
</time>
30-Dec-21 15:26:20 - INFO - Breadcrumb-list not found
30-Dec-21 15:26:20 - INFO - No author found
30-Dec-21 15:26:20 - INFO - <time class="entrylist__time">
    09:46
</time>
30-Dec-21 15:26:20 - INFO - No Overline found
30-Dec-21 15:26:20 - INFO - breadcrumb-List__Item not found
30-Dec-21 15:26:20 - INFO - Breadcrumb-list not found
30-Dec-21 15:26:20 - INFO - No author found
30-Dec-21 15:26:20 - INFO - <time class="entrylist__time">
    09:46
</time>
30-Dec-21 15:26:20 - INFO - Breadcrumb-list not found
30-Dec-21 15:26:20 - INFO - No author found
30-Dec-21 15:26:20 - INFO - <time class="entrylist__time">
    09:45
</time>
30-Dec-21 15:26:20 - INFO - Breadcrumb-list not found
30-Dec-21 15:26:20 - INFO - No author found
30-Dec-21 15:26:20 - INFO - <time class="entrylist__time">
    09:43
</time>
30-Dec-21 15:26:20 - INFO - Breadcrumb-list not found
30-Dec-21 15:26:20 - INFO - No author found
30-Dec-21 15:26:20 - INFO - <time class="entrylist__time">
    09:41
</time>
30-Dec-21 15:26:20 - INFO - Breadcrumb-list not found
30-Dec-21 15:26:20 - INFO - No author found
30-Dec-21 15:26:20 - INFO - <time class="entrylist__time">
    09:39
</time>
30-Dec-21 15:26:20 - INFO - Breadcrumb-list not found
30-Dec-21 15:26:20 - INFO - No author found
30-Dec-21 15:26:20 - INFO - <time class="entrylist__time">
    09:37
</time>
30-Dec-21 15:26:20 - INFO - breadcrumb-List__Item not found
30-Dec-21 15:26:20 - INFO - Breadcrumb-list not found
30-Dec-21 15:26:20 - INFO - <time class="entrylist__time">
    09:36
</time>
30-Dec-21 15:26:20 - INFO - Breadcrumb-list not found
30-Dec-21 15:26:20 - INFO - No author found
30-Dec-21 15:26:20 - INFO - <time class="entrylist__time">
    09:34
</time>
30-Dec-21 15:26:20 - INFO - Breadcrumb-list not found
30-Dec-21 15:26:20 - INFO - No author found
30-Dec-21 15:26:20 - INFO - <time class="entrylist__time">
    09:33
</time>
30-Dec-21 15:26:20 - INFO - No Overline found
30-Dec-21 15:26:20 - INFO - breadcrumb-List__Item not found
30-Dec-21 15:26:20 - INFO - Breadcrumb-list not found
30-Dec-21 15:26:20 - INFO - No author found
30-Dec-21 15:26:20 - INFO - <time class="entrylist__time">
    09:31
</time>
30-Dec-21 15:26:20 - INFO - Breadcrumb-list not found
30-Dec-21 15:26:20 - INFO - No author found
30-Dec-21 15:26:20 - INFO - <time class="entrylist__time">
    09:30
</time>
30-Dec-21 15:26:20 - INFO - Breadcrumb-list not found
30-Dec-21 15:26:20 - INFO - No author found
30-Dec-21 15:26:20 - INFO - <time class="entrylist__time">
    09:30
</time>
30-Dec-21 15:26:20 - INFO - Breadcrumb-list not found
30-Dec-21 15:26:20 - INFO - No author found
30-Dec-21 15:26:20 - INFO - <time class="entrylist__time">
    09:29
</time>
30-Dec-21 15:26:20 - INFO - Breadcrumb-list not found
30-Dec-21 15:26:20 - INFO - No author found
30-Dec-21 15:26:20 - INFO - <time class="entrylist__time">
    09:26
</time>
30-Dec-21 15:26:20 - INFO - Breadcrumb-list not found
30-Dec-21 15:26:20 - INFO - No author found
30-Dec-21 15:26:20 - INFO - <time class="entrylist__time">
    09:25
</time>
30-Dec-21 15:26:20 - INFO - breadcrumb-List__Item not found
30-Dec-21 15:26:20 - INFO - Breadcrumb-list not found
30-Dec-21 15:26:20 - INFO - <time class="entrylist__time">
    09:22
</time>
30-Dec-21 15:26:20 - INFO - breadcrumb-List__Item not found
30-Dec-21 15:26:20 - INFO - Breadcrumb-list not found
30-Dec-21 15:26:20 - INFO - <time class="entrylist__time">
    09:22
</time>
30-Dec-21 15:26:20 - INFO - Breadcrumb-list not found
30-Dec-21 15:26:20 - INFO - No author found
30-Dec-21 15:26:20 - INFO - <time class="entrylist__time">
    09:17
</time>
30-Dec-21 15:26:20 - INFO - Breadcrumb-list not found
30-Dec-21 15:26:20 - INFO - No author found
30-Dec-21 15:26:20 - INFO - <time class="entrylist__time">
    09:11
</time>
30-Dec-21 15:26:20 - INFO - Breadcrumb-list not found
30-Dec-21 15:26:20 - INFO - No author found
30-Dec-21 15:26:20 - INFO - Scraping: Sueddeutsche_25122021_13_53_18_Page4.html
30-Dec-21 15:26:20 - INFO - Starting to Scrape Sueddeutsche file Sueddeutsche_25122021_13_53_18_Page4.html
30-Dec-21 15:26:20 - INFO - <time class="entrylist__time">
    09:09
</time>
30-Dec-21 15:26:20 - INFO - Breadcrumb-list not found
30-Dec-21 15:26:20 - INFO - No author found
30-Dec-21 15:26:20 - INFO - <time class="entrylist__time">
    09:07
</time>
30-Dec-21 15:26:20 - INFO - Breadcrumb-list not found
30-Dec-21 15:26:20 - INFO - No author found
30-Dec-21 15:26:20 - INFO - <time class="entrylist__time">
    09:06
</time>
30-Dec-21 15:26:20 - INFO - Breadcrumb-list not found
30-Dec-21 15:26:20 - INFO - No author found
30-Dec-21 15:26:20 - INFO - <time class="entrylist__time">
    09:05
</time>
30-Dec-21 15:26:20 - INFO - Breadcrumb-list not found
30-Dec-21 15:26:20 - INFO - No author found
30-Dec-21 15:26:20 - INFO - <time class="entrylist__time">
    09:04
</time>
30-Dec-21 15:26:20 - INFO - Breadcrumb-list not found
30-Dec-21 15:26:20 - INFO - No author found
30-Dec-21 15:26:20 - INFO - <time class="entrylist__time">
    09:03
</time>
30-Dec-21 15:26:20 - INFO - Breadcrumb-list not found
30-Dec-21 15:26:20 - INFO - No author found
30-Dec-21 15:26:20 - INFO - <time class="entrylist__time">
    09:02
</time>
30-Dec-21 15:26:20 - INFO - Breadcrumb-list not found
30-Dec-21 15:26:20 - INFO - No author found
30-Dec-21 15:26:20 - INFO - <time class="entrylist__time">
    09:01
</time>
30-Dec-21 15:26:20 - INFO - Breadcrumb-list not found
30-Dec-21 15:26:20 - INFO - No author found
30-Dec-21 15:26:20 - INFO - <time class="entrylist__time">
    09:00
</time>
30-Dec-21 15:26:20 - INFO - Breadcrumb-list not found
30-Dec-21 15:26:20 - INFO - No author found
30-Dec-21 15:26:20 - INFO - <time class="entrylist__time">
    08:58
</time>
30-Dec-21 15:26:20 - INFO - Breadcrumb-list not found
30-Dec-21 15:26:20 - INFO - No author found
30-Dec-21 15:26:20 - INFO - <time class="entrylist__time">
    08:56
</time>
30-Dec-21 15:26:20 - INFO - Breadcrumb-list not found
30-Dec-21 15:26:20 - INFO - No author found
30-Dec-21 15:26:20 - INFO - <time class="entrylist__time">
    08:56
</time>
30-Dec-21 15:26:20 - INFO - Breadcrumb-list not found
30-Dec-21 15:26:20 - INFO - No author found
30-Dec-21 15:26:20 - INFO - <time class="entrylist__time">
    08:54
</time>
30-Dec-21 15:26:20 - INFO - Breadcrumb-list not found
30-Dec-21 15:26:20 - INFO - No author found
30-Dec-21 15:26:20 - INFO - <time class="entrylist__time">
    08:53
</time>
30-Dec-21 15:26:20 - INFO - Breadcrumb-list not found
30-Dec-21 15:26:20 - INFO - No author found
30-Dec-21 15:26:20 - INFO - <time class="entrylist__time">
    08:50
</time>
30-Dec-21 15:26:20 - INFO - Breadcrumb-list not found
30-Dec-21 15:26:20 - INFO - No author found
30-Dec-21 15:26:20 - INFO - <time class="entrylist__time">
    08:49
</time>
30-Dec-21 15:26:20 - INFO - Breadcrumb-list not found
30-Dec-21 15:26:20 - INFO - No author found
30-Dec-21 15:26:20 - INFO - <time class="entrylist__time">
    08:47
</time>
30-Dec-21 15:26:20 - INFO - Breadcrumb-list not found
30-Dec-21 15:26:20 - INFO - No author found
30-Dec-21 15:26:20 - INFO - <time class="entrylist__time">
    08:45
</time>
30-Dec-21 15:26:20 - INFO - No Overline found
30-Dec-21 15:26:20 - INFO - breadcrumb-List__Item not found
30-Dec-21 15:26:20 - INFO - Breadcrumb-list not found
30-Dec-21 15:26:20 - INFO - No author found
30-Dec-21 15:26:20 - INFO - <time class="entrylist__time">
    08:43
</time>
30-Dec-21 15:26:20 - INFO - Breadcrumb-list not found
30-Dec-21 15:26:20 - INFO - No author found
30-Dec-21 15:26:20 - INFO - <time class="entrylist__time">
    08:39
</time>
30-Dec-21 15:26:20 - INFO - Breadcrumb-list not found
30-Dec-21 15:26:20 - INFO - No author found
30-Dec-21 15:26:20 - INFO - <time class="entrylist__time">
    08:37
</time>
30-Dec-21 15:26:20 - INFO - Breadcrumb-list not found
30-Dec-21 15:26:20 - INFO - No author found
30-Dec-21 15:26:20 - INFO - <time class="entrylist__time">
    08:35
</time>
30-Dec-21 15:26:20 - INFO - Breadcrumb-list not found
30-Dec-21 15:26:20 - INFO - No author found
30-Dec-21 15:26:20 - INFO - <time class="entrylist__time">
    08:32
</time>
30-Dec-21 15:26:20 - INFO - Breadcrumb-list not found
30-Dec-21 15:26:20 - INFO - No author found
30-Dec-21 15:26:20 - INFO - <time class="entrylist__time">
    08:30
</time>
30-Dec-21 15:26:20 - INFO - Breadcrumb-list not found
30-Dec-21 15:26:20 - INFO - No author found
30-Dec-21 15:26:20 - INFO - <time class="entrylist__time">
    08:30
</time>
30-Dec-21 15:26:20 - INFO - Breadcrumb-list not found
30-Dec-21 15:26:20 - INFO - No author found
30-Dec-21 15:26:20 - INFO - <time class="entrylist__time">
    08:27
</time>
30-Dec-21 15:26:20 - INFO - Breadcrumb-list not found
30-Dec-21 15:26:20 - INFO - No author found
30-Dec-21 15:26:20 - INFO - <time class="entrylist__time">
    08:26
</time>
30-Dec-21 15:26:20 - INFO - breadcrumb-List__Item not found
30-Dec-21 15:26:20 - INFO - Breadcrumb-list not found
30-Dec-21 15:26:20 - INFO - <time class="entrylist__time">
    08:25
</time>
30-Dec-21 15:26:20 - INFO - Breadcrumb-list not found
30-Dec-21 15:26:20 - INFO - No author found
30-Dec-21 15:26:20 - INFO - <time class="entrylist__time">
    08:22
</time>
30-Dec-21 15:26:20 - INFO - Breadcrumb-list not found
30-Dec-21 15:26:20 - INFO - No author found
30-Dec-21 15:26:20 - INFO - <time class="entrylist__time">
    08:20
</time>
30-Dec-21 15:26:20 - INFO - Breadcrumb-list not found
30-Dec-21 15:26:20 - INFO - No author found
30-Dec-21 15:26:20 - INFO - <time class="entrylist__time">
    08:17
</time>
30-Dec-21 15:26:20 - INFO - Breadcrumb-list not found
30-Dec-21 15:26:20 - INFO - No author found
30-Dec-21 15:26:20 - INFO - <time class="entrylist__time">
    08:15
</time>
30-Dec-21 15:26:20 - INFO - Breadcrumb-list not found
30-Dec-21 15:26:20 - INFO - No author found
30-Dec-21 15:26:20 - INFO - <time class="entrylist__time">
    07:57
</time>
30-Dec-21 15:26:20 - INFO - Breadcrumb-list not found
30-Dec-21 15:26:20 - INFO - No author found
30-Dec-21 15:26:20 - INFO - <time class="entrylist__time">
    07:45
</time>
30-Dec-21 15:26:20 - INFO - Breadcrumb-list not found
30-Dec-21 15:26:20 - INFO - No author found
30-Dec-21 15:26:20 - INFO - <time class="entrylist__time">
    07:35
</time>
30-Dec-21 15:26:20 - INFO - Breadcrumb-list not found
30-Dec-21 15:26:20 - INFO - No author found
30-Dec-21 15:26:20 - INFO - <time class="entrylist__time">
    07:20
</time>
30-Dec-21 15:26:20 - INFO - Breadcrumb-list not found
30-Dec-21 15:26:20 - INFO - No author found
30-Dec-21 15:26:20 - INFO - <time class="entrylist__time">
    07:07
</time>
30-Dec-21 15:26:20 - INFO - Breadcrumb-list not found
30-Dec-21 15:26:20 - INFO - No author found
30-Dec-21 15:26:20 - INFO - <time class="entrylist__time">
    07:04
</time>
30-Dec-21 15:26:20 - INFO - breadcrumb-List__Item not found
30-Dec-21 15:26:20 - INFO - Breadcrumb-list not found
30-Dec-21 15:26:20 - INFO - <time class="entrylist__time">
    06:34
</time>
30-Dec-21 15:26:20 - INFO - breadcrumb-List__Item not found
30-Dec-21 15:26:20 - INFO - Breadcrumb-list not found
30-Dec-21 15:26:20 - INFO - <time class="entrylist__time">
    06:33
</time>
30-Dec-21 15:26:20 - INFO - breadcrumb-List__Item not found
30-Dec-21 15:26:20 - INFO - Breadcrumb-list not found
30-Dec-21 15:26:20 - INFO - <time class="entrylist__time">
    06:31
</time>
30-Dec-21 15:26:20 - INFO - breadcrumb-List__Item not found
30-Dec-21 15:26:20 - INFO - Breadcrumb-list not found
30-Dec-21 15:26:20 - INFO - <time class="entrylist__time">
    06:06
</time>
30-Dec-21 15:26:20 - INFO - breadcrumb-List__Item not found
30-Dec-21 15:26:20 - INFO - Breadcrumb-list not found
30-Dec-21 15:26:20 - INFO - <time class="entrylist__time">
    05:19
</time>
30-Dec-21 15:26:20 - INFO - Breadcrumb-list not found
30-Dec-21 15:26:20 - INFO - No author found
30-Dec-21 15:26:20 - INFO - <time class="entrylist__time">
    05:10
</time>
30-Dec-21 15:26:20 - INFO - Breadcrumb-list not found
30-Dec-21 15:26:20 - INFO - No author found
30-Dec-21 15:26:20 - INFO - <time class="entrylist__time">
    03:36
</time>
30-Dec-21 15:26:20 - INFO - Breadcrumb-list not found
30-Dec-21 15:26:20 - INFO - No author found
30-Dec-21 15:26:20 - INFO - <time class="entrylist__time">
    03:15
</time>
30-Dec-21 15:26:20 - INFO - Breadcrumb-list not found
30-Dec-21 15:26:20 - INFO - No author found
30-Dec-21 15:26:20 - INFO - <time class="entrylist__time">
    02:09
</time>
30-Dec-21 15:26:20 - INFO - Breadcrumb-list not found
30-Dec-21 15:26:20 - INFO - No author found
30-Dec-21 15:26:20 - INFO - <time class="entrylist__time">
    24.12.2021 | 22:55
</time>
30-Dec-21 15:26:20 - INFO - Breadcrumb-list not found
30-Dec-21 15:26:20 - INFO - No author found
30-Dec-21 15:26:20 - INFO - <time class="entrylist__time">
    24.12.2021 | 20:53
</time>
30-Dec-21 15:26:20 - INFO - Breadcrumb-list not found
30-Dec-21 15:26:20 - INFO - No author found
30-Dec-21 15:26:20 - INFO - <time class="entrylist__time">
    24.12.2021 | 19:58
</time>
30-Dec-21 15:26:20 - INFO - Breadcrumb-list not found
30-Dec-21 15:26:20 - INFO - No author found
30-Dec-21 15:26:20 - INFO - Scraping: Sueddeutsche_16122021_12_01_14_Page3.html
30-Dec-21 15:26:20 - INFO - Starting to Scrape Sueddeutsche file Sueddeutsche_16122021_12_01_14_Page3.html
30-Dec-21 15:26:20 - INFO - <time class="entrylist__time">
    08:24
</time>
30-Dec-21 15:26:20 - INFO - Breadcrumb-list not found
30-Dec-21 15:26:20 - INFO - No author found
30-Dec-21 15:26:20 - INFO - <time class="entrylist__time">
    08:23
</time>
30-Dec-21 15:26:20 - INFO - Breadcrumb-list not found
30-Dec-21 15:26:20 - INFO - No author found
30-Dec-21 15:26:20 - INFO - <time class="entrylist__time">
    08:21
</time>
30-Dec-21 15:26:20 - INFO - Breadcrumb-list not found
30-Dec-21 15:26:20 - INFO - No author found
30-Dec-21 15:26:20 - INFO - <time class="entrylist__time">
    08:20
</time>
30-Dec-21 15:26:20 - INFO - Breadcrumb-list not found
30-Dec-21 15:26:20 - INFO - No author found
30-Dec-21 15:26:20 - INFO - <time class="entrylist__time">
    08:19
</time>
30-Dec-21 15:26:20 - INFO - Breadcrumb-list not found
30-Dec-21 15:26:20 - INFO - No author found
30-Dec-21 15:26:20 - INFO - <time class="entrylist__time">
    08:16
</time>
30-Dec-21 15:26:20 - INFO - Breadcrumb-list not found
30-Dec-21 15:26:20 - INFO - No author found
30-Dec-21 15:26:20 - INFO - <time class="entrylist__time">
    08:15
</time>
30-Dec-21 15:26:20 - INFO - Breadcrumb-list not found
30-Dec-21 15:26:20 - INFO - No author found
30-Dec-21 15:26:20 - INFO - <time class="entrylist__time">
    08:14
</time>
30-Dec-21 15:26:20 - INFO - Breadcrumb-list not found
30-Dec-21 15:26:20 - INFO - No author found
30-Dec-21 15:26:20 - INFO - <time class="entrylist__time">
    08:07
</time>
30-Dec-21 15:26:20 - INFO - breadcrumb-List__Item not found
30-Dec-21 15:26:20 - INFO - Breadcrumb-list not found
30-Dec-21 15:26:20 - INFO - <time class="entrylist__time">
    08:04
</time>
30-Dec-21 15:26:20 - INFO - Breadcrumb-list not found
30-Dec-21 15:26:20 - INFO - No author found
30-Dec-21 15:26:20 - INFO - <time class="entrylist__time">
    08:01
</time>
30-Dec-21 15:26:20 - INFO - breadcrumb-List__Item not found
30-Dec-21 15:26:20 - INFO - Breadcrumb-list not found
30-Dec-21 15:26:20 - INFO - No author found
30-Dec-21 15:26:20 - INFO - <time class="entrylist__time">
    07:57
</time>
30-Dec-21 15:26:20 - INFO - No Overline found
30-Dec-21 15:26:20 - INFO - breadcrumb-List__Item not found
30-Dec-21 15:26:20 - INFO - Breadcrumb-list not found
30-Dec-21 15:26:20 - INFO - No author found
30-Dec-21 15:26:20 - INFO - <time class="entrylist__time">
    07:49
</time>
30-Dec-21 15:26:20 - INFO - Breadcrumb-list not found
30-Dec-21 15:26:20 - INFO - No author found
30-Dec-21 15:26:20 - INFO - <time class="entrylist__time">
    07:48
</time>
30-Dec-21 15:26:20 - INFO - Breadcrumb-list not found
30-Dec-21 15:26:20 - INFO - No author found
30-Dec-21 15:26:20 - INFO - <time class="entrylist__time">
    07:46
</time>
30-Dec-21 15:26:20 - INFO - Breadcrumb-list not found
30-Dec-21 15:26:20 - INFO - No author found
30-Dec-21 15:26:20 - INFO - <time class="entrylist__time">
    07:45
</time>
30-Dec-21 15:26:20 - INFO - Breadcrumb-list not found
30-Dec-21 15:26:20 - INFO - No author found
30-Dec-21 15:26:20 - INFO - <time class="entrylist__time">
    07:45
</time>
30-Dec-21 15:26:20 - INFO - No Overline found
30-Dec-21 15:26:20 - INFO - breadcrumb-List__Item not found
30-Dec-21 15:26:20 - INFO - Breadcrumb-list not found
30-Dec-21 15:26:20 - INFO - No author found
30-Dec-21 15:26:20 - INFO - <time class="entrylist__time">
    07:44
</time>
30-Dec-21 15:26:20 - INFO - Breadcrumb-list not found
30-Dec-21 15:26:20 - INFO - No author found
30-Dec-21 15:26:20 - INFO - <time class="entrylist__time">
    07:42
</time>
30-Dec-21 15:26:20 - INFO - Breadcrumb-list not found
30-Dec-21 15:26:20 - INFO - No author found
30-Dec-21 15:26:20 - INFO - <time class="entrylist__time">
    07:41
</time>
30-Dec-21 15:26:20 - INFO - Breadcrumb-list not found
30-Dec-21 15:26:20 - INFO - No author found
30-Dec-21 15:26:20 - INFO - <time class="entrylist__time">
    07:38
</time>
30-Dec-21 15:26:20 - INFO - Breadcrumb-list not found
30-Dec-21 15:26:20 - INFO - No author found
30-Dec-21 15:26:20 - INFO - <time class="entrylist__time">
    07:26
</time>
30-Dec-21 15:26:20 - INFO - breadcrumb-List__Item not found
30-Dec-21 15:26:20 - INFO - Breadcrumb-list not found
30-Dec-21 15:26:20 - INFO - <time class="entrylist__time">
    07:24
</time>
30-Dec-21 15:26:20 - INFO - No Overline found
30-Dec-21 15:26:20 - INFO - breadcrumb-List__Item not found
30-Dec-21 15:26:20 - INFO - Breadcrumb-list not found
30-Dec-21 15:26:20 - INFO - No author found
30-Dec-21 15:26:20 - INFO - <time class="entrylist__time">
    07:21
</time>
30-Dec-21 15:26:20 - INFO - Breadcrumb-list not found
30-Dec-21 15:26:20 - INFO - No author found
30-Dec-21 15:26:20 - INFO - <time class="entrylist__time">
    07:19
</time>
30-Dec-21 15:26:20 - INFO - Breadcrumb-list not found
30-Dec-21 15:26:20 - INFO - No author found
30-Dec-21 15:26:20 - INFO - <time class="entrylist__time">
    07:18
</time>
30-Dec-21 15:26:20 - INFO - Breadcrumb-list not found
30-Dec-21 15:26:20 - INFO - No author found
30-Dec-21 15:26:20 - INFO - <time class="entrylist__time">
    07:16
</time>
30-Dec-21 15:26:20 - INFO - Breadcrumb-list not found
30-Dec-21 15:26:20 - INFO - No author found
30-Dec-21 15:26:20 - INFO - <time class="entrylist__time">
    07:13
</time>
30-Dec-21 15:26:20 - INFO - breadcrumb-List__Item not found
30-Dec-21 15:26:20 - INFO - Breadcrumb-list not found
30-Dec-21 15:26:20 - INFO - <time class="entrylist__time">
    07:00
</time>
30-Dec-21 15:26:20 - INFO - Breadcrumb-list not found
30-Dec-21 15:26:20 - INFO - No author found
30-Dec-21 15:26:20 - INFO - <time class="entrylist__time">
    07:00
</time>
30-Dec-21 15:26:20 - INFO - Breadcrumb-list not found
30-Dec-21 15:26:20 - INFO - No author found
30-Dec-21 15:26:20 - INFO - <time class="entrylist__time">
    07:00
</time>
30-Dec-21 15:26:20 - INFO - Breadcrumb-list not found
30-Dec-21 15:26:20 - INFO - No author found
30-Dec-21 15:26:20 - INFO - <time class="entrylist__time">
    06:59
</time>
30-Dec-21 15:26:20 - INFO - No Overline found
30-Dec-21 15:26:20 - INFO - breadcrumb-List__Item not found
30-Dec-21 15:26:20 - INFO - Breadcrumb-list not found
30-Dec-21 15:26:20 - INFO - No author found
30-Dec-21 15:26:20 - INFO - <time class="entrylist__time">
    06:59
</time>
30-Dec-21 15:26:20 - INFO - breadcrumb-List__Item not found
30-Dec-21 15:26:20 - INFO - Breadcrumb-list not found
30-Dec-21 15:26:20 - INFO - <time class="entrylist__time">
    06:56
</time>
30-Dec-21 15:26:20 - INFO - Breadcrumb-list not found
30-Dec-21 15:26:20 - INFO - No author found
30-Dec-21 15:26:20 - INFO - <time class="entrylist__time">
    06:55
</time>
30-Dec-21 15:26:20 - INFO - Breadcrumb-list not found
30-Dec-21 15:26:20 - INFO - No author found
30-Dec-21 15:26:20 - INFO - <time class="entrylist__time">
    06:54
</time>
30-Dec-21 15:26:20 - INFO - Breadcrumb-list not found
30-Dec-21 15:26:20 - INFO - No author found
30-Dec-21 15:26:20 - INFO - <time class="entrylist__time">
    06:54
</time>
30-Dec-21 15:26:20 - INFO - Breadcrumb-list not found
30-Dec-21 15:26:20 - INFO - No author found
30-Dec-21 15:26:20 - INFO - <time class="entrylist__time">
    06:53
</time>
30-Dec-21 15:26:20 - INFO - breadcrumb-List__Item not found
30-Dec-21 15:26:20 - INFO - Breadcrumb-list not found
30-Dec-21 15:26:20 - INFO - <time class="entrylist__time">
    06:50
</time>
30-Dec-21 15:26:20 - INFO - Breadcrumb-list not found
30-Dec-21 15:26:20 - INFO - No author found
30-Dec-21 15:26:20 - INFO - <time class="entrylist__time">
    06:49
</time>
30-Dec-21 15:26:20 - INFO - Breadcrumb-list not found
30-Dec-21 15:26:20 - INFO - No author found
30-Dec-21 15:26:20 - INFO - <time class="entrylist__time">
    06:49
</time>
30-Dec-21 15:26:20 - INFO - Breadcrumb-list not found
30-Dec-21 15:26:20 - INFO - No author found
30-Dec-21 15:26:20 - INFO - <time class="entrylist__time">
    06:48
</time>
30-Dec-21 15:26:20 - INFO - breadcrumb-List__Item not found
30-Dec-21 15:26:20 - INFO - Breadcrumb-list not found
30-Dec-21 15:26:20 - INFO - <time class="entrylist__time">
    06:47
</time>
30-Dec-21 15:26:20 - INFO - Breadcrumb-list not found
30-Dec-21 15:26:20 - INFO - No author found
30-Dec-21 15:26:20 - INFO - <time class="entrylist__time">
    06:47
</time>
30-Dec-21 15:26:20 - INFO - Breadcrumb-list not found
30-Dec-21 15:26:20 - INFO - No author found
30-Dec-21 15:26:20 - INFO - <time class="entrylist__time">
    06:46
</time>
30-Dec-21 15:26:20 - INFO - Breadcrumb-list not found
30-Dec-21 15:26:20 - INFO - No author found
30-Dec-21 15:26:20 - INFO - <time class="entrylist__time">
    06:45
</time>
30-Dec-21 15:26:20 - INFO - Breadcrumb-list not found
30-Dec-21 15:26:20 - INFO - No author found
30-Dec-21 15:26:20 - INFO - <time class="entrylist__time">
    06:45
</time>
30-Dec-21 15:26:20 - INFO - Breadcrumb-list not found
30-Dec-21 15:26:20 - INFO - No author found
30-Dec-21 15:26:20 - INFO - <time class="entrylist__time">
    06:43
</time>
30-Dec-21 15:26:20 - INFO - Breadcrumb-list not found
30-Dec-21 15:26:20 - INFO - No author found
30-Dec-21 15:26:20 - INFO - <time class="entrylist__time">
    06:43
</time>
30-Dec-21 15:26:20 - INFO - No Overline found
30-Dec-21 15:26:20 - INFO - breadcrumb-List__Item not found
30-Dec-21 15:26:20 - INFO - Breadcrumb-list not found
30-Dec-21 15:26:20 - INFO - No author found
30-Dec-21 15:26:20 - INFO - <time class="entrylist__time">
    06:41
</time>
30-Dec-21 15:26:20 - INFO - Breadcrumb-list not found
30-Dec-21 15:26:20 - INFO - No author found
30-Dec-21 15:26:20 - INFO - Scraping: Sueddeutsche15_28122021_14_19_51.html
30-Dec-21 15:26:20 - INFO - Starting to Scrape Sueddeutsche file Sueddeutsche15_28122021_14_19_51.html
30-Dec-21 15:26:20 - INFO - <time class="entrylist__time">
    27.12.2021 | 12:11
</time>
30-Dec-21 15:26:20 - INFO - Breadcrumb-list not found
30-Dec-21 15:26:20 - INFO - No author found
30-Dec-21 15:26:20 - INFO - <time class="entrylist__time">
    27.12.2021 | 12:11
</time>
30-Dec-21 15:26:20 - INFO - breadcrumb-List__Item not found
30-Dec-21 15:26:20 - INFO - Breadcrumb-list not found
30-Dec-21 15:26:20 - INFO - <time class="entrylist__time">
    27.12.2021 | 12:10
</time>
30-Dec-21 15:26:20 - INFO - Breadcrumb-list not found
30-Dec-21 15:26:20 - INFO - No author found
30-Dec-21 15:26:20 - INFO - <time class="entrylist__time">
    27.12.2021 | 12:09
</time>
30-Dec-21 15:26:20 - INFO - Breadcrumb-list not found
30-Dec-21 15:26:20 - INFO - No author found
30-Dec-21 15:26:20 - INFO - <time class="entrylist__time">
    27.12.2021 | 12:09
</time>
30-Dec-21 15:26:20 - INFO - Breadcrumb-list not found
30-Dec-21 15:26:20 - INFO - No author found
30-Dec-21 15:26:20 - INFO - <time class="entrylist__time">
    27.12.2021 | 12:09
</time>
30-Dec-21 15:26:20 - INFO - Breadcrumb-list not found
30-Dec-21 15:26:20 - INFO - No author found
30-Dec-21 15:26:20 - INFO - <time class="entrylist__time">
    27.12.2021 | 12:05
</time>
30-Dec-21 15:26:20 - INFO - Breadcrumb-list not found
30-Dec-21 15:26:20 - INFO - No author found
30-Dec-21 15:26:20 - INFO - <time class="entrylist__time">
    27.12.2021 | 12:04
</time>
30-Dec-21 15:26:20 - INFO - Breadcrumb-list not found
30-Dec-21 15:26:20 - INFO - No author found
30-Dec-21 15:26:20 - INFO - <time class="entrylist__time">
    27.12.2021 | 12:03
</time>
30-Dec-21 15:26:20 - INFO - breadcrumb-List__Item not found
30-Dec-21 15:26:20 - INFO - Breadcrumb-list not found
30-Dec-21 15:26:20 - INFO - <time class="entrylist__time">
    27.12.2021 | 12:02
</time>
30-Dec-21 15:26:20 - INFO - Breadcrumb-list not found
30-Dec-21 15:26:20 - INFO - No author found
30-Dec-21 15:26:20 - INFO - <time class="entrylist__time">
    27.12.2021 | 12:02
</time>
30-Dec-21 15:26:20 - INFO - Breadcrumb-list not found
30-Dec-21 15:26:20 - INFO - No author found
30-Dec-21 15:26:20 - INFO - <time class="entrylist__time">
    27.12.2021 | 12:01
</time>
30-Dec-21 15:26:20 - INFO - Breadcrumb-list not found
30-Dec-21 15:26:20 - INFO - No author found
30-Dec-21 15:26:20 - INFO - <time class="entrylist__time">
    27.12.2021 | 12:00
</time>
30-Dec-21 15:26:20 - INFO - Breadcrumb-list not found
30-Dec-21 15:26:20 - INFO - No author found
30-Dec-21 15:26:20 - INFO - <time class="entrylist__time">
    27.12.2021 | 12:00
</time>
30-Dec-21 15:26:20 - INFO - Breadcrumb-list not found
30-Dec-21 15:26:20 - INFO - No author found
30-Dec-21 15:26:20 - INFO - <time class="entrylist__time">
    27.12.2021 | 11:57
</time>
30-Dec-21 15:26:20 - INFO - Breadcrumb-list not found
30-Dec-21 15:26:20 - INFO - No author found
30-Dec-21 15:26:20 - INFO - <time class="entrylist__time">
    27.12.2021 | 11:57
</time>
30-Dec-21 15:26:20 - INFO - Breadcrumb-list not found
30-Dec-21 15:26:20 - INFO - No author found
30-Dec-21 15:26:20 - INFO - <time class="entrylist__time">
    27.12.2021 | 11:57
</time>
30-Dec-21 15:26:20 - INFO - breadcrumb-List__Item not found
30-Dec-21 15:26:20 - INFO - Breadcrumb-list not found
30-Dec-21 15:26:20 - INFO - No author found
30-Dec-21 15:26:20 - INFO - <time class="entrylist__time">
    27.12.2021 | 11:55
</time>
30-Dec-21 15:26:20 - INFO - Breadcrumb-list not found
30-Dec-21 15:26:20 - INFO - No author found
30-Dec-21 15:26:20 - INFO - <time class="entrylist__time">
    27.12.2021 | 11:53
</time>
30-Dec-21 15:26:20 - INFO - Breadcrumb-list not found
30-Dec-21 15:26:20 - INFO - No author found
30-Dec-21 15:26:20 - INFO - <time class="entrylist__time">
    27.12.2021 | 11:52
</time>
30-Dec-21 15:26:20 - INFO - Breadcrumb-list not found
30-Dec-21 15:26:20 - INFO - No author found
30-Dec-21 15:26:20 - INFO - <time class="entrylist__time">
    27.12.2021 | 11:51
</time>
30-Dec-21 15:26:20 - INFO - Breadcrumb-list not found
30-Dec-21 15:26:20 - INFO - No author found
30-Dec-21 15:26:20 - INFO - <time class="entrylist__time">
    27.12.2021 | 11:48
</time>
30-Dec-21 15:26:20 - INFO - Breadcrumb-list not found
30-Dec-21 15:26:20 - INFO - No author found
30-Dec-21 15:26:20 - INFO - <time class="entrylist__time">
    27.12.2021 | 11:48
</time>
30-Dec-21 15:26:20 - INFO - Breadcrumb-list not found
30-Dec-21 15:26:20 - INFO - No author found
30-Dec-21 15:26:20 - INFO - <time class="entrylist__time">
    27.12.2021 | 11:47
</time>
30-Dec-21 15:26:20 - INFO - Breadcrumb-list not found
30-Dec-21 15:26:20 - INFO - No author found
30-Dec-21 15:26:20 - INFO - <time class="entrylist__time">
    27.12.2021 | 11:46
</time>
30-Dec-21 15:26:20 - INFO - Breadcrumb-list not found
30-Dec-21 15:26:20 - INFO - No author found
30-Dec-21 15:26:20 - INFO - <time class="entrylist__time">
    27.12.2021 | 11:46
</time>
30-Dec-21 15:26:20 - INFO - Breadcrumb-list not found
30-Dec-21 15:26:20 - INFO - No author found
30-Dec-21 15:26:20 - INFO - <time class="entrylist__time">
    27.12.2021 | 11:44
</time>
30-Dec-21 15:26:20 - INFO - Breadcrumb-list not found
30-Dec-21 15:26:20 - INFO - No author found
30-Dec-21 15:26:20 - INFO - <time class="entrylist__time">
    27.12.2021 | 11:43
</time>
30-Dec-21 15:26:20 - INFO - Breadcrumb-list not found
30-Dec-21 15:26:20 - INFO - No author found
30-Dec-21 15:26:20 - INFO - <time class="entrylist__time">
    27.12.2021 | 11:42
</time>
30-Dec-21 15:26:20 - INFO - Breadcrumb-list not found
30-Dec-21 15:26:20 - INFO - No author found
30-Dec-21 15:26:20 - INFO - <time class="entrylist__time">
    27.12.2021 | 11:42
</time>
30-Dec-21 15:26:20 - INFO - Breadcrumb-list not found
30-Dec-21 15:26:20 - INFO - No author found
30-Dec-21 15:26:20 - INFO - <time class="entrylist__time">
    27.12.2021 | 11:40
</time>
30-Dec-21 15:26:20 - INFO - Breadcrumb-list not found
30-Dec-21 15:26:20 - INFO - No author found
30-Dec-21 15:26:20 - INFO - <time class="entrylist__time">
    27.12.2021 | 11:39
</time>
30-Dec-21 15:26:20 - INFO - breadcrumb-List__Item not found
30-Dec-21 15:26:20 - INFO - Breadcrumb-list not found
30-Dec-21 15:26:20 - INFO - <time class="entrylist__time">
    27.12.2021 | 11:39
</time>
30-Dec-21 15:26:20 - INFO - Breadcrumb-list not found
30-Dec-21 15:26:20 - INFO - No author found
30-Dec-21 15:26:20 - INFO - <time class="entrylist__time">
    27.12.2021 | 11:38
</time>
30-Dec-21 15:26:20 - INFO - Breadcrumb-list not found
30-Dec-21 15:26:20 - INFO - No author found
30-Dec-21 15:26:20 - INFO - <time class="entrylist__time">
    27.12.2021 | 11:36
</time>
30-Dec-21 15:26:20 - INFO - Breadcrumb-list not found
30-Dec-21 15:26:20 - INFO - No author found
30-Dec-21 15:26:20 - INFO - <time class="entrylist__time">
    27.12.2021 | 11:34
</time>
30-Dec-21 15:26:20 - INFO - Breadcrumb-list not found
30-Dec-21 15:26:20 - INFO - No author found
30-Dec-21 15:26:20 - INFO - <time class="entrylist__time">
    27.12.2021 | 11:33
</time>
30-Dec-21 15:26:20 - INFO - Breadcrumb-list not found
30-Dec-21 15:26:20 - INFO - No author found
30-Dec-21 15:26:20 - INFO - <time class="entrylist__time">
    27.12.2021 | 11:32
</time>
30-Dec-21 15:26:20 - INFO - No Overline found
30-Dec-21 15:26:20 - INFO - breadcrumb-List__Item not found
30-Dec-21 15:26:20 - INFO - Breadcrumb-list not found
30-Dec-21 15:26:20 - INFO - No author found
30-Dec-21 15:26:20 - INFO - <time class="entrylist__time">
    27.12.2021 | 11:30
</time>
30-Dec-21 15:26:20 - INFO - Breadcrumb-list not found
30-Dec-21 15:26:20 - INFO - No author found
30-Dec-21 15:26:20 - INFO - <time class="entrylist__time">
    27.12.2021 | 11:29
</time>
30-Dec-21 15:26:20 - INFO - Breadcrumb-list not found
30-Dec-21 15:26:20 - INFO - No author found
30-Dec-21 15:26:20 - INFO - <time class="entrylist__time">
    27.12.2021 | 11:28
</time>
30-Dec-21 15:26:20 - INFO - Breadcrumb-list not found
30-Dec-21 15:26:20 - INFO - No author found
30-Dec-21 15:26:20 - INFO - <time class="entrylist__time">
    27.12.2021 | 11:27
</time>
30-Dec-21 15:26:20 - INFO - Breadcrumb-list not found
30-Dec-21 15:26:20 - INFO - No author found
30-Dec-21 15:26:20 - INFO - <time class="entrylist__time">
    27.12.2021 | 11:22
</time>
30-Dec-21 15:26:20 - INFO - Breadcrumb-list not found
30-Dec-21 15:26:20 - INFO - No author found
30-Dec-21 15:26:20 - INFO - <time class="entrylist__time">
    27.12.2021 | 11:22
</time>
30-Dec-21 15:26:20 - INFO - Breadcrumb-list not found
30-Dec-21 15:26:20 - INFO - No author found
30-Dec-21 15:26:20 - INFO - <time class="entrylist__time">
    27.12.2021 | 11:20
</time>
30-Dec-21 15:26:20 - INFO - Breadcrumb-list not found
30-Dec-21 15:26:20 - INFO - No author found
30-Dec-21 15:26:20 - INFO - <time class="entrylist__time">
    27.12.2021 | 11:19
</time>
30-Dec-21 15:26:20 - INFO - Breadcrumb-list not found
30-Dec-21 15:26:20 - INFO - No author found
30-Dec-21 15:26:20 - INFO - <time class="entrylist__time">
    27.12.2021 | 11:19
</time>
30-Dec-21 15:26:20 - INFO - Breadcrumb-list not found
30-Dec-21 15:26:20 - INFO - No author found
30-Dec-21 15:26:20 - INFO - <time class="entrylist__time">
    27.12.2021 | 11:18
</time>
30-Dec-21 15:26:20 - INFO - Breadcrumb-list not found
30-Dec-21 15:26:20 - INFO - No author found
30-Dec-21 15:26:20 - INFO - <time class="entrylist__time">
    27.12.2021 | 11:16
</time>
30-Dec-21 15:26:20 - INFO - Breadcrumb-list not found
30-Dec-21 15:26:20 - INFO - No author found
30-Dec-21 15:26:20 - INFO - <time class="entrylist__time">
    27.12.2021 | 11:14
</time>
30-Dec-21 15:26:20 - INFO - Breadcrumb-list not found
30-Dec-21 15:26:20 - INFO - No author found
30-Dec-21 15:26:20 - INFO - Scraping: Bild_29122021_12_03_40.html
30-Dec-21 15:26:20 - ERROR - BILD Scraper not implemented yet!
30-Dec-21 15:26:20 - INFO - Scraping: Sueddeutsche_27112021_12_00_29_Page2.html
30-Dec-21 15:26:20 - INFO - Starting to Scrape Sueddeutsche file Sueddeutsche_27112021_12_00_29_Page2.html
30-Dec-21 15:26:20 - INFO - <time class="entrylist__time">
    08:37
</time>
30-Dec-21 15:26:20 - INFO - Breadcrumb-list not found
30-Dec-21 15:26:20 - INFO - No author found
30-Dec-21 15:26:20 - INFO - <time class="entrylist__time">
    08:36
</time>
30-Dec-21 15:26:20 - INFO - Breadcrumb-list not found
30-Dec-21 15:26:20 - INFO - No author found
30-Dec-21 15:26:20 - INFO - <time class="entrylist__time">
    08:35
</time>
30-Dec-21 15:26:20 - INFO - breadcrumb-List__Item not found
30-Dec-21 15:26:20 - INFO - Breadcrumb-list not found
30-Dec-21 15:26:20 - INFO - <time class="entrylist__time">
    08:30
</time>
30-Dec-21 15:26:20 - INFO - Breadcrumb-list not found
30-Dec-21 15:26:20 - INFO - No author found
30-Dec-21 15:26:20 - INFO - <time class="entrylist__time">
    08:30
</time>
30-Dec-21 15:26:20 - INFO - Breadcrumb-list not found
30-Dec-21 15:26:20 - INFO - No author found
30-Dec-21 15:26:20 - INFO - <time class="entrylist__time">
    08:29
</time>
30-Dec-21 15:26:20 - INFO - Breadcrumb-list not found
30-Dec-21 15:26:20 - INFO - No author found
30-Dec-21 15:26:20 - INFO - <time class="entrylist__time">
    08:23
</time>
30-Dec-21 15:26:20 - INFO - Breadcrumb-list not found
30-Dec-21 15:26:20 - INFO - No author found
30-Dec-21 15:26:20 - INFO - <time class="entrylist__time">
    08:22
</time>
30-Dec-21 15:26:20 - INFO - Breadcrumb-list not found
30-Dec-21 15:26:20 - INFO - No author found
30-Dec-21 15:26:20 - INFO - <time class="entrylist__time">
    08:20
</time>
30-Dec-21 15:26:20 - INFO - Breadcrumb-list not found
30-Dec-21 15:26:20 - INFO - No author found
30-Dec-21 15:26:20 - INFO - <time class="entrylist__time">
    08:19
</time>
30-Dec-21 15:26:20 - INFO - Breadcrumb-list not found
30-Dec-21 15:26:20 - INFO - No author found
30-Dec-21 15:26:20 - INFO - <time class="entrylist__time">
    08:17
</time>
30-Dec-21 15:26:20 - INFO - Breadcrumb-list not found
30-Dec-21 15:26:20 - INFO - No author found
30-Dec-21 15:26:20 - INFO - <time class="entrylist__time">
    08:16
</time>
30-Dec-21 15:26:20 - INFO - Breadcrumb-list not found
30-Dec-21 15:26:20 - INFO - No author found
30-Dec-21 15:26:20 - INFO - <time class="entrylist__time">
    08:16
</time>
30-Dec-21 15:26:20 - INFO - Breadcrumb-list not found
30-Dec-21 15:26:20 - INFO - No author found
30-Dec-21 15:26:20 - INFO - <time class="entrylist__time">
    08:16
</time>
30-Dec-21 15:26:20 - INFO - breadcrumb-List__Item not found
30-Dec-21 15:26:20 - INFO - Breadcrumb-list not found
30-Dec-21 15:26:20 - INFO - <time class="entrylist__time">
    08:15
</time>
30-Dec-21 15:26:20 - INFO - Breadcrumb-list not found
30-Dec-21 15:26:20 - INFO - No author found
30-Dec-21 15:26:20 - INFO - <time class="entrylist__time">
    08:14
</time>
30-Dec-21 15:26:20 - INFO - Breadcrumb-list not found
30-Dec-21 15:26:20 - INFO - No author found
30-Dec-21 15:26:20 - INFO - <time class="entrylist__time">
    08:13
</time>
30-Dec-21 15:26:20 - INFO - Breadcrumb-list not found
30-Dec-21 15:26:20 - INFO - No author found
30-Dec-21 15:26:20 - INFO - <time class="entrylist__time">
    08:13
</time>
30-Dec-21 15:26:20 - INFO - Breadcrumb-list not found
30-Dec-21 15:26:20 - INFO - No author found
30-Dec-21 15:26:20 - INFO - <time class="entrylist__time">
    08:12
</time>
30-Dec-21 15:26:20 - INFO - breadcrumb-List__Item not found
30-Dec-21 15:26:20 - INFO - Breadcrumb-list not found
30-Dec-21 15:26:20 - INFO - <time class="entrylist__time">
    08:12
</time>
30-Dec-21 15:26:20 - INFO - Breadcrumb-list not found
30-Dec-21 15:26:20 - INFO - No author found
30-Dec-21 15:26:20 - INFO - <time class="entrylist__time">
    08:12
</time>
30-Dec-21 15:26:20 - INFO - Breadcrumb-list not found
30-Dec-21 15:26:20 - INFO - No author found
30-Dec-21 15:26:20 - INFO - <time class="entrylist__time">
    08:11
</time>
30-Dec-21 15:26:20 - INFO - Breadcrumb-list not found
30-Dec-21 15:26:20 - INFO - No author found
30-Dec-21 15:26:20 - INFO - <time class="entrylist__time">
    08:10
</time>
30-Dec-21 15:26:20 - INFO - Breadcrumb-list not found
30-Dec-21 15:26:20 - INFO - No author found
30-Dec-21 15:26:20 - INFO - <time class="entrylist__time">
    08:09
</time>
30-Dec-21 15:26:20 - INFO - Breadcrumb-list not found
30-Dec-21 15:26:20 - INFO - No author found
30-Dec-21 15:26:20 - INFO - <time class="entrylist__time">
    08:08
</time>
30-Dec-21 15:26:20 - INFO - Breadcrumb-list not found
30-Dec-21 15:26:20 - INFO - No author found
30-Dec-21 15:26:20 - INFO - <time class="entrylist__time">
    08:07
</time>
30-Dec-21 15:26:20 - INFO - Breadcrumb-list not found
30-Dec-21 15:26:20 - INFO - No author found
30-Dec-21 15:26:20 - INFO - <time class="entrylist__time">
    08:07
</time>
30-Dec-21 15:26:20 - INFO - Breadcrumb-list not found
30-Dec-21 15:26:20 - INFO - No author found
30-Dec-21 15:26:20 - INFO - <time class="entrylist__time">
    08:06
</time>
30-Dec-21 15:26:20 - INFO - Breadcrumb-list not found
30-Dec-21 15:26:20 - INFO - No author found
30-Dec-21 15:26:20 - INFO - <time class="entrylist__time">
    08:06
</time>
30-Dec-21 15:26:20 - INFO - Breadcrumb-list not found
30-Dec-21 15:26:20 - INFO - No author found
30-Dec-21 15:26:20 - INFO - <time class="entrylist__time">
    08:05
</time>
30-Dec-21 15:26:20 - INFO - Breadcrumb-list not found
30-Dec-21 15:26:20 - INFO - No author found
30-Dec-21 15:26:20 - INFO - <time class="entrylist__time">
    08:04
</time>
30-Dec-21 15:26:20 - INFO - Breadcrumb-list not found
30-Dec-21 15:26:20 - INFO - No author found
30-Dec-21 15:26:20 - INFO - <time class="entrylist__time">
    08:04
</time>
30-Dec-21 15:26:20 - INFO - Breadcrumb-list not found
30-Dec-21 15:26:20 - INFO - No author found
30-Dec-21 15:26:20 - INFO - <time class="entrylist__time">
    08:04
</time>
30-Dec-21 15:26:20 - INFO - breadcrumb-List__Item not found
30-Dec-21 15:26:20 - INFO - Breadcrumb-list not found
30-Dec-21 15:26:20 - INFO - <time class="entrylist__time">
    08:03
</time>
30-Dec-21 15:26:20 - INFO - Breadcrumb-list not found
30-Dec-21 15:26:20 - INFO - No author found
30-Dec-21 15:26:20 - INFO - <time class="entrylist__time">
    08:00
</time>
30-Dec-21 15:26:20 - INFO - Breadcrumb-list not found
30-Dec-21 15:26:20 - INFO - No author found
30-Dec-21 15:26:20 - INFO - <time class="entrylist__time">
    07:59
</time>
30-Dec-21 15:26:20 - INFO - Breadcrumb-list not found
30-Dec-21 15:26:20 - INFO - No author found
30-Dec-21 15:26:20 - INFO - <time class="entrylist__time">
    07:56
</time>
30-Dec-21 15:26:20 - INFO - Breadcrumb-list not found
30-Dec-21 15:26:20 - INFO - No author found
30-Dec-21 15:26:20 - INFO - <time class="entrylist__time">
    07:52
</time>
30-Dec-21 15:26:20 - INFO - Breadcrumb-list not found
30-Dec-21 15:26:20 - INFO - No author found
30-Dec-21 15:26:20 - INFO - <time class="entrylist__time">
    07:50
</time>
30-Dec-21 15:26:20 - INFO - Breadcrumb-list not found
30-Dec-21 15:26:20 - INFO - No author found
30-Dec-21 15:26:20 - INFO - <time class="entrylist__time">
    07:48
</time>
30-Dec-21 15:26:20 - INFO - Breadcrumb-list not found
30-Dec-21 15:26:20 - INFO - No author found
30-Dec-21 15:26:20 - INFO - <time class="entrylist__time">
    07:47
</time>
30-Dec-21 15:26:20 - INFO - Breadcrumb-list not found
30-Dec-21 15:26:20 - INFO - No author found
30-Dec-21 15:26:20 - INFO - <time class="entrylist__time">
    07:47
</time>
30-Dec-21 15:26:20 - INFO - breadcrumb-List__Item not found
30-Dec-21 15:26:20 - INFO - Breadcrumb-list not found
30-Dec-21 15:26:20 - INFO - <time class="entrylist__time">
    07:44
</time>
30-Dec-21 15:26:20 - INFO - Breadcrumb-list not found
30-Dec-21 15:26:20 - INFO - No author found
30-Dec-21 15:26:20 - INFO - <time class="entrylist__time">
    07:43
</time>
30-Dec-21 15:26:20 - INFO - breadcrumb-List__Item not found
30-Dec-21 15:26:20 - INFO - Breadcrumb-list not found
30-Dec-21 15:26:20 - INFO - <time class="entrylist__time">
    07:42
</time>
30-Dec-21 15:26:20 - INFO - Breadcrumb-list not found
30-Dec-21 15:26:20 - INFO - No author found
30-Dec-21 15:26:20 - INFO - <time class="entrylist__time">
    07:41
</time>
30-Dec-21 15:26:20 - INFO - Breadcrumb-list not found
30-Dec-21 15:26:20 - INFO - No author found
30-Dec-21 15:26:20 - INFO - <time class="entrylist__time">
    07:40
</time>
30-Dec-21 15:26:20 - INFO - Breadcrumb-list not found
30-Dec-21 15:26:20 - INFO - No author found
30-Dec-21 15:26:20 - INFO - <time class="entrylist__time">
    07:39
</time>
30-Dec-21 15:26:20 - INFO - Breadcrumb-list not found
30-Dec-21 15:26:20 - INFO - No author found
30-Dec-21 15:26:20 - INFO - <time class="entrylist__time">
    07:37
</time>
30-Dec-21 15:26:20 - INFO - Breadcrumb-list not found
30-Dec-21 15:26:20 - INFO - No author found
30-Dec-21 15:26:20 - INFO - <time class="entrylist__time">
    07:35
</time>
30-Dec-21 15:26:20 - INFO - Breadcrumb-list not found
30-Dec-21 15:26:20 - INFO - No author found
30-Dec-21 15:26:20 - INFO - Scraping: Sueddeutsche_09122021_16_30_47_Page2.html
30-Dec-21 15:26:20 - INFO - Starting to Scrape Sueddeutsche file Sueddeutsche_09122021_16_30_47_Page2.html
30-Dec-21 15:26:20 - INFO - <time class="entrylist__time">
    vor 39 Min.
</time>
30-Dec-21 15:26:20 - INFO - breadcrumb-List__Item not found
30-Dec-21 15:26:20 - INFO - Breadcrumb-list not found
